Copyright 1986-2018 Xilinx, Inc. All Rights Reserved.
------------------------------------------------------------------------------------------
| Tool Version : Vivado v.2018.2 (win64) Build 2258646 Thu Jun 14 20:03:12 MDT 2018
| Date         : Sat May 21 23:55:03 2022
| Host         : LAPTOP-VLHMPBL0 running 64-bit major release  (build 9200)
| Command      : report_clock_utilization -file zsys_wrapper_clock_utilization_routed.rpt
| Design       : zsys_wrapper
| Device       : 7z015-clg485
| Speed File   : -1  PRODUCTION 1.11 2014-09-11
------------------------------------------------------------------------------------------

Clock Utilization Report

Table of Contents
-----------------
1. Clock Primitive Utilization
2. Global Clock Resources
3. Global Clock Source Details
4. Local Clock Details
5. Clock Regions: Key Resource Utilization
6. Clock Regions : Global Clock Summary
7. Device Cell Placement Summary for Global Clock g0
8. Device Cell Placement Summary for Global Clock g1
9. Device Cell Placement Summary for Global Clock g2
10. Device Cell Placement Summary for Global Clock g3
11. Clock Region Cell Placement per Global Clock: Region X0Y1
12. Clock Region Cell Placement per Global Clock: Region X1Y1
13. Clock Region Cell Placement per Global Clock: Region X0Y2
14. Clock Region Cell Placement per Global Clock: Region X1Y2

1. Clock Primitive Utilization
------------------------------

+----------+------+-----------+-----+--------------+--------+
| Type     | Used | Available | LOC | Clock Region | Pblock |
+----------+------+-----------+-----+--------------+--------+
| BUFGCTRL |    3 |        32 |   0 |            0 |      0 |
| BUFH     |    0 |        72 |   0 |            0 |      0 |
| BUFIO    |    1 |        12 |   1 |            0 |      0 |
| BUFMR    |    0 |         6 |   0 |            0 |      0 |
| BUFR     |    1 |        12 |   0 |            0 |      0 |
| MMCM     |    0 |         3 |   0 |            0 |      0 |
| PLL      |    0 |         3 |   0 |            0 |      0 |
+----------+------+-----------+-----+--------------+--------+


2. Global Clock Resources
-------------------------

+-----------+-----------+-----------------+------------+----------------+--------------+-------------------+-------------+-----------------+--------------+------------+------------------------------------------------------------------------------------------------+-----------------------------------------------------------------------------------------------+
| Global Id | Source Id | Driver Type/Pin | Constraint | Site           | Clock Region | Load Clock Region | Clock Loads | Non-Clock Loads | Clock Period | Clock      | Driver Pin                                                                                     | Net                                                                                           |
+-----------+-----------+-----------------+------------+----------------+--------------+-------------------+-------------+-----------------+--------------+------------+------------------------------------------------------------------------------------------------+-----------------------------------------------------------------------------------------------+
| g0        | src0      | BUFG/O          | None       | BUFGCTRL_X0Y16 | n/a          |                 4 |        2158 |               0 |       10.000 | clk_fpga_0 | zsys_i/processing_system7_0/inst/buffer_fclk_clk_0.FCLK_CLK_0_BUFG/O                           | zsys_i/processing_system7_0/inst/FCLK_CLK0                                                    |
| g1        | src0      | BUFG/O          | None       | BUFGCTRL_X0Y17 | n/a          |                 4 |         480 |               0 |       20.000 | clk_fpga_1 | zsys_i/processing_system7_0/inst/buffer_fclk_clk_1.FCLK_CLK_1_BUFG/O                           | zsys_i/processing_system7_0/inst/FCLK_CLK1                                                    |
| g2        | src1      | BUFG/O          | None       | BUFGCTRL_X0Y18 | n/a          |                 1 |         155 |               0 |       39.996 | data_clk   | zsys_i/data_clk_bufg/U0/USE_BUFG.GEN_BUFG[0].BUFG_U/O                                          | zsys_i/data_clk_bufg/U0/BUFG_O[0]                                                             |
| g3        | src2      | BUFR/O          | None       | BUFR_X1Y9      | X1Y2         |                 2 |          34 |               1 |       39.996 | data_clk   | zsys_i/ADC/AXI_ADC_v1_0_0/U0/AXI_ADC_v1_0_S00_AXI_ctrl_inst/Inst_ADC_readout_12bit/bufr_ad_n/O | zsys_i/ADC/AXI_ADC_v1_0_0/U0/AXI_ADC_v1_0_S00_AXI_ctrl_inst/Inst_ADC_readout_12bit/o_data_clk |
+-----------+-----------+-----------------+------------+----------------+--------------+-------------------+-------------+-----------------+--------------+------------+------------------------------------------------------------------------------------------------+-----------------------------------------------------------------------------------------------+
* Clock Loads column represents the clock pin loads (pin count)
** Non-Clock Loads column represents the non-clock pin loads (pin count)


3. Global Clock Source Details
------------------------------

+-----------+-----------+-----------------+------------+----------------+--------------+-------------+-----------------+---------------------+--------------+------------------------------------------------------------------------------------------------+-----------------------------------------------------------------------------------------------+
| Source Id | Global Id | Driver Type/Pin | Constraint | Site           | Clock Region | Clock Loads | Non-Clock Loads | Source Clock Period | Source Clock | Driver Pin                                                                                     | Net                                                                                           |
+-----------+-----------+-----------------+------------+----------------+--------------+-------------+-----------------+---------------------+--------------+------------------------------------------------------------------------------------------------+-----------------------------------------------------------------------------------------------+
| src0      | g0        | PS7/FCLKCLK[0]  | PS7_X0Y0   | PS7_X0Y0       | X0Y2         |           1 |               0 |              10.000 | clk_fpga_0   | zsys_i/processing_system7_0/inst/PS7_i/FCLKCLK[0]                                              | zsys_i/processing_system7_0/inst/FCLK_CLK_unbuffered[0]                                       |
| src0      | g1        | PS7/FCLKCLK[1]  | PS7_X0Y0   | PS7_X0Y0       | X0Y2         |           1 |               0 |              20.000 | clk_fpga_1   | zsys_i/processing_system7_0/inst/PS7_i/FCLKCLK[1]                                              | zsys_i/processing_system7_0/inst/FCLK_CLK_unbuffered[1]                                       |
| src1      | g2        | BUFR/O          | None       | BUFR_X1Y9      | X1Y2         |          35 |               0 |              39.996 | data_clk     | zsys_i/ADC/AXI_ADC_v1_0_0/U0/AXI_ADC_v1_0_S00_AXI_ctrl_inst/Inst_ADC_readout_12bit/bufr_ad_n/O | zsys_i/ADC/AXI_ADC_v1_0_0/U0/AXI_ADC_v1_0_S00_AXI_ctrl_inst/Inst_ADC_readout_12bit/o_data_clk |
| src2      | g3        | FDRE/Q          | None       | SLICE_X105Y124 | X1Y2         |           1 |               0 |                     |              | zsys_i/ADC/AXI_ADC_v1_0_0/U0/AXI_ADC_v1_0_S00_AXI_ctrl_inst/Inst_ADC_readout_12bit/adclk_reg/Q | zsys_i/ADC/AXI_ADC_v1_0_0/U0/AXI_ADC_v1_0_S00_AXI_ctrl_inst/Inst_ADC_readout_12bit/I          |
+-----------+-----------+-----------------+------------+----------------+--------------+-------------+-----------------+---------------------+--------------+------------------------------------------------------------------------------------------------+-----------------------------------------------------------------------------------------------+
* Clock Loads column represents the clock pin loads (pin count)
** Non-Clock Loads column represents the non-clock pin loads (pin count)


4. Local Clock Details
----------------------

+----------+-----------------+------------+-------------------+--------------+-------------+-----------------+--------------+-------+-----------------------------------------------------------------------------------------------+-----------------------------------------------------------------------------------------------+
| Local Id | Driver Type/Pin | Constraint | Site/BEL          | Clock Region | Clock Loads | Non-Clock Loads | Clock Period | Clock | Driver Pin                                                                                    | Net                                                                                           |
+----------+-----------------+------------+-------------------+--------------+-------------+-----------------+--------------+-------+-----------------------------------------------------------------------------------------------+-----------------------------------------------------------------------------------------------||
| 0        | FDCE/Q          | None       | SLICE_X57Y97/AFF  | X0Y1         |           1 |               2 |              |       | zsys_i/DRS4_firmware_1/U0/DRS4_firmware_v2_0_S00_AXI_inst/DRS4_firmware_comp/dwrite_set_reg/Q | zsys_i/DRS4_firmware_1/U0/DRS4_firmware_v2_0_S00_AXI_inst/DRS4_firmware_comp/dwrite_o_reg_P_0 - Static -
| 1        | FDRE/Q          | None       | SLICE_X39Y102/AFF | X0Y2         |           1 |               1 |              |       | zsys_i/fit_timer_0/U0/Using_SRL16s.SRL16s[11].Divide_I/not_First.Clk_En_Out_i_reg/Q           | zsys_i/fit_timer_0/U0/Using_SRL16s.SRL16s[11].Divide_I/Interrupt                              - Static -
+----------+-----------------+------------+-------------------+--------------+-------------+-----------------+--------------+-------+-----------------------------------------------------------------------------------------------+-----------------------------------------------------------------------------------------------||
* Local Clocks in this context represents only clocks driven by non-global buffers
** Clock Loads column represents the clock pin loads (pin count)
*** Non-Clock Loads column represents the non-clock pin loads (pin count)


5. Clock Regions: Key Resource Utilization
------------------------------------------

+-------------------+--------------+--------------+--------------+--------------+--------------+--------------+--------------+--------------+--------------+--------------+--------------+--------------+--------------+--------------+--------------+
|                   | Global Clock |     BUFRs    |    BUFMRs    |    BUFIOs    |     MMCM     |      PLL     |      GT      |      PCI     |    ILOGIC    |    OLOGIC    |      FF      |     LUTM     |    RAMB18    |    RAMB36    |    DSP48E2   |
+-------------------+------+-------+------+-------+------+-------+------+-------+------+-------+------+-------+------+-------+------+-------+------+-------+------+-------+------+-------+------+-------+------+-------+------+-------+------+-------+
| Clock Region Name | Used | Avail | Used | Avail | Used | Avail | Used | Avail | Used | Avail | Used | Avail | Used | Avail | Used | Avail | Used | Avail | Used | Avail | Used | Avail | Used | Avail | Used | Avail | Used | Avail | Used | Avail |
+-------------------+------+-------+------+-------+------+-------+------+-------+------+-------+------+-------+------+-------+------+-------+------+-------+------+-------+------+-------+------+-------+------+-------+------+-------+------+-------+
| X0Y0              |    0 |    12 |    0 |     4 |    0 |     2 |    0 |     4 |    0 |     1 |    0 |     1 |    0 |     0 |    0 |     0 |    0 |    50 |    0 |    50 |    0 |  3000 |    0 |   900 |    0 |    40 |    0 |    20 |    0 |    40 |
| X1Y0              |    0 |    12 |    0 |     0 |    0 |     0 |    0 |     0 |    0 |     0 |    0 |     0 |    0 |     4 |    0 |     1 |    0 |     0 |    0 |     0 |    0 |  1750 |    0 |   600 |    0 |    30 |    0 |    15 |    0 |    40 |
| X0Y1              |    2 |    12 |    0 |     0 |    0 |     0 |    0 |     0 |    0 |     0 |    0 |     0 |    0 |     0 |    0 |     0 |    0 |     0 |    0 |     0 | 1289 |  1100 |  400 |   300 |    0 |     0 |    0 |     0 |    0 |     0 |
| X1Y1              |    2 |    12 |    0 |     4 |    0 |     2 |    0 |     4 |    0 |     1 |    0 |     1 |    0 |     0 |    0 |     0 |    0 |    50 |    0 |    50 |  759 |  2300 |  230 |   750 |    0 |    60 |    0 |    30 |    0 |    40 |
| X0Y2              |    2 |    12 |    0 |     0 |    0 |     0 |    0 |     0 |    0 |     0 |    0 |     0 |    0 |     0 |    0 |     0 |    0 |     0 |    0 |     0 |  100 |  1100 |   41 |   300 |    0 |     0 |    0 |     0 |    0 |     0 |
| X1Y2              |    5 |    12 |    1 |     4 |    0 |     2 |    1 |     4 |    0 |     1 |    0 |     1 |    0 |     0 |    0 |     0 |   18 |    50 |    0 |    50 |  558 |  2300 |  242 |   750 |    0 |    60 |   11 |    30 |    0 |    40 |
+-------------------+------+-------+------+-------+------+-------+------+-------+------+-------+------+-------+------+-------+------+-------+------+-------+------+-------+------+-------+------+-------+------+-------+------+-------+------+-------+
* Global Clock column represents track count; while other columns represents cell counts


6. Clock Regions : Global Clock Summary
---------------------------------------

All Modules
+----+----+----+
|    | X0 | X1 |
+----+----+----+
| Y2 |  2 |  5 |
| Y1 |  2 |  2 |
| Y0 |  0 |  0 |
+----+----+----+


7. Device Cell Placement Summary for Global Clock g0
----------------------------------------------------

+-----------+-----------------+-------------------+------------+-------------+---------------+-------------+----------+----------------+----------+--------------------------------------------+
| Global Id | Driver Type/Pin | Driver Region (D) | Clock      | Period (ns) | Waveform (ns) | Slice Loads | IO Loads | Clocking Loads | GT Loads | Net                                        |
+-----------+-----------------+-------------------+------------+-------------+---------------+-------------+----------+----------------+----------+--------------------------------------------+
| g0        | BUFG/O          | n/a               | clk_fpga_0 |      10.000 | {0.000 5.000} |        2157 |        0 |              0 |        0 | zsys_i/processing_system7_0/inst/FCLK_CLK0 |
+-----------+-----------------+-------------------+------------+-------------+---------------+-------------+----------+----------------+----------+--------------------------------------------+
* Logic Loads column represents load cell count of all cell types other than IO, GT and clock resources
** IO Loads column represents load cell count of IO types
*** Clocking Loads column represents load cell count that are clock resources (global clock buffer, MMCM, PLL, etc)
**** GT Loads column represents load cell count of GT types


+----+-------+------+
|    | X0    | X1   |
+----+-------+------+
| Y2 |   127 |  387 |
| Y1 |  1191 |  452 |
| Y0 |     0 |    0 |
+----+-------+------+


8. Device Cell Placement Summary for Global Clock g1
----------------------------------------------------

+-----------+-----------------+-------------------+------------+-------------+----------------+-------------+----------+----------------+----------+--------------------------------------------+
| Global Id | Driver Type/Pin | Driver Region (D) | Clock      | Period (ns) | Waveform (ns)  | Slice Loads | IO Loads | Clocking Loads | GT Loads | Net                                        |
+-----------+-----------------+-------------------+------------+-------------+----------------+-------------+----------+----------------+----------+--------------------------------------------+
| g1        | BUFG/O          | n/a               | clk_fpga_1 |      20.000 | {0.000 10.000} |         480 |        0 |              0 |        0 | zsys_i/processing_system7_0/inst/FCLK_CLK1 |
+-----------+-----------------+-------------------+------------+-------------+----------------+-------------+----------+----------------+----------+--------------------------------------------+
* Logic Loads column represents load cell count of all cell types other than IO, GT and clock resources
** IO Loads column represents load cell count of IO types
*** Clocking Loads column represents load cell count that are clock resources (global clock buffer, MMCM, PLL, etc)
**** GT Loads column represents load cell count of GT types


+----+------+------+
|    | X0   | X1   |
+----+------+------+
| Y2 |    1 |   25 |
| Y1 |  146 |  308 |
| Y0 |    0 |    0 |
+----+------+------+


9. Device Cell Placement Summary for Global Clock g2
----------------------------------------------------

+-----------+-----------------+-------------------+----------+-------------+----------------+-------------+----------+----------------+----------+-----------------------------------+
| Global Id | Driver Type/Pin | Driver Region (D) | Clock    | Period (ns) | Waveform (ns)  | Slice Loads | IO Loads | Clocking Loads | GT Loads | Net                               |
+-----------+-----------------+-------------------+----------+-------------+----------------+-------------+----------+----------------+----------+-----------------------------------+
| g2        | BUFG/O          | n/a               | data_clk |      39.996 | {3.333 23.331} |         155 |        0 |              0 |        0 | zsys_i/data_clk_bufg/U0/BUFG_O[0] |
+-----------+-----------------+-------------------+----------+-------------+----------------+-------------+----------+----------------+----------+-----------------------------------+
* Logic Loads column represents load cell count of all cell types other than IO, GT and clock resources
** IO Loads column represents load cell count of IO types
*** Clocking Loads column represents load cell count that are clock resources (global clock buffer, MMCM, PLL, etc)
**** GT Loads column represents load cell count of GT types


+----+----+------+
|    | X0 | X1   |
+----+----+------+
| Y2 |  0 |  155 |
| Y1 |  0 |    0 |
| Y0 |  0 |    0 |
+----+----+------+


10. Device Cell Placement Summary for Global Clock g3
-----------------------------------------------------

+-----------+-----------------+-------------------+----------+-------------+----------------+-------------+----------+----------------+----------+-----------------------------------------------------------------------------------------------+
| Global Id | Driver Type/Pin | Driver Region (D) | Clock    | Period (ns) | Waveform (ns)  | Slice Loads | IO Loads | Clocking Loads | GT Loads | Net                                                                                           |
+-----------+-----------------+-------------------+----------+-------------+----------------+-------------+----------+----------------+----------+-----------------------------------------------------------------------------------------------+
| g3        | BUFR/O          | X1Y2              | data_clk |      39.996 | {3.333 23.331} |          16 |       18 |              1 |        0 | zsys_i/ADC/AXI_ADC_v1_0_0/U0/AXI_ADC_v1_0_S00_AXI_ctrl_inst/Inst_ADC_readout_12bit/o_data_clk |
+-----------+-----------------+-------------------+----------+-------------+----------------+-------------+----------+----------------+----------+-----------------------------------------------------------------------------------------------+
* Logic Loads column represents load cell count of all cell types other than IO, GT and clock resources
** IO Loads column represents load cell count of IO types
*** Clocking Loads column represents load cell count that are clock resources (global clock buffer, MMCM, PLL, etc)
**** GT Loads column represents load cell count of GT types


+----+----+---------+
|    | X0 | X1      |
+----+----+---------+
| Y2 |  0 |  (D) 34 |
| Y1 |  0 |       0 |
| Y0 |  0 |       0 |
+----+----+---------+


11. Clock Region Cell Placement per Global Clock: Region X0Y1
-------------------------------------------------------------

+-----------+-------+-----------------+------------+-------------+-----------------+------+--------+------+-----+----+------+-----+---------+--------------------------------------------+
| Global Id | Track | Driver Type/Pin | Constraint | Clock Loads | Non-Clock Loads | FF   | LUTRAM | RAMB | DSP | GT | MMCM | PLL | Hard IP | Net                                        |
+-----------+-------+-----------------+------------+-------------+-----------------+------+--------+------+-----+----+------+-----+---------+--------------------------------------------+
| g0        | n/a   | BUFG/O          | None       |        1191 |               0 | 1141 |     50 |    0 |   0 |  0 |    0 |   0 |       0 | zsys_i/processing_system7_0/inst/FCLK_CLK0 |
| g1        | n/a   | BUFG/O          | None       |         146 |               0 |  146 |      0 |    0 |   0 |  0 |    0 |   0 |       0 | zsys_i/processing_system7_0/inst/FCLK_CLK1 |
+-----------+-------+-----------------+------------+-------------+-----------------+------+--------+------+-----+----+------+-----+---------+--------------------------------------------+
* Clock Loads column represents the clock pin loads (pin count)
** Non-Clock Loads column represents the non-clock pin loads (pin count)
*** Columns FF, LUTRAM, RAMB through 'Hard IP' represents load cell counts


12. Clock Region Cell Placement per Global Clock: Region X1Y1
-------------------------------------------------------------

+-----------+-------+-----------------+------------+-------------+-----------------+-----+--------+------+-----+----+------+-----+---------+--------------------------------------------+
| Global Id | Track | Driver Type/Pin | Constraint | Clock Loads | Non-Clock Loads | FF  | LUTRAM | RAMB | DSP | GT | MMCM | PLL | Hard IP | Net                                        |
+-----------+-------+-----------------+------------+-------------+-----------------+-----+--------+------+-----+----+------+-----+---------+--------------------------------------------+
| g0        | n/a   | BUFG/O          | None       |         452 |               0 | 452 |      0 |    0 |   0 |  0 |    0 |   0 |       0 | zsys_i/processing_system7_0/inst/FCLK_CLK0 |
| g1        | n/a   | BUFG/O          | None       |         308 |               0 | 307 |      1 |    0 |   0 |  0 |    0 |   0 |       0 | zsys_i/processing_system7_0/inst/FCLK_CLK1 |
+-----------+-------+-----------------+------------+-------------+-----------------+-----+--------+------+-----+----+------+-----+---------+--------------------------------------------+
* Clock Loads column represents the clock pin loads (pin count)
** Non-Clock Loads column represents the non-clock pin loads (pin count)
*** Columns FF, LUTRAM, RAMB through 'Hard IP' represents load cell counts


13. Clock Region Cell Placement per Global Clock: Region X0Y2
-------------------------------------------------------------

+-----------+-------+-----------------+------------+-------------+-----------------+----+--------+------+-----+----+------+-----+---------+--------------------------------------------+
| Global Id | Track | Driver Type/Pin | Constraint | Clock Loads | Non-Clock Loads | FF | LUTRAM | RAMB | DSP | GT | MMCM | PLL | Hard IP | Net                                        |
+-----------+-------+-----------------+------------+-------------+-----------------+----+--------+------+-----+----+------+-----+---------+--------------------------------------------+
| g0        | n/a   | BUFG/O          | None       |         127 |               0 | 99 |     27 |    0 |   0 |  0 |    0 |   0 |       0 | zsys_i/processing_system7_0/inst/FCLK_CLK0 |
| g1        | n/a   | BUFG/O          | None       |           1 |               0 |  1 |      0 |    0 |   0 |  0 |    0 |   0 |       0 | zsys_i/processing_system7_0/inst/FCLK_CLK1 |
+-----------+-------+-----------------+------------+-------------+-----------------+----+--------+------+-----+----+------+-----+---------+--------------------------------------------+
* Clock Loads column represents the clock pin loads (pin count)
** Non-Clock Loads column represents the non-clock pin loads (pin count)
*** Columns FF, LUTRAM, RAMB through 'Hard IP' represents load cell counts


14. Clock Region Cell Placement per Global Clock: Region X1Y2
-------------------------------------------------------------

+-----------+-------+-----------------+------------+-------------+-----------------+-----+--------+------+-----+----+------+-----+---------+-----------------------------------------------------------------------------------------------+
| Global Id | Track | Driver Type/Pin | Constraint | Clock Loads | Non-Clock Loads | FF  | LUTRAM | RAMB | DSP | GT | MMCM | PLL | Hard IP | Net                                                                                           |
+-----------+-------+-----------------+------------+-------------+-----------------+-----+--------+------+-----+----+------+-----+---------+-----------------------------------------------------------------------------------------------+
| g0        | n/a   | BUFG/O          | None       |         387 |               0 | 373 |      2 |   11 |   0 |  0 |    0 |   0 |       0 | zsys_i/processing_system7_0/inst/FCLK_CLK0                                                    |
| g1        | n/a   | BUFG/O          | None       |          25 |               0 |  25 |      0 |    0 |   0 |  0 |    0 |   0 |       0 | zsys_i/processing_system7_0/inst/FCLK_CLK1                                                    |
| g2        | n/a   | BUFG/O          | None       |         155 |               0 | 144 |      0 |   11 |   0 |  0 |    0 |   0 |       0 | zsys_i/data_clk_bufg/U0/BUFG_O[0]                                                             |
| g3        | n/a   | BUFR/O          | None       |          34 |               0 |  16 |      0 |    0 |   0 |  0 |    0 |   0 |       0 | zsys_i/ADC/AXI_ADC_v1_0_0/U0/AXI_ADC_v1_0_S00_AXI_ctrl_inst/Inst_ADC_readout_12bit/o_data_clk |
+-----------+-------+-----------------+------------+-------------+-----------------+-----+--------+------+-----+----+------+-----+---------+-----------------------------------------------------------------------------------------------+
* Clock Loads column represents the clock pin loads (pin count)
** Non-Clock Loads column represents the non-clock pin loads (pin count)
*** Columns FF, LUTRAM, RAMB through 'Hard IP' represents load cell counts



# Location of BUFG Primitives 
set_property LOC BUFGCTRL_X0Y17 [get_cells zsys_i/processing_system7_0/inst/buffer_fclk_clk_1.FCLK_CLK_1_BUFG]
set_property LOC BUFGCTRL_X0Y16 [get_cells zsys_i/processing_system7_0/inst/buffer_fclk_clk_0.FCLK_CLK_0_BUFG]
set_property LOC BUFGCTRL_X0Y18 [get_cells zsys_i/data_clk_bufg/U0/USE_BUFG.GEN_BUFG[0].BUFG_U]

# Location of BUFIO Primitives 
set_property LOC BUFIO_X1Y10 [get_cells zsys_i/ADC/AXI_ADC_v1_0_0/U0/AXI_ADC_v1_0_S00_AXI_ctrl_inst/Inst_ADC_readout_12bit/bufio_lclk_sys]

# Location of BUFR Primitives 
set_property LOC BUFR_X1Y9 [get_cells zsys_i/ADC/AXI_ADC_v1_0_0/U0/AXI_ADC_v1_0_S00_AXI_ctrl_inst/Inst_ADC_readout_12bit/bufr_ad_n]

# Location of IO Primitives which is load of clock spine

# Location of clock ports
set_property LOC IOB_X1Y125 [get_ports B0_LCLK_N]
set_property LOC IOB_X1Y126 [get_ports B0_LCLK_P]

# Clock net "zsys_i/processing_system7_0/inst/FCLK_CLK1" driven by instance "zsys_i/processing_system7_0/inst/buffer_fclk_clk_1.FCLK_CLK_1_BUFG" located at site "BUFGCTRL_X0Y17"
#startgroup
create_pblock {CLKAG_zsys_i/processing_system7_0/inst/FCLK_CLK1}
add_cells_to_pblock [get_pblocks  {CLKAG_zsys_i/processing_system7_0/inst/FCLK_CLK1}] [get_cells -filter { PRIMITIVE_GROUP != I/O && IS_PRIMITIVE==1 && PRIMITIVE_LEVEL !=INTERNAL } -of_object [get_pins -filter {DIRECTION==IN} -of_objects [get_nets -hierarchical -filter {PARENT=="zsys_i/processing_system7_0/inst/FCLK_CLK1"}]]]
resize_pblock [get_pblocks {CLKAG_zsys_i/processing_system7_0/inst/FCLK_CLK1}] -add {CLOCKREGION_X0Y1:CLOCKREGION_X0Y1 CLOCKREGION_X0Y2:CLOCKREGION_X0Y2 CLOCKREGION_X1Y1:CLOCKREGION_X1Y1 CLOCKREGION_X1Y2:CLOCKREGION_X1Y2}
#endgroup

# Clock net "zsys_i/processing_system7_0/inst/FCLK_CLK0" driven by instance "zsys_i/processing_system7_0/inst/buffer_fclk_clk_0.FCLK_CLK_0_BUFG" located at site "BUFGCTRL_X0Y16"
#startgroup
create_pblock {CLKAG_zsys_i/processing_system7_0/inst/FCLK_CLK0}
add_cells_to_pblock [get_pblocks  {CLKAG_zsys_i/processing_system7_0/inst/FCLK_CLK0}] [get_cells -filter { PRIMITIVE_GROUP != I/O && IS_PRIMITIVE==1 && PRIMITIVE_LEVEL !=INTERNAL } -of_object [get_pins -filter {DIRECTION==IN} -of_objects [get_nets -hierarchical -filter {PARENT=="zsys_i/processing_system7_0/inst/FCLK_CLK0"}]]]
resize_pblock [get_pblocks {CLKAG_zsys_i/processing_system7_0/inst/FCLK_CLK0}] -add {CLOCKREGION_X0Y1:CLOCKREGION_X0Y1 CLOCKREGION_X0Y2:CLOCKREGION_X0Y2 CLOCKREGION_X1Y1:CLOCKREGION_X1Y1 CLOCKREGION_X1Y2:CLOCKREGION_X1Y2}
#endgroup

# Clock net "zsys_i/data_clk_bufg/U0/BUFG_O[0]" driven by instance "zsys_i/data_clk_bufg/U0/USE_BUFG.GEN_BUFG[0].BUFG_U" located at site "BUFGCTRL_X0Y18"
#startgroup
create_pblock {CLKAG_zsys_i/data_clk_bufg/U0/BUFG_O[0]}
add_cells_to_pblock [get_pblocks  {CLKAG_zsys_i/data_clk_bufg/U0/BUFG_O[0]}] [get_cells -filter { PRIMITIVE_GROUP != I/O && IS_PRIMITIVE==1 && PRIMITIVE_LEVEL !=INTERNAL } -of_object [get_pins -filter {DIRECTION==IN} -of_objects [get_nets -hierarchical -filter {PARENT=="zsys_i/data_clk_bufg/U0/BUFG_O[0]"}]]]
resize_pblock [get_pblocks {CLKAG_zsys_i/data_clk_bufg/U0/BUFG_O[0]}] -add {CLOCKREGION_X1Y2:CLOCKREGION_X1Y2}
#endgroup

# Clock net "zsys_i/ADC/AXI_ADC_v1_0_0/U0/AXI_ADC_v1_0_S00_AXI_ctrl_inst/Inst_ADC_readout_12bit/o_data_clk" driven by instance "zsys_i/ADC/AXI_ADC_v1_0_0/U0/AXI_ADC_v1_0_S00_AXI_ctrl_inst/Inst_ADC_readout_12bit/bufr_ad_n" located at site "BUFR_X1Y9"
#startgroup
create_pblock {CLKAG_zsys_i/ADC/AXI_ADC_v1_0_0/U0/AXI_ADC_v1_0_S00_AXI_ctrl_inst/Inst_ADC_readout_12bit/o_data_clk}
add_cells_to_pblock [get_pblocks  {CLKAG_zsys_i/ADC/AXI_ADC_v1_0_0/U0/AXI_ADC_v1_0_S00_AXI_ctrl_inst/Inst_ADC_readout_12bit/o_data_clk}] [get_cells -filter { PRIMITIVE_GROUP != I/O && IS_PRIMITIVE==1 && PRIMITIVE_LEVEL !=INTERNAL && NAME!=zsys_i/data_clk_bufg/U0/USE_BUFG.GEN_BUFG[0].BUFG_U} -of_object [get_pins -filter {DIRECTION==IN} -of_objects [get_nets -hierarchical -filter {PARENT=="zsys_i/ADC/AXI_ADC_v1_0_0/U0/AXI_ADC_v1_0_S00_AXI_ctrl_inst/Inst_ADC_readout_12bit/o_data_clk"}]]]
resize_pblock [get_pblocks {CLKAG_zsys_i/ADC/AXI_ADC_v1_0_0/U0/AXI_ADC_v1_0_S00_AXI_ctrl_inst/Inst_ADC_readout_12bit/o_data_clk}] -add {CLOCKREGION_X1Y2:CLOCKREGION_X1Y2}
#endgroup
