
*** Running vivado
    with args -log zsys_Vibufds_diff_out_0_0.vds -m64 -product Vivado -mode batch -messageDb vivado.pb -notrace -source zsys_Vibufds_diff_out_0_0.tcl


****** Vivado v2018.2 (64-bit)
  **** SW Build 2258646 on Thu Jun 14 20:03:12 MDT 2018
  **** IP Build 2256618 on Thu Jun 14 22:10:49 MDT 2018
    ** Copyright 1986-2018 Xilinx, Inc. All Rights Reserved.

source zsys_Vibufds_diff_out_0_0.tcl -notrace
Command: synth_design -top zsys_Vibufds_diff_out_0_0 -part xc7z015clg485-2 -mode out_of_context
Starting synth_design
Attempting to get a license for feature 'Synthesis' and/or device 'xc7z015'
INFO: [Common 17-349] Got license for feature 'Synthesis' and/or device 'xc7z015'
INFO: Launching helper process for spawning children vivado processes
INFO: Helper process launched with PID 13032 
---------------------------------------------------------------------------------
Starting RTL Elaboration : Time (s): cpu = 00:00:01 ; elapsed = 00:00:02 . Memory (MB): peak = 400.863 ; gain = 102.992
---------------------------------------------------------------------------------
INFO: [Synth 8-638] synthesizing module 'zsys_Vibufds_diff_out_0_0' [c:/Users/victo/Desktop/Vivados/CMB40_v1/CMB40_v1.srcs/sources_1/bd/zsys/ip/zsys_Vibufds_diff_out_0_0/synth/zsys_Vibufds_diff_out_0_0.vhd:65]
INFO: [Synth 8-3491] module 'Vibufds_diff_out' declared at 'C:/Users/victo/Desktop/Vivados/CMB40_v1/CMB40_v1.srcs/sources_1/new/Vibufds_diff_out.vhd:34' bound to instance 'U0' of component 'Vibufds_diff_out' [c:/Users/victo/Desktop/Vivados/CMB40_v1/CMB40_v1.srcs/sources_1/bd/zsys/ip/zsys_Vibufds_diff_out_0_0/synth/zsys_Vibufds_diff_out_0_0.vhd:85]
INFO: [Synth 8-638] synthesizing module 'Vibufds_diff_out' [C:/Users/victo/Desktop/Vivados/CMB40_v1/CMB40_v1.srcs/sources_1/new/Vibufds_diff_out.vhd:43]
	Parameter DIFF_TERM bound to: 1 - type: bool 
	Parameter DQS_BIAS bound to: FALSE - type: string 
	Parameter IBUF_LOW_PWR bound to: 1 - type: bool 
	Parameter IOSTANDARD bound to: LVDS_25 - type: string 
INFO: [Synth 8-113] binding component instance 'IBUFDS_DIFF_OUT_inst' to cell 'IBUFDS_DIFF_OUT' [C:/Users/victo/Desktop/Vivados/CMB40_v1/CMB40_v1.srcs/sources_1/new/Vibufds_diff_out.vhd:49]
	Parameter DIFF_TERM bound to: 1 - type: bool 
	Parameter DQS_BIAS bound to: FALSE - type: string 
	Parameter IBUF_LOW_PWR bound to: 1 - type: bool 
	Parameter IOSTANDARD bound to: LVDS_25 - type: string 
INFO: [Synth 8-113] binding component instance 'IBUFDS_DIFF_OUT_inst' to cell 'IBUFDS_DIFF_OUT' [C:/Users/victo/Desktop/Vivados/CMB40_v1/CMB40_v1.srcs/sources_1/new/Vibufds_diff_out.vhd:49]
	Parameter DIFF_TERM bound to: 1 - type: bool 
	Parameter DQS_BIAS bound to: FALSE - type: string 
	Parameter IBUF_LOW_PWR bound to: 1 - type: bool 
	Parameter IOSTANDARD bound to: LVDS_25 - type: string 
INFO: [Synth 8-113] binding component instance 'IBUFDS_DIFF_OUT_inst' to cell 'IBUFDS_DIFF_OUT' [C:/Users/victo/Desktop/Vivados/CMB40_v1/CMB40_v1.srcs/sources_1/new/Vibufds_diff_out.vhd:49]
	Parameter DIFF_TERM bound to: 1 - type: bool 
	Parameter DQS_BIAS bound to: FALSE - type: string 
	Parameter IBUF_LOW_PWR bound to: 1 - type: bool 
	Parameter IOSTANDARD bound to: LVDS_25 - type: string 
INFO: [Synth 8-113] binding component instance 'IBUFDS_DIFF_OUT_inst' to cell 'IBUFDS_DIFF_OUT' [C:/Users/victo/Desktop/Vivados/CMB40_v1/CMB40_v1.srcs/sources_1/new/Vibufds_diff_out.vhd:49]
	Parameter DIFF_TERM bound to: 1 - type: bool 
	Parameter DQS_BIAS bound to: FALSE - type: string 
	Parameter IBUF_LOW_PWR bound to: 1 - type: bool 
	Parameter IOSTANDARD bound to: LVDS_25 - type: string 
INFO: [Synth 8-113] binding component instance 'IBUFDS_DIFF_OUT_inst' to cell 'IBUFDS_DIFF_OUT' [C:/Users/victo/Desktop/Vivados/CMB40_v1/CMB40_v1.srcs/sources_1/new/Vibufds_diff_out.vhd:49]
	Parameter DIFF_TERM bound to: 1 - type: bool 
	Parameter DQS_BIAS bound to: FALSE - type: string 
	Parameter IBUF_LOW_PWR bound to: 1 - type: bool 
	Parameter IOSTANDARD bound to: LVDS_25 - type: string 
INFO: [Synth 8-113] binding component instance 'IBUFDS_DIFF_OUT_inst' to cell 'IBUFDS_DIFF_OUT' [C:/Users/victo/Desktop/Vivados/CMB40_v1/CMB40_v1.srcs/sources_1/new/Vibufds_diff_out.vhd:49]
	Parameter DIFF_TERM bound to: 1 - type: bool 
	Parameter DQS_BIAS bound to: FALSE - type: string 
	Parameter IBUF_LOW_PWR bound to: 1 - type: bool 
	Parameter IOSTANDARD bound to: LVDS_25 - type: string 
INFO: [Synth 8-113] binding component instance 'IBUFDS_DIFF_OUT_inst' to cell 'IBUFDS_DIFF_OUT' [C:/Users/victo/Desktop/Vivados/CMB40_v1/CMB40_v1.srcs/sources_1/new/Vibufds_diff_out.vhd:49]
	Parameter DIFF_TERM bound to: 1 - type: bool 
	Parameter DQS_BIAS bound to: FALSE - type: string 
	Parameter IBUF_LOW_PWR bound to: 1 - type: bool 
	Parameter IOSTANDARD bound to: LVDS_25 - type: string 
INFO: [Synth 8-113] binding component instance 'IBUFDS_DIFF_OUT_inst' to cell 'IBUFDS_DIFF_OUT' [C:/Users/victo/Desktop/Vivados/CMB40_v1/CMB40_v1.srcs/sources_1/new/Vibufds_diff_out.vhd:49]
INFO: [Synth 8-256] done synthesizing module 'Vibufds_diff_out' (1#1) [C:/Users/victo/Desktop/Vivados/CMB40_v1/CMB40_v1.srcs/sources_1/new/Vibufds_diff_out.vhd:43]
INFO: [Synth 8-256] done synthesizing module 'zsys_Vibufds_diff_out_0_0' (2#1) [c:/Users/victo/Desktop/Vivados/CMB40_v1/CMB40_v1.srcs/sources_1/bd/zsys/ip/zsys_Vibufds_diff_out_0_0/synth/zsys_Vibufds_diff_out_0_0.vhd:65]
---------------------------------------------------------------------------------
Finished RTL Elaboration : Time (s): cpu = 00:00:02 ; elapsed = 00:00:02 . Memory (MB): peak = 455.895 ; gain = 158.023
---------------------------------------------------------------------------------

Report Check Netlist: 
+------+------------------+-------+---------+-------+------------------+
|      |Item              |Errors |Warnings |Status |Description       |
+------+------------------+-------+---------+-------+------------------+
|1     |multi_driven_nets |      0|        0|Passed |Multi driven nets |
+------+------------------+-------+---------+-------+------------------+
---------------------------------------------------------------------------------
Start Handling Custom Attributes
---------------------------------------------------------------------------------
---------------------------------------------------------------------------------
Finished Handling Custom Attributes : Time (s): cpu = 00:00:02 ; elapsed = 00:00:03 . Memory (MB): peak = 455.895 ; gain = 158.023
---------------------------------------------------------------------------------
---------------------------------------------------------------------------------
Finished RTL Optimization Phase 1 : Time (s): cpu = 00:00:02 ; elapsed = 00:00:03 . Memory (MB): peak = 455.895 ; gain = 158.023
---------------------------------------------------------------------------------
INFO: [Netlist 29-17] Analyzing 8 Unisim elements for replacement
INFO: [Netlist 29-28] Unisim Transformation completed in 0 CPU seconds
INFO: [Device 21-403] Loading part xc7z015clg485-2
INFO: [Project 1-570] Preparing netlist for logic optimization

Processing XDC Constraints
Initializing timing engine
Completed Processing XDC Constraints

INFO: [Project 1-111] Unisim Transformation Summary:
  A total of 8 instances were transformed.
  IBUFDS_DIFF_OUT => IBUFDS_DIFF_OUT (IBUFDS, IBUFDS): 8 instances

WARNING: [Constraints 18-5210] No constraint will be written out.
Constraint Validation Runtime : Time (s): cpu = 00:00:00 ; elapsed = 00:00:00.042 . Memory (MB): peak = 753.211 ; gain = 1.801
---------------------------------------------------------------------------------
Finished Constraint Validation : Time (s): cpu = 00:00:09 ; elapsed = 00:00:11 . Memory (MB): peak = 753.211 ; gain = 455.340
---------------------------------------------------------------------------------
---------------------------------------------------------------------------------
Start Loading Part and Timing Information
---------------------------------------------------------------------------------
Loading part: xc7z015clg485-2
---------------------------------------------------------------------------------
Finished Loading Part and Timing Information : Time (s): cpu = 00:00:09 ; elapsed = 00:00:11 . Memory (MB): peak = 753.211 ; gain = 455.340
---------------------------------------------------------------------------------
---------------------------------------------------------------------------------
Start Applying 'set_property' XDC Constraints
---------------------------------------------------------------------------------
---------------------------------------------------------------------------------
Finished applying 'set_property' XDC Constraints : Time (s): cpu = 00:00:09 ; elapsed = 00:00:11 . Memory (MB): peak = 753.211 ; gain = 455.340
---------------------------------------------------------------------------------
---------------------------------------------------------------------------------
Finished RTL Optimization Phase 2 : Time (s): cpu = 00:00:09 ; elapsed = 00:00:11 . Memory (MB): peak = 753.211 ; gain = 455.340
---------------------------------------------------------------------------------

Report RTL Partitions: 
+-+--------------+------------+----------+
| |RTL Partition |Replication |Instances |
+-+--------------+------------+----------+
+-+--------------+------------+----------+
---------------------------------------------------------------------------------
Start RTL Component Statistics 
---------------------------------------------------------------------------------
Detailed RTL Component Info : 
---------------------------------------------------------------------------------
Finished RTL Component Statistics 
---------------------------------------------------------------------------------
---------------------------------------------------------------------------------
Start RTL Hierarchical Component Statistics 
---------------------------------------------------------------------------------
Hierarchical RTL Component report 
---------------------------------------------------------------------------------
Finished RTL Hierarchical Component Statistics
---------------------------------------------------------------------------------
---------------------------------------------------------------------------------
Start Part Resource Summary
---------------------------------------------------------------------------------
Part Resources:
DSPs: 160 (col length:60)
BRAMs: 190 (col length: RAMB18 60 RAMB36 30)
---------------------------------------------------------------------------------
Finished Part Resource Summary
---------------------------------------------------------------------------------
---------------------------------------------------------------------------------
Start Cross Boundary and Area Optimization
---------------------------------------------------------------------------------
Warning: Parallel synthesis criteria is not met 
---------------------------------------------------------------------------------
Finished Cross Boundary and Area Optimization : Time (s): cpu = 00:00:09 ; elapsed = 00:00:12 . Memory (MB): peak = 753.211 ; gain = 455.340
---------------------------------------------------------------------------------

Report RTL Partitions: 
+-+--------------+------------+----------+
| |RTL Partition |Replication |Instances |
+-+--------------+------------+----------+
+-+--------------+------------+----------+
---------------------------------------------------------------------------------
Start Applying XDC Timing Constraints
---------------------------------------------------------------------------------
---------------------------------------------------------------------------------
Finished Applying XDC Timing Constraints : Time (s): cpu = 00:00:16 ; elapsed = 00:00:19 . Memory (MB): peak = 779.863 ; gain = 481.992
---------------------------------------------------------------------------------
---------------------------------------------------------------------------------
Start Timing Optimization
---------------------------------------------------------------------------------
---------------------------------------------------------------------------------
Finished Timing Optimization : Time (s): cpu = 00:00:16 ; elapsed = 00:00:19 . Memory (MB): peak = 779.863 ; gain = 481.992
---------------------------------------------------------------------------------

Report RTL Partitions: 
+-+--------------+------------+----------+
| |RTL Partition |Replication |Instances |
+-+--------------+------------+----------+
+-+--------------+------------+----------+
---------------------------------------------------------------------------------
Start Technology Mapping
---------------------------------------------------------------------------------
---------------------------------------------------------------------------------
Finished Technology Mapping : Time (s): cpu = 00:00:16 ; elapsed = 00:00:19 . Memory (MB): peak = 779.863 ; gain = 481.992
---------------------------------------------------------------------------------

Report RTL Partitions: 
+-+--------------+------------+----------+
| |RTL Partition |Replication |Instances |
+-+--------------+------------+----------+
+-+--------------+------------+----------+
---------------------------------------------------------------------------------
Start IO Insertion
---------------------------------------------------------------------------------
---------------------------------------------------------------------------------
Start Flattening Before IO Insertion
---------------------------------------------------------------------------------
---------------------------------------------------------------------------------
Finished Flattening Before IO Insertion
---------------------------------------------------------------------------------
---------------------------------------------------------------------------------
Start Final Netlist Cleanup
---------------------------------------------------------------------------------
---------------------------------------------------------------------------------
Finished Final Netlist Cleanup
---------------------------------------------------------------------------------
---------------------------------------------------------------------------------
Finished IO Insertion : Time (s): cpu = 00:00:17 ; elapsed = 00:00:20 . Memory (MB): peak = 780.992 ; gain = 483.121
---------------------------------------------------------------------------------

Report Check Netlist: 
+------+------------------+-------+---------+-------+------------------+
|      |Item              |Errors |Warnings |Status |Description       |
+------+------------------+-------+---------+-------+------------------+
|1     |multi_driven_nets |      0|        0|Passed |Multi driven nets |
+------+------------------+-------+---------+-------+------------------+
---------------------------------------------------------------------------------
Start Renaming Generated Instances
---------------------------------------------------------------------------------
---------------------------------------------------------------------------------
Finished Renaming Generated Instances : Time (s): cpu = 00:00:17 ; elapsed = 00:00:20 . Memory (MB): peak = 780.992 ; gain = 483.121
---------------------------------------------------------------------------------

Report RTL Partitions: 
+-+--------------+------------+----------+
| |RTL Partition |Replication |Instances |
+-+--------------+------------+----------+
+-+--------------+------------+----------+
---------------------------------------------------------------------------------
Start Rebuilding User Hierarchy
---------------------------------------------------------------------------------
---------------------------------------------------------------------------------
Finished Rebuilding User Hierarchy : Time (s): cpu = 00:00:17 ; elapsed = 00:00:20 . Memory (MB): peak = 780.992 ; gain = 483.121
---------------------------------------------------------------------------------
---------------------------------------------------------------------------------
Start Renaming Generated Ports
---------------------------------------------------------------------------------
---------------------------------------------------------------------------------
Finished Renaming Generated Ports : Time (s): cpu = 00:00:17 ; elapsed = 00:00:20 . Memory (MB): peak = 780.992 ; gain = 483.121
---------------------------------------------------------------------------------
---------------------------------------------------------------------------------
Start Handling Custom Attributes
---------------------------------------------------------------------------------
---------------------------------------------------------------------------------
Finished Handling Custom Attributes : Time (s): cpu = 00:00:17 ; elapsed = 00:00:20 . Memory (MB): peak = 780.992 ; gain = 483.121
---------------------------------------------------------------------------------
---------------------------------------------------------------------------------
Start Renaming Generated Nets
---------------------------------------------------------------------------------
---------------------------------------------------------------------------------
Finished Renaming Generated Nets : Time (s): cpu = 00:00:17 ; elapsed = 00:00:20 . Memory (MB): peak = 780.992 ; gain = 483.121
---------------------------------------------------------------------------------
---------------------------------------------------------------------------------
Start Writing Synthesis Report
---------------------------------------------------------------------------------

Report BlackBoxes: 
+-+--------------+----------+
| |BlackBox name |Instances |
+-+--------------+----------+
+-+--------------+----------+

Report Cell Usage: 
+------+----------------+------+
|      |Cell            |Count |
+------+----------------+------+
|1     |IBUFDS_DIFF_OUT |     8|
+------+----------------+------+

Report Instance Areas: 
+------+---------+-----------------+------+
|      |Instance |Module           |Cells |
+------+---------+-----------------+------+
|1     |top      |                 |     8|
|2     |  U0     |Vibufds_diff_out |     8|
+------+---------+-----------------+------+
---------------------------------------------------------------------------------
Finished Writing Synthesis Report : Time (s): cpu = 00:00:17 ; elapsed = 00:00:20 . Memory (MB): peak = 780.992 ; gain = 483.121
---------------------------------------------------------------------------------
Synthesis finished with 0 errors, 0 critical warnings and 0 warnings.
Synthesis Optimization Runtime : Time (s): cpu = 00:00:10 ; elapsed = 00:00:13 . Memory (MB): peak = 780.992 ; gain = 185.805
Synthesis Optimization Complete : Time (s): cpu = 00:00:17 ; elapsed = 00:00:20 . Memory (MB): peak = 780.992 ; gain = 483.121
INFO: [Project 1-571] Translating synthesized netlist
INFO: [Netlist 29-17] Analyzing 8 Unisim elements for replacement
INFO: [Netlist 29-28] Unisim Transformation completed in 0 CPU seconds
INFO: [Project 1-570] Preparing netlist for logic optimization
INFO: [Opt 31-138] Pushed 0 inverter(s) to 0 load pin(s).
INFO: [Project 1-111] Unisim Transformation Summary:
  A total of 8 instances were transformed.
  IBUFDS_DIFF_OUT => IBUFDS_DIFF_OUT (IBUFDS, IBUFDS): 8 instances

INFO: [Common 17-83] Releasing license: Synthesis
26 Infos, 1 Warnings, 0 Critical Warnings and 0 Errors encountered.
synth_design completed successfully
synth_design: Time (s): cpu = 00:00:18 ; elapsed = 00:00:22 . Memory (MB): peak = 801.551 ; gain = 515.516
WARNING: [Constraints 18-5210] No constraint will be written out.
INFO: [Common 17-1381] The checkpoint 'C:/Users/victo/Desktop/Vivados/CMB40_v1/CMB40_v1.runs/zsys_Vibufds_diff_out_0_0_synth_1/zsys_Vibufds_diff_out_0_0.dcp' has been generated.
WARNING: [Constraints 18-5210] No constraint will be written out.
INFO: [Common 17-1381] The checkpoint 'C:/Users/victo/Desktop/Vivados/CMB40_v1/CMB40_v1.runs/zsys_Vibufds_diff_out_0_0_synth_1/zsys_Vibufds_diff_out_0_0.dcp' has been generated.
INFO: [runtcl-4] Executing : report_utilization -file zsys_Vibufds_diff_out_0_0_utilization_synth.rpt -pb zsys_Vibufds_diff_out_0_0_utilization_synth.pb
report_utilization: Time (s): cpu = 00:00:00 ; elapsed = 00:00:00.024 . Memory (MB): peak = 801.551 ; gain = 0.000
INFO: [Common 17-206] Exiting Vivado at Mon Sep 18 16:50:43 2023...
