Copyright 1986-2018 Xilinx, Inc. All Rights Reserved.
---------------------------------------------------------------------------------------
| Tool Version : Vivado v.2018.2 (lin64) Build 2258646 Thu Jun 14 20:02:38 MDT 2018
| Date         : Fri Dec 13 18:51:30 2024
| Host         : ifraba-HP-Pavilion-Laptop-15-eg2xxx running 64-bit Ubuntu 22.04.5 LTS
| Command      : upgrade_ip
| Device       : xc7z015clg485-2
---------------------------------------------------------------------------------------

Upgrade Log for IP 'zsys_AXI_ADC_1_0'

1. Summary
----------

SUCCESS in the conversion of zsys_AXI_ADC_1_0 (xilinx.com:user:AXI_ADC:4.0 (Rev. 19)) to Vivado generation flows.






Copyright 1986-2018 Xilinx, Inc. All Rights Reserved.
---------------------------------------------------------------------------------------
| Tool Version : Vivado v.2018.2 (lin64) Build 2258646 Thu Jun 14 20:02:38 MDT 2018
| Date         : Fri Dec 13 18:25:44 2024
| Host         : ifraba-HP-Pavilion-Laptop-15-eg2xxx running 64-bit Ubuntu 22.04.5 LTS
| Command      : upgrade_ip
| Device       : xc7z015clg485-2
---------------------------------------------------------------------------------------

Upgrade Log for IP 'zsys_AXI_ADC_1_0'

1. Summary
----------

SUCCESS in the upgrade of zsys_AXI_ADC_1_0 (xilinx.com:user:AXI_ADC:4.0) from (Rev. 18) to (Rev. 19)






Copyright 1986-2018 Xilinx, Inc. All Rights Reserved.
---------------------------------------------------------------------------------------
| Tool Version : Vivado v.2018.2 (lin64) Build 2258646 Thu Jun 14 20:02:38 MDT 2018
| Date         : Fri Dec 13 18:10:29 2024
| Host         : ifraba-HP-Pavilion-Laptop-15-eg2xxx running 64-bit Ubuntu 22.04.5 LTS
| Command      : upgrade_ip
| Device       : xc7z015clg485-2
---------------------------------------------------------------------------------------

Upgrade Log for IP 'zsys_AXI_ADC_1_0'

1. Summary
----------

SUCCESS in the upgrade of zsys_AXI_ADC_1_0 (xilinx.com:user:AXI_ADC:4.0) from (Rev. 17) to (Rev. 18)






Copyright 1986-2018 Xilinx, Inc. All Rights Reserved.
---------------------------------------------------------------------------------------
| Tool Version : Vivado v.2018.2 (lin64) Build 2258646 Thu Jun 14 20:02:38 MDT 2018
| Date         : Fri Dec 13 17:50:55 2024
| Host         : ifraba-HP-Pavilion-Laptop-15-eg2xxx running 64-bit Ubuntu 22.04.5 LTS
| Command      : upgrade_ip
| Device       : xc7z015clg485-2
---------------------------------------------------------------------------------------

Upgrade Log for IP 'zsys_AXI_ADC_1_0'

1. Summary
----------

SUCCESS in the upgrade of zsys_AXI_ADC_1_0 (xilinx.com:user:AXI_ADC:4.0) from (Rev. 16) to (Rev. 17)






Copyright 1986-2018 Xilinx, Inc. All Rights Reserved.
---------------------------------------------------------------------------------------
| Tool Version : Vivado v.2018.2 (lin64) Build 2258646 Thu Jun 14 20:02:38 MDT 2018
| Date         : Fri Dec 13 17:42:34 2024
| Host         : ifraba-HP-Pavilion-Laptop-15-eg2xxx running 64-bit Ubuntu 22.04.5 LTS
| Command      : upgrade_ip
| Device       : xc7z015clg485-2
---------------------------------------------------------------------------------------

Upgrade Log for IP 'zsys_AXI_ADC_1_0'

1. Summary
----------

SUCCESS in the upgrade of zsys_AXI_ADC_1_0 (xilinx.com:user:AXI_ADC:4.0) from (Rev. 14) to (Rev. 16)






Copyright 1986-2018 Xilinx, Inc. All Rights Reserved.
---------------------------------------------------------------------------------------
| Tool Version : Vivado v.2018.2 (lin64) Build 2258646 Thu Jun 14 20:02:38 MDT 2018
| Date         : Fri Dec 13 17:16:54 2024
| Host         : ifraba-HP-Pavilion-Laptop-15-eg2xxx running 64-bit Ubuntu 22.04.5 LTS
| Command      : upgrade_ip
| Device       : xc7z015clg485-2
---------------------------------------------------------------------------------------

Upgrade Log for IP 'zsys_AXI_ADC_1_0'

1. Summary
----------

SUCCESS in the upgrade of zsys_AXI_ADC_1_0 (xilinx.com:user:AXI_ADC:4.0) from (Rev. 13) to (Rev. 14)






Copyright 1986-2018 Xilinx, Inc. All Rights Reserved.
---------------------------------------------------------------------------------------
| Tool Version : Vivado v.2018.2 (lin64) Build 2258646 Thu Jun 14 20:02:38 MDT 2018
| Date         : Fri Dec 13 16:48:33 2024
| Host         : ifraba-HP-Pavilion-Laptop-15-eg2xxx running 64-bit Ubuntu 22.04.5 LTS
| Command      : upgrade_ip
| Device       : xc7z015clg485-2
---------------------------------------------------------------------------------------

Upgrade Log for IP 'zsys_AXI_ADC_1_0'

1. Summary
----------

SUCCESS in the upgrade of zsys_AXI_ADC_1_0 (xilinx.com:user:AXI_ADC:4.0) from (Rev. 12) to (Rev. 13)






Copyright 1986-2018 Xilinx, Inc. All Rights Reserved.
---------------------------------------------------------------------------------------
| Tool Version : Vivado v.2018.2 (lin64) Build 2258646 Thu Jun 14 20:02:38 MDT 2018
| Date         : Fri Dec 13 16:27:20 2024
| Host         : ifraba-HP-Pavilion-Laptop-15-eg2xxx running 64-bit Ubuntu 22.04.5 LTS
| Command      : upgrade_ip
| Device       : xc7z015clg485-2
---------------------------------------------------------------------------------------

Upgrade Log for IP 'zsys_AXI_ADC_1_0'

1. Summary
----------

SUCCESS in the upgrade of zsys_AXI_ADC_1_0 (xilinx.com:user:AXI_ADC:4.0) from (Rev. 11) to (Rev. 12)






Copyright 1986-2018 Xilinx, Inc. All Rights Reserved.
---------------------------------------------------------------------------------------
| Tool Version : Vivado v.2018.2 (lin64) Build 2258646 Thu Jun 14 20:02:38 MDT 2018
| Date         : Fri Dec 13 16:06:36 2024
| Host         : ifraba-HP-Pavilion-Laptop-15-eg2xxx running 64-bit Ubuntu 22.04.5 LTS
| Command      : upgrade_ip
| Device       : xc7z015clg485-2
---------------------------------------------------------------------------------------

Upgrade Log for IP 'zsys_AXI_ADC_1_0'

1. Summary
----------

SUCCESS in the upgrade of zsys_AXI_ADC_1_0 (xilinx.com:user:AXI_ADC:4.0) from (Rev. 10) to (Rev. 11)






Copyright 1986-2018 Xilinx, Inc. All Rights Reserved.
---------------------------------------------------------------------------------------
| Tool Version : Vivado v.2018.2 (lin64) Build 2258646 Thu Jun 14 20:02:38 MDT 2018
| Date         : Fri Dec 13 15:27:59 2024
| Host         : ifraba-HP-Pavilion-Laptop-15-eg2xxx running 64-bit Ubuntu 22.04.5 LTS
| Command      : upgrade_ip
| Device       : xc7z015clg485-2
---------------------------------------------------------------------------------------

Upgrade Log for IP 'zsys_AXI_ADC_1_0'

1. Summary
----------

SUCCESS in the upgrade of zsys_AXI_ADC_1_0 (xilinx.com:user:AXI_ADC:4.0) from (Rev. 9) to (Rev. 10)






Copyright 1986-2018 Xilinx, Inc. All Rights Reserved.
---------------------------------------------------------------------------------------
| Tool Version : Vivado v.2018.2 (lin64) Build 2258646 Thu Jun 14 20:02:38 MDT 2018
| Date         : Thu Dec 12 19:32:48 2024
| Host         : ifraba-HP-Pavilion-Laptop-15-eg2xxx running 64-bit Ubuntu 22.04.5 LTS
| Command      : upgrade_ip
| Device       : xc7z015clg485-2
---------------------------------------------------------------------------------------

Upgrade Log for IP 'zsys_AXI_ADC_1_0'

1. Summary
----------

SUCCESS in the upgrade of zsys_AXI_ADC_1_0 (xilinx.com:user:AXI_ADC:4.0) from (Rev. 8) to (Rev. 9)






Copyright 1986-2018 Xilinx, Inc. All Rights Reserved.
---------------------------------------------------------------------------------------
| Tool Version : Vivado v.2018.2 (lin64) Build 2258646 Thu Jun 14 20:02:38 MDT 2018
| Date         : Thu Dec 12 19:20:55 2024
| Host         : ifraba-HP-Pavilion-Laptop-15-eg2xxx running 64-bit Ubuntu 22.04.5 LTS
| Command      : upgrade_ip
| Device       : xc7z015clg485-2
---------------------------------------------------------------------------------------

Upgrade Log for IP 'zsys_AXI_ADC_1_0'

1. Summary
----------

SUCCESS in the upgrade of zsys_AXI_ADC_1_0 (xilinx.com:user:AXI_ADC:4.0) from (Rev. 6) to (Rev. 8)






Copyright 1986-2018 Xilinx, Inc. All Rights Reserved.
---------------------------------------------------------------------------------------
| Tool Version : Vivado v.2018.2 (lin64) Build 2258646 Thu Jun 14 20:02:38 MDT 2018
| Date         : Thu Dec 12 18:59:05 2024
| Host         : ifraba-HP-Pavilion-Laptop-15-eg2xxx running 64-bit Ubuntu 22.04.5 LTS
| Command      : upgrade_ip
| Device       : xc7z015clg485-2
---------------------------------------------------------------------------------------

Upgrade Log for IP 'zsys_AXI_ADC_1_0'

1. Summary
----------

SUCCESS in the upgrade of zsys_AXI_ADC_1_0 (xilinx.com:user:AXI_ADC:4.0) from (Rev. 5) to (Rev. 6)






Copyright 1986-2018 Xilinx, Inc. All Rights Reserved.
---------------------------------------------------------------------------------------
| Tool Version : Vivado v.2018.2 (lin64) Build 2258646 Thu Jun 14 20:02:38 MDT 2018
| Date         : Thu Dec 12 18:25:22 2024
| Host         : ifraba-HP-Pavilion-Laptop-15-eg2xxx running 64-bit Ubuntu 22.04.5 LTS
| Command      : upgrade_ip
| Device       : xc7z015clg485-2
---------------------------------------------------------------------------------------

Upgrade Log for IP 'zsys_AXI_ADC_1_0'

1. Summary
----------

SUCCESS in the upgrade of zsys_AXI_ADC_1_0 (xilinx.com:user:AXI_ADC:4.0) from (Rev. 4) to (Rev. 5)






Copyright 1986-2018 Xilinx, Inc. All Rights Reserved.
---------------------------------------------------------------------------------------
| Tool Version : Vivado v.2018.2 (lin64) Build 2258646 Thu Jun 14 20:02:38 MDT 2018
| Date         : Thu Dec 12 15:55:31 2024
| Host         : ifraba-HP-Pavilion-Laptop-15-eg2xxx running 64-bit Ubuntu 22.04.5 LTS
| Command      : upgrade_ip
| Device       : xc7z015clg485-2
---------------------------------------------------------------------------------------

Upgrade Log for IP 'zsys_AXI_ADC_1_0'

1. Summary
----------

SUCCESS in the upgrade of zsys_AXI_ADC_1_0 (xilinx.com:user:AXI_ADC:4.0) from (Rev. 3) to (Rev. 4)






Copyright 1986-2018 Xilinx, Inc. All Rights Reserved.
---------------------------------------------------------------------------------------
| Tool Version : Vivado v.2018.2 (lin64) Build 2258646 Thu Jun 14 20:02:38 MDT 2018
| Date         : Thu Dec 12 13:01:24 2024
| Host         : ifraba-HP-Pavilion-Laptop-15-eg2xxx running 64-bit Ubuntu 22.04.5 LTS
| Command      : upgrade_ip
| Device       : xc7z015clg485-2
---------------------------------------------------------------------------------------

Upgrade Log for IP 'zsys_AXI_ADC_1_0'

1. Summary
----------

SUCCESS in the upgrade of zsys_AXI_ADC_1_0 (xilinx.com:user:AXI_ADC:4.0) from (Rev. 2) to (Rev. 3)






Copyright 1986-2018 Xilinx, Inc. All Rights Reserved.
---------------------------------------------------------------------------------------
| Tool Version : Vivado v.2018.2 (lin64) Build 2258646 Thu Jun 14 20:02:38 MDT 2018
| Date         : Thu Dec 12 12:48:04 2024
| Host         : ifraba-HP-Pavilion-Laptop-15-eg2xxx running 64-bit Ubuntu 22.04.5 LTS
| Command      : upgrade_ip
| Device       : xc7z015clg485-2
---------------------------------------------------------------------------------------

Upgrade Log for IP 'zsys_AXI_ADC_1_0'

1. Summary
----------

SUCCESS in the upgrade of zsys_AXI_ADC_1_0 (xilinx.com:user:AXI_ADC:4.0) from (Rev. 1) to (Rev. 2)






Copyright 1986-2018 Xilinx, Inc. All Rights Reserved.
---------------------------------------------------------------------------------------
| Tool Version : Vivado v.2018.2 (lin64) Build 2258646 Thu Jun 14 20:02:38 MDT 2018
| Date         : Thu Dec 12 12:32:54 2024
| Host         : ifraba-HP-Pavilion-Laptop-15-eg2xxx running 64-bit Ubuntu 22.04.5 LTS
| Command      : upgrade_ip
| Device       : xc7z015clg485-2
---------------------------------------------------------------------------------------

Upgrade Log for IP 'zsys_AXI_ADC_1_0'

1. Summary
----------

SUCCESS in the conversion of zsys_AXI_ADC_1_0 (xilinx.com:user:AXI_ADC:4.0 (Rev. 1)) to Vivado generation flows.






Copyright 1986-2018 Xilinx, Inc. All Rights Reserved.
---------------------------------------------------------------------------------------
| Tool Version : Vivado v.2018.2 (lin64) Build 2258646 Thu Jun 14 20:02:38 MDT 2018
| Date         : Thu Dec 12 12:05:37 2024
| Host         : ifraba-HP-Pavilion-Laptop-15-eg2xxx running 64-bit Ubuntu 22.04.5 LTS
| Command      : upgrade_ip
| Device       : xc7z015clg485-2
---------------------------------------------------------------------------------------

Upgrade Log for IP 'zsys_AXI_ADC_1_0'

1. Summary
----------

SUCCESS in the upgrade of zsys_AXI_ADC_1_0 (xilinx.com:user:AXI_ADC:4.0) from (Rev. 17) to (Rev. 1)






Copyright 1986-2018 Xilinx, Inc. All Rights Reserved.
---------------------------------------------------------------------------------------
| Tool Version : Vivado v.2018.2 (lin64) Build 2258646 Thu Jun 14 20:02:38 MDT 2018
| Date         : Thu Dec 12 11:50:33 2024
| Host         : ifraba-HP-Pavilion-Laptop-15-eg2xxx running 64-bit Ubuntu 22.04.5 LTS
| Command      : upgrade_ip
| Device       : xc7z015clg485-2
---------------------------------------------------------------------------------------

Upgrade Log for IP 'zsys_AXI_ADC_1_0'

1. Summary
----------

SUCCESS in the upgrade of zsys_AXI_ADC_1_0 from xilinx.com:user:AXI_ADC:3.0 (Rev. 17) to xilinx.com:user:AXI_ADC:4.0 (Rev. 17)






Copyright 1986-2018 Xilinx, Inc. All Rights Reserved.
---------------------------------------------------------------------------------------
| Tool Version : Vivado v.2018.2 (lin64) Build 2258646 Thu Jun 14 20:02:38 MDT 2018
| Date         : Tue Dec 10 18:14:07 2024
| Host         : ifraba-HP-Pavilion-Laptop-15-eg2xxx running 64-bit Ubuntu 22.04.5 LTS
| Command      : upgrade_ip
| Device       : xc7z015clg485-2
---------------------------------------------------------------------------------------

Upgrade Log for IP 'zsys_AXI_ADC_1_0'

1. Summary
----------

SUCCESS in the upgrade of zsys_AXI_ADC_1_0 (xilinx.com:user:AXI_ADC:3.0) from (Rev. 14) to (Rev. 17)

