
*** Running vivado
    with args -log zsys_reset_init_0_0.vds -m64 -product Vivado -mode batch -messageDb vivado.pb -notrace -source zsys_reset_init_0_0.tcl


****** Vivado v2018.2 (64-bit)
  **** SW Build 2258646 on Thu Jun 14 20:02:38 MDT 2018
  **** IP Build 2256618 on Thu Jun 14 22:10:49 MDT 2018
    ** Copyright 1986-2018 Xilinx, Inc. All Rights Reserved.

source zsys_reset_init_0_0.tcl -notrace
Command: synth_design -top zsys_reset_init_0_0 -part xc7z015clg485-2 -mode out_of_context
Starting synth_design
Attempting to get a license for feature 'Synthesis' and/or device 'xc7z015'
INFO: [Common 17-349] Got license for feature 'Synthesis' and/or device 'xc7z015'
INFO: Launching helper process for spawning children vivado processes
INFO: Helper process launched with PID 559933 
---------------------------------------------------------------------------------
Starting RTL Elaboration : Time (s): cpu = 00:00:03 ; elapsed = 00:00:04 . Memory (MB): peak = 1310.953 ; gain = 88.883 ; free physical = 308 ; free virtual = 2796
---------------------------------------------------------------------------------
INFO: [Synth 8-638] synthesizing module 'zsys_reset_init_0_0' [/home/ifraba/Desktop/Laboral/SAPHIR/Pruebas_tecnicas/CMB_project/CMB_project_Gitlab_Orlando/charge-monitoring-system/zynq/CMB40_v1/CMB40_v1.srcs/sources_1/bd/zsys/ip/zsys_reset_init_0_0/synth/zsys_reset_init_0_0.vhd:64]
INFO: [Synth 8-3491] module 'reset_init' declared at '/home/ifraba/Desktop/Laboral/SAPHIR/Pruebas_tecnicas/CMB_project/CMB_project_Gitlab_Orlando/charge-monitoring-system/zynq/CMB40_v1/CMB40_v1.srcs/sources_1/new/reset_init.vhd:34' bound to instance 'U0' of component 'reset_init' [/home/ifraba/Desktop/Laboral/SAPHIR/Pruebas_tecnicas/CMB_project/CMB_project_Gitlab_Orlando/charge-monitoring-system/zynq/CMB40_v1/CMB40_v1.srcs/sources_1/bd/zsys/ip/zsys_reset_init_0_0/synth/zsys_reset_init_0_0.vhd:89]
INFO: [Synth 8-638] synthesizing module 'reset_init' [/home/ifraba/Desktop/Laboral/SAPHIR/Pruebas_tecnicas/CMB_project/CMB_project_Gitlab_Orlando/charge-monitoring-system/zynq/CMB40_v1/CMB40_v1.srcs/sources_1/new/reset_init.vhd:44]
INFO: [Synth 8-256] done synthesizing module 'reset_init' (1#1) [/home/ifraba/Desktop/Laboral/SAPHIR/Pruebas_tecnicas/CMB_project/CMB_project_Gitlab_Orlando/charge-monitoring-system/zynq/CMB40_v1/CMB40_v1.srcs/sources_1/new/reset_init.vhd:44]
INFO: [Synth 8-256] done synthesizing module 'zsys_reset_init_0_0' (2#1) [/home/ifraba/Desktop/Laboral/SAPHIR/Pruebas_tecnicas/CMB_project/CMB_project_Gitlab_Orlando/charge-monitoring-system/zynq/CMB40_v1/CMB40_v1.srcs/sources_1/bd/zsys/ip/zsys_reset_init_0_0/synth/zsys_reset_init_0_0.vhd:64]
---------------------------------------------------------------------------------
Finished RTL Elaboration : Time (s): cpu = 00:00:04 ; elapsed = 00:00:05 . Memory (MB): peak = 1355.578 ; gain = 133.508 ; free physical = 386 ; free virtual = 2766
---------------------------------------------------------------------------------

Report Check Netlist: 
+------+------------------+-------+---------+-------+------------------+
|      |Item              |Errors |Warnings |Status |Description       |
+------+------------------+-------+---------+-------+------------------+
|1     |multi_driven_nets |      0|        0|Passed |Multi driven nets |
+------+------------------+-------+---------+-------+------------------+
---------------------------------------------------------------------------------
Start Handling Custom Attributes
---------------------------------------------------------------------------------
---------------------------------------------------------------------------------
Finished Handling Custom Attributes : Time (s): cpu = 00:00:04 ; elapsed = 00:00:05 . Memory (MB): peak = 1355.578 ; gain = 133.508 ; free physical = 374 ; free virtual = 2755
---------------------------------------------------------------------------------
---------------------------------------------------------------------------------
Finished RTL Optimization Phase 1 : Time (s): cpu = 00:00:04 ; elapsed = 00:00:05 . Memory (MB): peak = 1355.578 ; gain = 133.508 ; free physical = 374 ; free virtual = 2755
---------------------------------------------------------------------------------
INFO: [Device 21-403] Loading part xc7z015clg485-2
INFO: [Project 1-570] Preparing netlist for logic optimization

Processing XDC Constraints
Initializing timing engine
Completed Processing XDC Constraints

INFO: [Project 1-111] Unisim Transformation Summary:
No Unisim elements were transformed.

WARNING: [Constraints 18-5210] No constraint will be written out.
Constraint Validation Runtime : Time (s): cpu = 00:00:00.14 ; elapsed = 00:00:00.22 . Memory (MB): peak = 1682.324 ; gain = 2.000 ; free physical = 569 ; free virtual = 2223
---------------------------------------------------------------------------------
Finished Constraint Validation : Time (s): cpu = 00:00:23 ; elapsed = 00:00:46 . Memory (MB): peak = 1682.324 ; gain = 460.254 ; free physical = 456 ; free virtual = 2151
---------------------------------------------------------------------------------
---------------------------------------------------------------------------------
Start Loading Part and Timing Information
---------------------------------------------------------------------------------
Loading part: xc7z015clg485-2
---------------------------------------------------------------------------------
Finished Loading Part and Timing Information : Time (s): cpu = 00:00:23 ; elapsed = 00:00:46 . Memory (MB): peak = 1682.324 ; gain = 460.254 ; free physical = 456 ; free virtual = 2151
---------------------------------------------------------------------------------
---------------------------------------------------------------------------------
Start Applying 'set_property' XDC Constraints
---------------------------------------------------------------------------------
---------------------------------------------------------------------------------
Finished applying 'set_property' XDC Constraints : Time (s): cpu = 00:00:23 ; elapsed = 00:00:46 . Memory (MB): peak = 1682.324 ; gain = 460.254 ; free physical = 458 ; free virtual = 2152
---------------------------------------------------------------------------------
INFO: [Synth 8-5546] ROM "rst" won't be mapped to RAM because it is too sparse
---------------------------------------------------------------------------------
Finished RTL Optimization Phase 2 : Time (s): cpu = 00:00:23 ; elapsed = 00:00:46 . Memory (MB): peak = 1682.324 ; gain = 460.254 ; free physical = 414 ; free virtual = 2108
---------------------------------------------------------------------------------

Report RTL Partitions: 
+-+--------------+------------+----------+
| |RTL Partition |Replication |Instances |
+-+--------------+------------+----------+
+-+--------------+------------+----------+
---------------------------------------------------------------------------------
Start RTL Component Statistics 
---------------------------------------------------------------------------------
Detailed RTL Component Info : 
+---Adders : 
	   2 Input      5 Bit       Adders := 1     
+---Registers : 
	                5 Bit    Registers := 1     
	                1 Bit    Registers := 2     
+---Muxes : 
	   2 Input      1 Bit        Muxes := 2     
---------------------------------------------------------------------------------
Finished RTL Component Statistics 
---------------------------------------------------------------------------------
---------------------------------------------------------------------------------
Start RTL Hierarchical Component Statistics 
---------------------------------------------------------------------------------
Hierarchical RTL Component report 
Module reset_init 
Detailed RTL Component Info : 
+---Adders : 
	   2 Input      5 Bit       Adders := 1     
+---Registers : 
	                5 Bit    Registers := 1     
	                1 Bit    Registers := 2     
+---Muxes : 
	   2 Input      1 Bit        Muxes := 2     
---------------------------------------------------------------------------------
Finished RTL Hierarchical Component Statistics
---------------------------------------------------------------------------------
---------------------------------------------------------------------------------
Start Part Resource Summary
---------------------------------------------------------------------------------
Part Resources:
DSPs: 160 (col length:60)
BRAMs: 190 (col length: RAMB18 60 RAMB36 30)
---------------------------------------------------------------------------------
Finished Part Resource Summary
---------------------------------------------------------------------------------
---------------------------------------------------------------------------------
Start Cross Boundary and Area Optimization
---------------------------------------------------------------------------------
Warning: Parallel synthesis criteria is not met 
---------------------------------------------------------------------------------
Finished Cross Boundary and Area Optimization : Time (s): cpu = 00:00:24 ; elapsed = 00:00:46 . Memory (MB): peak = 1682.324 ; gain = 460.254 ; free physical = 373 ; free virtual = 2070
---------------------------------------------------------------------------------

Report RTL Partitions: 
+-+--------------+------------+----------+
| |RTL Partition |Replication |Instances |
+-+--------------+------------+----------+
+-+--------------+------------+----------+
---------------------------------------------------------------------------------
Start Applying XDC Timing Constraints
---------------------------------------------------------------------------------
---------------------------------------------------------------------------------
Finished Applying XDC Timing Constraints : Time (s): cpu = 00:00:35 ; elapsed = 00:01:02 . Memory (MB): peak = 1682.324 ; gain = 460.254 ; free physical = 526 ; free virtual = 2297
---------------------------------------------------------------------------------
---------------------------------------------------------------------------------
Start Timing Optimization
---------------------------------------------------------------------------------
---------------------------------------------------------------------------------
Finished Timing Optimization : Time (s): cpu = 00:00:35 ; elapsed = 00:01:02 . Memory (MB): peak = 1682.324 ; gain = 460.254 ; free physical = 524 ; free virtual = 2296
---------------------------------------------------------------------------------

Report RTL Partitions: 
+-+--------------+------------+----------+
| |RTL Partition |Replication |Instances |
+-+--------------+------------+----------+
+-+--------------+------------+----------+
---------------------------------------------------------------------------------
Start Technology Mapping
---------------------------------------------------------------------------------
---------------------------------------------------------------------------------
Finished Technology Mapping : Time (s): cpu = 00:00:35 ; elapsed = 00:01:02 . Memory (MB): peak = 1682.324 ; gain = 460.254 ; free physical = 516 ; free virtual = 2288
---------------------------------------------------------------------------------

Report RTL Partitions: 
+-+--------------+------------+----------+
| |RTL Partition |Replication |Instances |
+-+--------------+------------+----------+
+-+--------------+------------+----------+
---------------------------------------------------------------------------------
Start IO Insertion
---------------------------------------------------------------------------------
---------------------------------------------------------------------------------
Start Flattening Before IO Insertion
---------------------------------------------------------------------------------
---------------------------------------------------------------------------------
Finished Flattening Before IO Insertion
---------------------------------------------------------------------------------
---------------------------------------------------------------------------------
Start Final Netlist Cleanup
---------------------------------------------------------------------------------
---------------------------------------------------------------------------------
Finished Final Netlist Cleanup
---------------------------------------------------------------------------------
---------------------------------------------------------------------------------
Finished IO Insertion : Time (s): cpu = 00:00:35 ; elapsed = 00:01:02 . Memory (MB): peak = 1682.324 ; gain = 460.254 ; free physical = 489 ; free virtual = 2268
---------------------------------------------------------------------------------

Report Check Netlist: 
+------+------------------+-------+---------+-------+------------------+
|      |Item              |Errors |Warnings |Status |Description       |
+------+------------------+-------+---------+-------+------------------+
|1     |multi_driven_nets |      0|        0|Passed |Multi driven nets |
+------+------------------+-------+---------+-------+------------------+
---------------------------------------------------------------------------------
Start Renaming Generated Instances
---------------------------------------------------------------------------------
---------------------------------------------------------------------------------
Finished Renaming Generated Instances : Time (s): cpu = 00:00:35 ; elapsed = 00:01:02 . Memory (MB): peak = 1682.324 ; gain = 460.254 ; free physical = 489 ; free virtual = 2268
---------------------------------------------------------------------------------

Report RTL Partitions: 
+-+--------------+------------+----------+
| |RTL Partition |Replication |Instances |
+-+--------------+------------+----------+
+-+--------------+------------+----------+
---------------------------------------------------------------------------------
Start Rebuilding User Hierarchy
---------------------------------------------------------------------------------
---------------------------------------------------------------------------------
Finished Rebuilding User Hierarchy : Time (s): cpu = 00:00:35 ; elapsed = 00:01:02 . Memory (MB): peak = 1682.324 ; gain = 460.254 ; free physical = 489 ; free virtual = 2268
---------------------------------------------------------------------------------
---------------------------------------------------------------------------------
Start Renaming Generated Ports
---------------------------------------------------------------------------------
---------------------------------------------------------------------------------
Finished Renaming Generated Ports : Time (s): cpu = 00:00:35 ; elapsed = 00:01:02 . Memory (MB): peak = 1682.324 ; gain = 460.254 ; free physical = 489 ; free virtual = 2268
---------------------------------------------------------------------------------
---------------------------------------------------------------------------------
Start Handling Custom Attributes
---------------------------------------------------------------------------------
---------------------------------------------------------------------------------
Finished Handling Custom Attributes : Time (s): cpu = 00:00:35 ; elapsed = 00:01:02 . Memory (MB): peak = 1682.324 ; gain = 460.254 ; free physical = 489 ; free virtual = 2268
---------------------------------------------------------------------------------
---------------------------------------------------------------------------------
Start Renaming Generated Nets
---------------------------------------------------------------------------------
---------------------------------------------------------------------------------
Finished Renaming Generated Nets : Time (s): cpu = 00:00:35 ; elapsed = 00:01:02 . Memory (MB): peak = 1682.324 ; gain = 460.254 ; free physical = 489 ; free virtual = 2268
---------------------------------------------------------------------------------
---------------------------------------------------------------------------------
Start Writing Synthesis Report
---------------------------------------------------------------------------------

Report BlackBoxes: 
+-+--------------+----------+
| |BlackBox name |Instances |
+-+--------------+----------+
+-+--------------+----------+

Report Cell Usage: 
+------+-----+------+
|      |Cell |Count |
+------+-----+------+
|1     |LUT1 |     1|
|2     |LUT2 |     3|
|3     |LUT3 |     1|
|4     |LUT4 |     1|
|5     |LUT5 |     1|
|6     |LUT6 |     2|
|7     |FDRE |     7|
+------+-----+------+

Report Instance Areas: 
+------+---------+-----------+------+
|      |Instance |Module     |Cells |
+------+---------+-----------+------+
|1     |top      |           |    16|
|2     |  U0     |reset_init |    16|
+------+---------+-----------+------+
---------------------------------------------------------------------------------
Finished Writing Synthesis Report : Time (s): cpu = 00:00:35 ; elapsed = 00:01:02 . Memory (MB): peak = 1682.324 ; gain = 460.254 ; free physical = 489 ; free virtual = 2268
---------------------------------------------------------------------------------
Synthesis finished with 0 errors, 0 critical warnings and 0 warnings.
Synthesis Optimization Runtime : Time (s): cpu = 00:00:20 ; elapsed = 00:00:26 . Memory (MB): peak = 1682.324 ; gain = 133.508 ; free physical = 502 ; free virtual = 2283
Synthesis Optimization Complete : Time (s): cpu = 00:00:35 ; elapsed = 00:01:02 . Memory (MB): peak = 1682.324 ; gain = 460.254 ; free physical = 502 ; free virtual = 2283
INFO: [Project 1-571] Translating synthesized netlist
INFO: [Project 1-570] Preparing netlist for logic optimization
INFO: [Opt 31-138] Pushed 0 inverter(s) to 0 load pin(s).
INFO: [Project 1-111] Unisim Transformation Summary:
No Unisim elements were transformed.

INFO: [Common 17-83] Releasing license: Synthesis
15 Infos, 1 Warnings, 0 Critical Warnings and 0 Errors encountered.
synth_design completed successfully
synth_design: Time (s): cpu = 00:00:38 ; elapsed = 00:01:04 . Memory (MB): peak = 1709.348 ; gain = 499.848 ; free physical = 550 ; free virtual = 2420
WARNING: [Constraints 18-5210] No constraint will be written out.
INFO: [Common 17-1381] The checkpoint '/home/ifraba/Desktop/Laboral/SAPHIR/Pruebas_tecnicas/CMB_project/CMB_project_Gitlab_Orlando/charge-monitoring-system/zynq/CMB40_v1/CMB40_v1.runs/zsys_reset_init_0_0_synth_1/zsys_reset_init_0_0.dcp' has been generated.
WARNING: [Constraints 18-5210] No constraint will be written out.
INFO: [Common 17-1381] The checkpoint '/home/ifraba/Desktop/Laboral/SAPHIR/Pruebas_tecnicas/CMB_project/CMB_project_Gitlab_Orlando/charge-monitoring-system/zynq/CMB40_v1/CMB40_v1.runs/zsys_reset_init_0_0_synth_1/zsys_reset_init_0_0.dcp' has been generated.
INFO: [runtcl-4] Executing : report_utilization -file zsys_reset_init_0_0_utilization_synth.rpt -pb zsys_reset_init_0_0_utilization_synth.pb
report_utilization: Time (s): cpu = 00:00:00.15 ; elapsed = 00:00:00.23 . Memory (MB): peak = 1733.359 ; gain = 0.000 ; free physical = 710 ; free virtual = 2668
INFO: [Common 17-206] Exiting Vivado at Tue Dec  3 15:03:30 2024...
