#-----------------------------------------------------------
# Webtalk v2018.2 (64-bit)
# SW Build 2258646 on Thu Jun 14 20:03:12 MDT 2018
# 
# Start of session at: Wed May 18 13:31:22 2022
# Process ID: 7696
# Current directory: C:/Users/victo/Desktop/Vivados/verDAQ8_uart/verDAQ8_uart.sdk/webtalk
# Command line: wbtcv.exe -mode batch -source sdk_webtalk.tcl
# Log file: C:/Users/victo/Desktop/Vivados/verDAQ8_uart/verDAQ8_uart.sdk/webtalk/webtalk.log
# Journal file: C:/Users/victo/Desktop/Vivados/verDAQ8_uart/verDAQ8_uart.sdk/webtalk\webtalk.jou
#-----------------------------------------------------------
source sdk_webtalk.tcl
# webtalk_init -webtalk_dir C:\\Users\\victo\\Desktop\\Vivados\\verDAQ8_uart\\verDAQ8_uart.sdk\\webtalk
# webtalk_register_client -client project
# webtalk_add_data -client project -key date_generated -value "2022-05-18 13:31:21" -context "software_version_and_target_device"
# webtalk_add_data -client project -key product_version -value "SDK v2018.2" -context "software_version_and_target_device"
# webtalk_add_data -client project -key build_version -value "2018.2" -context "software_version_and_target_device"
# webtalk_add_data -client project -key os_platform -value "amd64" -context "software_version_and_target_device"
# webtalk_add_data -client project -key registration_id -value "" -context "software_version_and_target_device"
# webtalk_add_data -client project -key tool_flow -value "SDK" -context "software_version_and_target_device"
# webtalk_add_data -client project -key beta -value "false" -context "software_version_and_target_device"
# webtalk_add_data -client project -key route_design -value "NA" -context "software_version_and_target_device"
# webtalk_add_data -client project -key target_family -value "NA" -context "software_version_and_target_device"
# webtalk_add_data -client project -key target_device -value "NA" -context "software_version_and_target_device"
# webtalk_add_data -client project -key target_package -value "NA" -context "software_version_and_target_device"
# webtalk_add_data -client project -key target_speed -value "NA" -context "software_version_and_target_device"
# webtalk_add_data -client project -key random_id -value "b567dlcn8hjjijmo3cdk57jdsh" -context "software_version_and_target_device"
# webtalk_add_data -client project -key project_id -value "2018.2_47" -context "software_version_and_target_device"
# webtalk_add_data -client project -key project_iteration -value "47" -context "software_version_and_target_device"
# webtalk_add_data -client project -key os_name -value "Microsoft Windows 8 or later , 64-bit" -context "user_environment"
# webtalk_add_data -client project -key os_release -value "major release  (build 9200)" -context "user_environment"
# webtalk_add_data -client project -key cpu_name -value "Intel(R) Core(TM) i7-10750H CPU @ 2.60GHz" -context "user_environment"
# webtalk_add_data -client project -key cpu_speed -value "2592 MHz" -context "user_environment"
# webtalk_add_data -client project -key total_processors -value "1" -context "user_environment"
# webtalk_add_data -client project -key system_ram -value "17.003 GB" -context "user_environment"
# webtalk_register_client -client sdk
# webtalk_add_data -client sdk -key uid -value "1652823843859" -context "sdk\\\\hardware/1652823843859"
# webtalk_add_data -client sdk -key isZynq -value "true" -context "sdk\\\\hardware/1652823843859"
# webtalk_add_data -client sdk -key isZynqMP -value "false" -context "sdk\\\\hardware/1652823843859"
# webtalk_add_data -client sdk -key Processors -value "2" -context "sdk\\\\hardware/1652823843859"
# webtalk_add_data -client sdk -key VivadoVersion -value "2018.2" -context "sdk\\\\hardware/1652823843859"
# webtalk_add_data -client sdk -key Arch -value "zynq" -context "sdk\\\\hardware/1652823843859"
# webtalk_add_data -client sdk -key Device -value "7z015" -context "sdk\\\\hardware/1652823843859"
# webtalk_add_data -client sdk -key IsHandoff -value "true" -context "sdk\\\\hardware/1652823843859"
# webtalk_add_data -client sdk -key os -value "NA" -context "sdk\\\\hardware/1652823843859"
# webtalk_add_data -client sdk -key apptemplate -value "NA" -context "sdk\\\\hardware/1652823843859"
# webtalk_add_data -client sdk -key RecordType -value "HWCreation" -context "sdk\\\\hardware/1652823843859"
# webtalk_add_data -client sdk -key uid -value "1652824408898" -context "sdk\\\\bsp/1652824408898"
# webtalk_add_data -client sdk -key hwid -value "1650853704083" -context "sdk\\\\bsp/1652824408898"
# webtalk_add_data -client sdk -key os -value "standalone" -context "sdk\\\\bsp/1652824408898"
# webtalk_add_data -client sdk -key apptemplate -value "empty_application" -context "sdk\\\\bsp/1652824408898"
# webtalk_add_data -client sdk -key RecordType -value "BSPCreation" -context "sdk\\\\bsp/1652824408898"
# webtalk_add_data -client sdk -key uid -value "1652824410036" -context "sdk\\\\application/1652824410036"
# webtalk_add_data -client sdk -key hwid -value "1650853704083" -context "sdk\\\\application/1652824410036"
# webtalk_add_data -client sdk -key bspid -value "1652824408898" -context "sdk\\\\application/1652824410036"
# webtalk_add_data -client sdk -key newbsp -value "true" -context "sdk\\\\application/1652824410036"
# webtalk_add_data -client sdk -key os -value "standalone" -context "sdk\\\\application/1652824410036"
# webtalk_add_data -client sdk -key apptemplate -value "empty_application" -context "sdk\\\\application/1652824410036"
# webtalk_add_data -client sdk -key RecordType -value "APPCreation" -context "sdk\\\\application/1652824410036"
# webtalk_add_data -client sdk -key LangUsed -value "C" -context "sdk\\\\application/1652824410036"
# webtalk_add_data -client sdk -key Procused -value "ps7_cortexa9" -context "sdk\\\\application/1652824410036"
# webtalk_add_data -client sdk -key uid -value "NA" -context "sdk\\\\bsp/1652895081490"
# webtalk_add_data -client sdk -key RecordType -value "ToolUsage" -context "sdk\\\\bsp/1652895081490"
# webtalk_add_data -client sdk -key BootgenCount -value "1" -context "sdk\\\\bsp/1652895081490"
# webtalk_add_data -client sdk -key DebugCount -value "3" -context "sdk\\\\bsp/1652895081490"
# webtalk_add_data -client sdk -key PerfCount -value "0" -context "sdk\\\\bsp/1652895081490"
# webtalk_add_data -client sdk -key FlashCount -value "3" -context "sdk\\\\bsp/1652895081490"
# webtalk_add_data -client sdk -key CrossTriggCount -value "0" -context "sdk\\\\bsp/1652895081490"
# webtalk_add_data -client sdk -key QemuDebugCount -value "0" -context "sdk\\\\bsp/1652895081490"
# webtalk_transmit -clientid 1997304367 -regid "" -xml C:\\Users\\victo\\Desktop\\Vivados\\verDAQ8_uart\\verDAQ8_uart.sdk\\webtalk\\usage_statistics_ext_sdk.xml -html C:\\Users\\victo\\Desktop\\Vivados\\verDAQ8_uart\\verDAQ8_uart.sdk\\webtalk\\usage_statistics_ext_sdk.html -wdm C:\\Users\\victo\\Desktop\\Vivados\\verDAQ8_uart\\verDAQ8_uart.sdk\\webtalk\\sdk_webtalk.wdm -intro "<H3>SDK Usage Report</H3><BR>"
# webtalk_terminate
INFO: [Common 17-206] Exiting Webtalk at Wed May 18 13:31:28 2022...
