
*** Running vivado
    with args -log zsys_fit_timer_0_0.vds -m64 -product Vivado -mode batch -messageDb vivado.pb -notrace -source zsys_fit_timer_0_0.tcl


****** Vivado v2018.2 (64-bit)
  **** SW Build 2258646 on Thu Jun 14 20:03:12 MDT 2018
  **** IP Build 2256618 on Thu Jun 14 22:10:49 MDT 2018
    ** Copyright 1986-2018 Xilinx, Inc. All Rights Reserved.

source zsys_fit_timer_0_0.tcl -notrace
Command: synth_design -top zsys_fit_timer_0_0 -part xc7z015clg485-1 -mode out_of_context
Starting synth_design
Attempting to get a license for feature 'Synthesis' and/or device 'xc7z015'
INFO: [Common 17-349] Got license for feature 'Synthesis' and/or device 'xc7z015'
INFO: Launching helper process for spawning children vivado processes
INFO: Helper process launched with PID 6712 
---------------------------------------------------------------------------------
Starting RTL Elaboration : Time (s): cpu = 00:00:02 ; elapsed = 00:00:02 . Memory (MB): peak = 389.301 ; gain = 100.902
---------------------------------------------------------------------------------
INFO: [Synth 8-638] synthesizing module 'zsys_fit_timer_0_0' [c:/Users/victo/Desktop/Vivados/verDAQ8_uart/verDAQ8_uart.srcs/sources_1/bd/zsys/ip/zsys_fit_timer_0_0/synth/zsys_fit_timer_0_0.vhd:67]
	Parameter C_FAMILY bound to: zynq - type: string 
	Parameter C_NO_CLOCKS bound to: 1500000000 - type: integer 
	Parameter C_INACCURACY bound to: 0 - type: integer 
	Parameter C_EXT_RESET_HIGH bound to: 1 - type: integer 
INFO: [Synth 8-3491] module 'FIT_timer' declared at 'c:/Users/victo/Desktop/Vivados/verDAQ8_uart/verDAQ8_uart.srcs/sources_1/bd/zsys/ipshared/d59c/hdl/fit_timer_v2_0_vh_rfs.vhd:399' bound to instance 'U0' of component 'fit_timer' [c:/Users/victo/Desktop/Vivados/verDAQ8_uart/verDAQ8_uart.srcs/sources_1/bd/zsys/ip/zsys_fit_timer_0_0/synth/zsys_fit_timer_0_0.vhd:98]
INFO: [Synth 8-638] synthesizing module 'FIT_timer' [c:/Users/victo/Desktop/Vivados/verDAQ8_uart/verDAQ8_uart.srcs/sources_1/bd/zsys/ipshared/d59c/hdl/fit_timer_v2_0_vh_rfs.vhd:422]
	Parameter C_FAMILY bound to: zynq - type: string 
	Parameter C_NO_CLOCKS bound to: 1500000000 - type: integer 
	Parameter C_INACCURACY bound to: 0 - type: integer 
	Parameter C_EXT_RESET_HIGH bound to: 1 - type: integer 
	Parameter Ratio bound to: 16 - type: integer 
	Parameter First bound to: 1 - type: bool 
INFO: [Synth 8-3491] module 'Divide_part' declared at 'c:/Users/victo/Desktop/Vivados/verDAQ8_uart/verDAQ8_uart.srcs/sources_1/bd/zsys/ipshared/d59c/hdl/fit_timer_v2_0_vh_rfs.vhd:90' bound to instance 'Divide_I' of component 'Divide_Part' [c:/Users/victo/Desktop/Vivados/verDAQ8_uart/verDAQ8_uart.srcs/sources_1/bd/zsys/ipshared/d59c/hdl/fit_timer_v2_0_vh_rfs.vhd:714]
INFO: [Synth 8-638] synthesizing module 'Divide_part' [c:/Users/victo/Desktop/Vivados/verDAQ8_uart/verDAQ8_uart.srcs/sources_1/bd/zsys/ipshared/d59c/hdl/fit_timer_v2_0_vh_rfs.vhd:113]
	Parameter Ratio bound to: 16 - type: integer 
	Parameter First bound to: 1 - type: bool 
	Parameter INIT bound to: 16'b0000000000000001 
	Parameter IS_CLK_INVERTED bound to: 1'b0 
INFO: [Synth 8-113] binding component instance 'SRL16E_I' to cell 'SRL16E' [c:/Users/victo/Desktop/Vivados/verDAQ8_uart/verDAQ8_uart.srcs/sources_1/bd/zsys/ipshared/d59c/hdl/fit_timer_v2_0_vh_rfs.vhd:137]
INFO: [Synth 8-256] done synthesizing module 'Divide_part' (1#1) [c:/Users/victo/Desktop/Vivados/verDAQ8_uart/verDAQ8_uart.srcs/sources_1/bd/zsys/ipshared/d59c/hdl/fit_timer_v2_0_vh_rfs.vhd:113]
	Parameter Ratio bound to: 16 - type: integer 
	Parameter First bound to: 0 - type: bool 
INFO: [Synth 8-3491] module 'Divide_part' declared at 'c:/Users/victo/Desktop/Vivados/verDAQ8_uart/verDAQ8_uart.srcs/sources_1/bd/zsys/ipshared/d59c/hdl/fit_timer_v2_0_vh_rfs.vhd:90' bound to instance 'Divide_I' of component 'Divide_Part' [c:/Users/victo/Desktop/Vivados/verDAQ8_uart/verDAQ8_uart.srcs/sources_1/bd/zsys/ipshared/d59c/hdl/fit_timer_v2_0_vh_rfs.vhd:714]
INFO: [Synth 8-638] synthesizing module 'Divide_part__parameterized0' [c:/Users/victo/Desktop/Vivados/verDAQ8_uart/verDAQ8_uart.srcs/sources_1/bd/zsys/ipshared/d59c/hdl/fit_timer_v2_0_vh_rfs.vhd:113]
	Parameter Ratio bound to: 16 - type: integer 
	Parameter First bound to: 0 - type: bool 
	Parameter INIT bound to: 16'b0000000000000001 
	Parameter IS_CLK_INVERTED bound to: 1'b0 
INFO: [Synth 8-113] binding component instance 'SRL16E_I' to cell 'SRL16E' [c:/Users/victo/Desktop/Vivados/verDAQ8_uart/verDAQ8_uart.srcs/sources_1/bd/zsys/ipshared/d59c/hdl/fit_timer_v2_0_vh_rfs.vhd:137]
INFO: [Synth 8-256] done synthesizing module 'Divide_part__parameterized0' (1#1) [c:/Users/victo/Desktop/Vivados/verDAQ8_uart/verDAQ8_uart.srcs/sources_1/bd/zsys/ipshared/d59c/hdl/fit_timer_v2_0_vh_rfs.vhd:113]
	Parameter Ratio bound to: 15 - type: integer 
	Parameter First bound to: 0 - type: bool 
INFO: [Synth 8-3491] module 'Divide_part' declared at 'c:/Users/victo/Desktop/Vivados/verDAQ8_uart/verDAQ8_uart.srcs/sources_1/bd/zsys/ipshared/d59c/hdl/fit_timer_v2_0_vh_rfs.vhd:90' bound to instance 'Divide_I' of component 'Divide_Part' [c:/Users/victo/Desktop/Vivados/verDAQ8_uart/verDAQ8_uart.srcs/sources_1/bd/zsys/ipshared/d59c/hdl/fit_timer_v2_0_vh_rfs.vhd:714]
INFO: [Synth 8-638] synthesizing module 'Divide_part__parameterized1' [c:/Users/victo/Desktop/Vivados/verDAQ8_uart/verDAQ8_uart.srcs/sources_1/bd/zsys/ipshared/d59c/hdl/fit_timer_v2_0_vh_rfs.vhd:113]
	Parameter Ratio bound to: 15 - type: integer 
	Parameter First bound to: 0 - type: bool 
	Parameter INIT bound to: 16'b0000000000000001 
	Parameter IS_CLK_INVERTED bound to: 1'b0 
INFO: [Synth 8-113] binding component instance 'SRL16E_I' to cell 'SRL16E' [c:/Users/victo/Desktop/Vivados/verDAQ8_uart/verDAQ8_uart.srcs/sources_1/bd/zsys/ipshared/d59c/hdl/fit_timer_v2_0_vh_rfs.vhd:137]
INFO: [Synth 8-256] done synthesizing module 'Divide_part__parameterized1' (1#1) [c:/Users/victo/Desktop/Vivados/verDAQ8_uart/verDAQ8_uart.srcs/sources_1/bd/zsys/ipshared/d59c/hdl/fit_timer_v2_0_vh_rfs.vhd:113]
	Parameter Ratio bound to: 5 - type: integer 
	Parameter First bound to: 0 - type: bool 
INFO: [Synth 8-3491] module 'Divide_part' declared at 'c:/Users/victo/Desktop/Vivados/verDAQ8_uart/verDAQ8_uart.srcs/sources_1/bd/zsys/ipshared/d59c/hdl/fit_timer_v2_0_vh_rfs.vhd:90' bound to instance 'Divide_I' of component 'Divide_Part' [c:/Users/victo/Desktop/Vivados/verDAQ8_uart/verDAQ8_uart.srcs/sources_1/bd/zsys/ipshared/d59c/hdl/fit_timer_v2_0_vh_rfs.vhd:714]
INFO: [Synth 8-638] synthesizing module 'Divide_part__parameterized2' [c:/Users/victo/Desktop/Vivados/verDAQ8_uart/verDAQ8_uart.srcs/sources_1/bd/zsys/ipshared/d59c/hdl/fit_timer_v2_0_vh_rfs.vhd:113]
	Parameter Ratio bound to: 5 - type: integer 
	Parameter First bound to: 0 - type: bool 
	Parameter INIT bound to: 16'b0000000000000001 
	Parameter IS_CLK_INVERTED bound to: 1'b0 
INFO: [Synth 8-113] binding component instance 'SRL16E_I' to cell 'SRL16E' [c:/Users/victo/Desktop/Vivados/verDAQ8_uart/verDAQ8_uart.srcs/sources_1/bd/zsys/ipshared/d59c/hdl/fit_timer_v2_0_vh_rfs.vhd:137]
INFO: [Synth 8-256] done synthesizing module 'Divide_part__parameterized2' (1#1) [c:/Users/victo/Desktop/Vivados/verDAQ8_uart/verDAQ8_uart.srcs/sources_1/bd/zsys/ipshared/d59c/hdl/fit_timer_v2_0_vh_rfs.vhd:113]
	Parameter Ratio bound to: 5 - type: integer 
	Parameter First bound to: 0 - type: bool 
INFO: [Synth 8-3491] module 'Divide_part' declared at 'c:/Users/victo/Desktop/Vivados/verDAQ8_uart/verDAQ8_uart.srcs/sources_1/bd/zsys/ipshared/d59c/hdl/fit_timer_v2_0_vh_rfs.vhd:90' bound to instance 'Divide_I' of component 'Divide_Part' [c:/Users/victo/Desktop/Vivados/verDAQ8_uart/verDAQ8_uart.srcs/sources_1/bd/zsys/ipshared/d59c/hdl/fit_timer_v2_0_vh_rfs.vhd:714]
	Parameter Ratio bound to: 5 - type: integer 
	Parameter First bound to: 0 - type: bool 
INFO: [Synth 8-3491] module 'Divide_part' declared at 'c:/Users/victo/Desktop/Vivados/verDAQ8_uart/verDAQ8_uart.srcs/sources_1/bd/zsys/ipshared/d59c/hdl/fit_timer_v2_0_vh_rfs.vhd:90' bound to instance 'Divide_I' of component 'Divide_Part' [c:/Users/victo/Desktop/Vivados/verDAQ8_uart/verDAQ8_uart.srcs/sources_1/bd/zsys/ipshared/d59c/hdl/fit_timer_v2_0_vh_rfs.vhd:714]
	Parameter Ratio bound to: 5 - type: integer 
	Parameter First bound to: 0 - type: bool 
INFO: [Synth 8-3491] module 'Divide_part' declared at 'c:/Users/victo/Desktop/Vivados/verDAQ8_uart/verDAQ8_uart.srcs/sources_1/bd/zsys/ipshared/d59c/hdl/fit_timer_v2_0_vh_rfs.vhd:90' bound to instance 'Divide_I' of component 'Divide_Part' [c:/Users/victo/Desktop/Vivados/verDAQ8_uart/verDAQ8_uart.srcs/sources_1/bd/zsys/ipshared/d59c/hdl/fit_timer_v2_0_vh_rfs.vhd:714]
	Parameter Ratio bound to: 5 - type: integer 
	Parameter First bound to: 0 - type: bool 
INFO: [Synth 8-3491] module 'Divide_part' declared at 'c:/Users/victo/Desktop/Vivados/verDAQ8_uart/verDAQ8_uart.srcs/sources_1/bd/zsys/ipshared/d59c/hdl/fit_timer_v2_0_vh_rfs.vhd:90' bound to instance 'Divide_I' of component 'Divide_Part' [c:/Users/victo/Desktop/Vivados/verDAQ8_uart/verDAQ8_uart.srcs/sources_1/bd/zsys/ipshared/d59c/hdl/fit_timer_v2_0_vh_rfs.vhd:714]
	Parameter Ratio bound to: 5 - type: integer 
	Parameter First bound to: 0 - type: bool 
INFO: [Synth 8-3491] module 'Divide_part' declared at 'c:/Users/victo/Desktop/Vivados/verDAQ8_uart/verDAQ8_uart.srcs/sources_1/bd/zsys/ipshared/d59c/hdl/fit_timer_v2_0_vh_rfs.vhd:90' bound to instance 'Divide_I' of component 'Divide_Part' [c:/Users/victo/Desktop/Vivados/verDAQ8_uart/verDAQ8_uart.srcs/sources_1/bd/zsys/ipshared/d59c/hdl/fit_timer_v2_0_vh_rfs.vhd:714]
	Parameter Ratio bound to: 5 - type: integer 
	Parameter First bound to: 0 - type: bool 
INFO: [Synth 8-3491] module 'Divide_part' declared at 'c:/Users/victo/Desktop/Vivados/verDAQ8_uart/verDAQ8_uart.srcs/sources_1/bd/zsys/ipshared/d59c/hdl/fit_timer_v2_0_vh_rfs.vhd:90' bound to instance 'Divide_I' of component 'Divide_Part' [c:/Users/victo/Desktop/Vivados/verDAQ8_uart/verDAQ8_uart.srcs/sources_1/bd/zsys/ipshared/d59c/hdl/fit_timer_v2_0_vh_rfs.vhd:714]
	Parameter Ratio bound to: 5 - type: integer 
	Parameter First bound to: 0 - type: bool 
INFO: [Synth 8-3491] module 'Divide_part' declared at 'c:/Users/victo/Desktop/Vivados/verDAQ8_uart/verDAQ8_uart.srcs/sources_1/bd/zsys/ipshared/d59c/hdl/fit_timer_v2_0_vh_rfs.vhd:90' bound to instance 'Divide_I' of component 'Divide_Part' [c:/Users/victo/Desktop/Vivados/verDAQ8_uart/verDAQ8_uart.srcs/sources_1/bd/zsys/ipshared/d59c/hdl/fit_timer_v2_0_vh_rfs.vhd:714]
INFO: [Synth 8-256] done synthesizing module 'FIT_timer' (2#1) [c:/Users/victo/Desktop/Vivados/verDAQ8_uart/verDAQ8_uart.srcs/sources_1/bd/zsys/ipshared/d59c/hdl/fit_timer_v2_0_vh_rfs.vhd:422]
INFO: [Synth 8-256] done synthesizing module 'zsys_fit_timer_0_0' (3#1) [c:/Users/victo/Desktop/Vivados/verDAQ8_uart/verDAQ8_uart.srcs/sources_1/bd/zsys/ip/zsys_fit_timer_0_0/synth/zsys_fit_timer_0_0.vhd:67]
---------------------------------------------------------------------------------
Finished RTL Elaboration : Time (s): cpu = 00:00:02 ; elapsed = 00:00:03 . Memory (MB): peak = 443.812 ; gain = 155.414
---------------------------------------------------------------------------------

Report Check Netlist: 
+------+------------------+-------+---------+-------+------------------+
|      |Item              |Errors |Warnings |Status |Description       |
+------+------------------+-------+---------+-------+------------------+
|1     |multi_driven_nets |      0|        0|Passed |Multi driven nets |
+------+------------------+-------+---------+-------+------------------+
---------------------------------------------------------------------------------
Start Handling Custom Attributes
---------------------------------------------------------------------------------
---------------------------------------------------------------------------------
Finished Handling Custom Attributes : Time (s): cpu = 00:00:02 ; elapsed = 00:00:03 . Memory (MB): peak = 443.812 ; gain = 155.414
---------------------------------------------------------------------------------
---------------------------------------------------------------------------------
Finished RTL Optimization Phase 1 : Time (s): cpu = 00:00:02 ; elapsed = 00:00:03 . Memory (MB): peak = 443.812 ; gain = 155.414
---------------------------------------------------------------------------------
INFO: [Device 21-403] Loading part xc7z015clg485-1
INFO: [Project 1-570] Preparing netlist for logic optimization

Processing XDC Constraints
Initializing timing engine
Completed Processing XDC Constraints

INFO: [Project 1-111] Unisim Transformation Summary:
No Unisim elements were transformed.

WARNING: [Constraints 18-5210] No constraint will be written out.
Constraint Validation Runtime : Time (s): cpu = 00:00:00 ; elapsed = 00:00:00.043 . Memory (MB): peak = 787.000 ; gain = 1.461
---------------------------------------------------------------------------------
Finished Constraint Validation : Time (s): cpu = 00:00:10 ; elapsed = 00:00:11 . Memory (MB): peak = 787.000 ; gain = 498.602
---------------------------------------------------------------------------------
---------------------------------------------------------------------------------
Start Loading Part and Timing Information
---------------------------------------------------------------------------------
Loading part: xc7z015clg485-1
---------------------------------------------------------------------------------
Finished Loading Part and Timing Information : Time (s): cpu = 00:00:10 ; elapsed = 00:00:11 . Memory (MB): peak = 787.000 ; gain = 498.602
---------------------------------------------------------------------------------
---------------------------------------------------------------------------------
Start Applying 'set_property' XDC Constraints
---------------------------------------------------------------------------------
---------------------------------------------------------------------------------
Finished applying 'set_property' XDC Constraints : Time (s): cpu = 00:00:10 ; elapsed = 00:00:11 . Memory (MB): peak = 787.000 ; gain = 498.602
---------------------------------------------------------------------------------
---------------------------------------------------------------------------------
Finished RTL Optimization Phase 2 : Time (s): cpu = 00:00:10 ; elapsed = 00:00:12 . Memory (MB): peak = 787.000 ; gain = 498.602
---------------------------------------------------------------------------------

Report RTL Partitions: 
+-+--------------+------------+----------+
| |RTL Partition |Replication |Instances |
+-+--------------+------------+----------+
+-+--------------+------------+----------+
---------------------------------------------------------------------------------
Start RTL Component Statistics 
---------------------------------------------------------------------------------
Detailed RTL Component Info : 
+---Registers : 
	                1 Bit    Registers := 31    
---------------------------------------------------------------------------------
Finished RTL Component Statistics 
---------------------------------------------------------------------------------
---------------------------------------------------------------------------------
Start RTL Hierarchical Component Statistics 
---------------------------------------------------------------------------------
Hierarchical RTL Component report 
Module Divide_part 
Detailed RTL Component Info : 
+---Registers : 
	                1 Bit    Registers := 1     
Module Divide_part__parameterized0 
Detailed RTL Component Info : 
+---Registers : 
	                1 Bit    Registers := 3     
Module Divide_part__parameterized1 
Detailed RTL Component Info : 
+---Registers : 
	                1 Bit    Registers := 3     
Module Divide_part__parameterized2 
Detailed RTL Component Info : 
+---Registers : 
	                1 Bit    Registers := 3     
---------------------------------------------------------------------------------
Finished RTL Hierarchical Component Statistics
---------------------------------------------------------------------------------
---------------------------------------------------------------------------------
Start Part Resource Summary
---------------------------------------------------------------------------------
Part Resources:
DSPs: 160 (col length:60)
BRAMs: 190 (col length: RAMB18 60 RAMB36 30)
---------------------------------------------------------------------------------
Finished Part Resource Summary
---------------------------------------------------------------------------------
---------------------------------------------------------------------------------
Start Cross Boundary and Area Optimization
---------------------------------------------------------------------------------
Warning: Parallel synthesis criteria is not met 
INFO: [Synth 8-4471] merging register 'U0/Using_SRL16s.SRL16s[2].Divide_I/Rst_d1_reg' into 'U0/Using_SRL16s.SRL16s[1].Divide_I/Rst_d1_reg' [c:/Users/victo/Desktop/Vivados/verDAQ8_uart/verDAQ8_uart.srcs/sources_1/bd/zsys/ipshared/d59c/hdl/fit_timer_v2_0_vh_rfs.vhd:254]
INFO: [Synth 8-4471] merging register 'U0/Using_SRL16s.SRL16s[3].Divide_I/Rst_d1_reg' into 'U0/Using_SRL16s.SRL16s[1].Divide_I/Rst_d1_reg' [c:/Users/victo/Desktop/Vivados/verDAQ8_uart/verDAQ8_uart.srcs/sources_1/bd/zsys/ipshared/d59c/hdl/fit_timer_v2_0_vh_rfs.vhd:254]
INFO: [Synth 8-4471] merging register 'U0/Using_SRL16s.SRL16s[4].Divide_I/Rst_d1_reg' into 'U0/Using_SRL16s.SRL16s[1].Divide_I/Rst_d1_reg' [c:/Users/victo/Desktop/Vivados/verDAQ8_uart/verDAQ8_uart.srcs/sources_1/bd/zsys/ipshared/d59c/hdl/fit_timer_v2_0_vh_rfs.vhd:254]
INFO: [Synth 8-4471] merging register 'U0/Using_SRL16s.SRL16s[5].Divide_I/Rst_d1_reg' into 'U0/Using_SRL16s.SRL16s[1].Divide_I/Rst_d1_reg' [c:/Users/victo/Desktop/Vivados/verDAQ8_uart/verDAQ8_uart.srcs/sources_1/bd/zsys/ipshared/d59c/hdl/fit_timer_v2_0_vh_rfs.vhd:254]
INFO: [Synth 8-4471] merging register 'U0/Using_SRL16s.SRL16s[6].Divide_I/Rst_d1_reg' into 'U0/Using_SRL16s.SRL16s[1].Divide_I/Rst_d1_reg' [c:/Users/victo/Desktop/Vivados/verDAQ8_uart/verDAQ8_uart.srcs/sources_1/bd/zsys/ipshared/d59c/hdl/fit_timer_v2_0_vh_rfs.vhd:254]
INFO: [Synth 8-4471] merging register 'U0/Using_SRL16s.SRL16s[7].Divide_I/Rst_d1_reg' into 'U0/Using_SRL16s.SRL16s[1].Divide_I/Rst_d1_reg' [c:/Users/victo/Desktop/Vivados/verDAQ8_uart/verDAQ8_uart.srcs/sources_1/bd/zsys/ipshared/d59c/hdl/fit_timer_v2_0_vh_rfs.vhd:254]
INFO: [Synth 8-4471] merging register 'U0/Using_SRL16s.SRL16s[8].Divide_I/Rst_d1_reg' into 'U0/Using_SRL16s.SRL16s[1].Divide_I/Rst_d1_reg' [c:/Users/victo/Desktop/Vivados/verDAQ8_uart/verDAQ8_uart.srcs/sources_1/bd/zsys/ipshared/d59c/hdl/fit_timer_v2_0_vh_rfs.vhd:254]
INFO: [Synth 8-4471] merging register 'U0/Using_SRL16s.SRL16s[9].Divide_I/Rst_d1_reg' into 'U0/Using_SRL16s.SRL16s[1].Divide_I/Rst_d1_reg' [c:/Users/victo/Desktop/Vivados/verDAQ8_uart/verDAQ8_uart.srcs/sources_1/bd/zsys/ipshared/d59c/hdl/fit_timer_v2_0_vh_rfs.vhd:254]
INFO: [Synth 8-4471] merging register 'U0/Using_SRL16s.SRL16s[10].Divide_I/Rst_d1_reg' into 'U0/Using_SRL16s.SRL16s[1].Divide_I/Rst_d1_reg' [c:/Users/victo/Desktop/Vivados/verDAQ8_uart/verDAQ8_uart.srcs/sources_1/bd/zsys/ipshared/d59c/hdl/fit_timer_v2_0_vh_rfs.vhd:254]
INFO: [Synth 8-4471] merging register 'U0/Using_SRL16s.SRL16s[11].Divide_I/Rst_d1_reg' into 'U0/Using_SRL16s.SRL16s[1].Divide_I/Rst_d1_reg' [c:/Users/victo/Desktop/Vivados/verDAQ8_uart/verDAQ8_uart.srcs/sources_1/bd/zsys/ipshared/d59c/hdl/fit_timer_v2_0_vh_rfs.vhd:254]
WARNING: [Synth 8-6014] Unused sequential element U0/Using_SRL16s.SRL16s[2].Divide_I/Rst_d1_reg was removed.  [c:/Users/victo/Desktop/Vivados/verDAQ8_uart/verDAQ8_uart.srcs/sources_1/bd/zsys/ipshared/d59c/hdl/fit_timer_v2_0_vh_rfs.vhd:254]
WARNING: [Synth 8-6014] Unused sequential element U0/Using_SRL16s.SRL16s[3].Divide_I/Rst_d1_reg was removed.  [c:/Users/victo/Desktop/Vivados/verDAQ8_uart/verDAQ8_uart.srcs/sources_1/bd/zsys/ipshared/d59c/hdl/fit_timer_v2_0_vh_rfs.vhd:254]
WARNING: [Synth 8-6014] Unused sequential element U0/Using_SRL16s.SRL16s[4].Divide_I/Rst_d1_reg was removed.  [c:/Users/victo/Desktop/Vivados/verDAQ8_uart/verDAQ8_uart.srcs/sources_1/bd/zsys/ipshared/d59c/hdl/fit_timer_v2_0_vh_rfs.vhd:254]
WARNING: [Synth 8-6014] Unused sequential element U0/Using_SRL16s.SRL16s[5].Divide_I/Rst_d1_reg was removed.  [c:/Users/victo/Desktop/Vivados/verDAQ8_uart/verDAQ8_uart.srcs/sources_1/bd/zsys/ipshared/d59c/hdl/fit_timer_v2_0_vh_rfs.vhd:254]
WARNING: [Synth 8-6014] Unused sequential element U0/Using_SRL16s.SRL16s[6].Divide_I/Rst_d1_reg was removed.  [c:/Users/victo/Desktop/Vivados/verDAQ8_uart/verDAQ8_uart.srcs/sources_1/bd/zsys/ipshared/d59c/hdl/fit_timer_v2_0_vh_rfs.vhd:254]
WARNING: [Synth 8-6014] Unused sequential element U0/Using_SRL16s.SRL16s[7].Divide_I/Rst_d1_reg was removed.  [c:/Users/victo/Desktop/Vivados/verDAQ8_uart/verDAQ8_uart.srcs/sources_1/bd/zsys/ipshared/d59c/hdl/fit_timer_v2_0_vh_rfs.vhd:254]
WARNING: [Synth 8-6014] Unused sequential element U0/Using_SRL16s.SRL16s[8].Divide_I/Rst_d1_reg was removed.  [c:/Users/victo/Desktop/Vivados/verDAQ8_uart/verDAQ8_uart.srcs/sources_1/bd/zsys/ipshared/d59c/hdl/fit_timer_v2_0_vh_rfs.vhd:254]
WARNING: [Synth 8-6014] Unused sequential element U0/Using_SRL16s.SRL16s[9].Divide_I/Rst_d1_reg was removed.  [c:/Users/victo/Desktop/Vivados/verDAQ8_uart/verDAQ8_uart.srcs/sources_1/bd/zsys/ipshared/d59c/hdl/fit_timer_v2_0_vh_rfs.vhd:254]
WARNING: [Synth 8-6014] Unused sequential element U0/Using_SRL16s.SRL16s[10].Divide_I/Rst_d1_reg was removed.  [c:/Users/victo/Desktop/Vivados/verDAQ8_uart/verDAQ8_uart.srcs/sources_1/bd/zsys/ipshared/d59c/hdl/fit_timer_v2_0_vh_rfs.vhd:254]
WARNING: [Synth 8-6014] Unused sequential element U0/Using_SRL16s.SRL16s[11].Divide_I/Rst_d1_reg was removed.  [c:/Users/victo/Desktop/Vivados/verDAQ8_uart/verDAQ8_uart.srcs/sources_1/bd/zsys/ipshared/d59c/hdl/fit_timer_v2_0_vh_rfs.vhd:254]
---------------------------------------------------------------------------------
Finished Cross Boundary and Area Optimization : Time (s): cpu = 00:00:10 ; elapsed = 00:00:12 . Memory (MB): peak = 787.000 ; gain = 498.602
---------------------------------------------------------------------------------

Report RTL Partitions: 
+-+--------------+------------+----------+
| |RTL Partition |Replication |Instances |
+-+--------------+------------+----------+
+-+--------------+------------+----------+
---------------------------------------------------------------------------------
Start Applying XDC Timing Constraints
---------------------------------------------------------------------------------
---------------------------------------------------------------------------------
Finished Applying XDC Timing Constraints : Time (s): cpu = 00:00:17 ; elapsed = 00:00:20 . Memory (MB): peak = 787.000 ; gain = 498.602
---------------------------------------------------------------------------------
---------------------------------------------------------------------------------
Start Timing Optimization
---------------------------------------------------------------------------------
---------------------------------------------------------------------------------
Finished Timing Optimization : Time (s): cpu = 00:00:17 ; elapsed = 00:00:20 . Memory (MB): peak = 787.000 ; gain = 498.602
---------------------------------------------------------------------------------

Report RTL Partitions: 
+-+--------------+------------+----------+
| |RTL Partition |Replication |Instances |
+-+--------------+------------+----------+
+-+--------------+------------+----------+
---------------------------------------------------------------------------------
Start Technology Mapping
---------------------------------------------------------------------------------
---------------------------------------------------------------------------------
Finished Technology Mapping : Time (s): cpu = 00:00:17 ; elapsed = 00:00:20 . Memory (MB): peak = 789.941 ; gain = 501.543
---------------------------------------------------------------------------------

Report RTL Partitions: 
+-+--------------+------------+----------+
| |RTL Partition |Replication |Instances |
+-+--------------+------------+----------+
+-+--------------+------------+----------+
---------------------------------------------------------------------------------
Start IO Insertion
---------------------------------------------------------------------------------
---------------------------------------------------------------------------------
Start Flattening Before IO Insertion
---------------------------------------------------------------------------------
---------------------------------------------------------------------------------
Finished Flattening Before IO Insertion
---------------------------------------------------------------------------------
---------------------------------------------------------------------------------
Start Final Netlist Cleanup
---------------------------------------------------------------------------------
---------------------------------------------------------------------------------
Finished Final Netlist Cleanup
---------------------------------------------------------------------------------
---------------------------------------------------------------------------------
Finished IO Insertion : Time (s): cpu = 00:00:18 ; elapsed = 00:00:21 . Memory (MB): peak = 789.941 ; gain = 501.543
---------------------------------------------------------------------------------

Report Check Netlist: 
+------+------------------+-------+---------+-------+------------------+
|      |Item              |Errors |Warnings |Status |Description       |
+------+------------------+-------+---------+-------+------------------+
|1     |multi_driven_nets |      0|        0|Passed |Multi driven nets |
+------+------------------+-------+---------+-------+------------------+
---------------------------------------------------------------------------------
Start Renaming Generated Instances
---------------------------------------------------------------------------------
---------------------------------------------------------------------------------
Finished Renaming Generated Instances : Time (s): cpu = 00:00:18 ; elapsed = 00:00:21 . Memory (MB): peak = 789.941 ; gain = 501.543
---------------------------------------------------------------------------------

Report RTL Partitions: 
+-+--------------+------------+----------+
| |RTL Partition |Replication |Instances |
+-+--------------+------------+----------+
+-+--------------+------------+----------+
---------------------------------------------------------------------------------
Start Rebuilding User Hierarchy
---------------------------------------------------------------------------------
---------------------------------------------------------------------------------
Finished Rebuilding User Hierarchy : Time (s): cpu = 00:00:18 ; elapsed = 00:00:21 . Memory (MB): peak = 789.941 ; gain = 501.543
---------------------------------------------------------------------------------
---------------------------------------------------------------------------------
Start Renaming Generated Ports
---------------------------------------------------------------------------------
---------------------------------------------------------------------------------
Finished Renaming Generated Ports : Time (s): cpu = 00:00:18 ; elapsed = 00:00:21 . Memory (MB): peak = 789.941 ; gain = 501.543
---------------------------------------------------------------------------------
---------------------------------------------------------------------------------
Start Handling Custom Attributes
---------------------------------------------------------------------------------
---------------------------------------------------------------------------------
Finished Handling Custom Attributes : Time (s): cpu = 00:00:18 ; elapsed = 00:00:21 . Memory (MB): peak = 789.941 ; gain = 501.543
---------------------------------------------------------------------------------
---------------------------------------------------------------------------------
Start Renaming Generated Nets
---------------------------------------------------------------------------------
---------------------------------------------------------------------------------
Finished Renaming Generated Nets : Time (s): cpu = 00:00:18 ; elapsed = 00:00:21 . Memory (MB): peak = 789.941 ; gain = 501.543
---------------------------------------------------------------------------------
---------------------------------------------------------------------------------
Start Writing Synthesis Report
---------------------------------------------------------------------------------

Report BlackBoxes: 
+-+--------------+----------+
| |BlackBox name |Instances |
+-+--------------+----------+
+-+--------------+----------+

Report Cell Usage: 
+------+-------+------+
|      |Cell   |Count |
+------+-------+------+
|1     |LUT3   |    30|
|2     |LUT4   |     1|
|3     |SRL16E |    11|
|4     |FDRE   |    21|
+------+-------+------+

Report Instance Areas: 
+------+---------------------------------------+------------------------------+------+
|      |Instance                               |Module                        |Cells |
+------+---------------------------------------+------------------------------+------+
|1     |top                                    |                              |    63|
|2     |  U0                                   |FIT_timer                     |    63|
|3     |    \Using_SRL16s.SRL16s[10].Divide_I  |Divide_part__parameterized2   |     5|
|4     |    \Using_SRL16s.SRL16s[11].Divide_I  |Divide_part__parameterized2_0 |     4|
|5     |    \Using_SRL16s.SRL16s[1].Divide_I   |Divide_part                   |    14|
|6     |    \Using_SRL16s.SRL16s[2].Divide_I   |Divide_part__parameterized0   |     5|
|7     |    \Using_SRL16s.SRL16s[3].Divide_I   |Divide_part__parameterized1   |     5|
|8     |    \Using_SRL16s.SRL16s[4].Divide_I   |Divide_part__parameterized2_1 |     5|
|9     |    \Using_SRL16s.SRL16s[5].Divide_I   |Divide_part__parameterized2_2 |     5|
|10    |    \Using_SRL16s.SRL16s[6].Divide_I   |Divide_part__parameterized2_3 |     5|
|11    |    \Using_SRL16s.SRL16s[7].Divide_I   |Divide_part__parameterized2_4 |     5|
|12    |    \Using_SRL16s.SRL16s[8].Divide_I   |Divide_part__parameterized2_5 |     5|
|13    |    \Using_SRL16s.SRL16s[9].Divide_I   |Divide_part__parameterized2_6 |     5|
+------+---------------------------------------+------------------------------+------+
---------------------------------------------------------------------------------
Finished Writing Synthesis Report : Time (s): cpu = 00:00:18 ; elapsed = 00:00:21 . Memory (MB): peak = 789.941 ; gain = 501.543
---------------------------------------------------------------------------------
Synthesis finished with 0 errors, 0 critical warnings and 10 warnings.
Synthesis Optimization Runtime : Time (s): cpu = 00:00:10 ; elapsed = 00:00:14 . Memory (MB): peak = 789.941 ; gain = 158.355
Synthesis Optimization Complete : Time (s): cpu = 00:00:18 ; elapsed = 00:00:21 . Memory (MB): peak = 789.941 ; gain = 501.543
INFO: [Project 1-571] Translating synthesized netlist
INFO: [Project 1-570] Preparing netlist for logic optimization
INFO: [Opt 31-138] Pushed 0 inverter(s) to 0 load pin(s).
INFO: [Project 1-111] Unisim Transformation Summary:
No Unisim elements were transformed.

INFO: [Common 17-83] Releasing license: Synthesis
47 Infos, 11 Warnings, 0 Critical Warnings and 0 Errors encountered.
synth_design completed successfully
synth_design: Time (s): cpu = 00:00:19 ; elapsed = 00:00:23 . Memory (MB): peak = 805.195 ; gain = 524.852
WARNING: [Constraints 18-5210] No constraint will be written out.
INFO: [Common 17-1381] The checkpoint 'C:/Users/victo/Desktop/Vivados/verDAQ8_uart/verDAQ8_uart.runs/zsys_fit_timer_0_0_synth_1/zsys_fit_timer_0_0.dcp' has been generated.
INFO: [Coretcl 2-1482] Added synthesis output to IP cache for IP c:/Users/victo/Desktop/Vivados/verDAQ8_uart/verDAQ8_uart.srcs/sources_1/bd/zsys/ip/zsys_fit_timer_0_0/zsys_fit_timer_0_0.xci
INFO: [Coretcl 2-1174] Renamed 12 cell refs.
WARNING: [Constraints 18-5210] No constraint will be written out.
INFO: [Common 17-1381] The checkpoint 'C:/Users/victo/Desktop/Vivados/verDAQ8_uart/verDAQ8_uart.runs/zsys_fit_timer_0_0_synth_1/zsys_fit_timer_0_0.dcp' has been generated.
INFO: [runtcl-4] Executing : report_utilization -file zsys_fit_timer_0_0_utilization_synth.rpt -pb zsys_fit_timer_0_0_utilization_synth.pb
report_utilization: Time (s): cpu = 00:00:00 ; elapsed = 00:00:00.032 . Memory (MB): peak = 809.480 ; gain = 0.000
INFO: [Common 17-206] Exiting Vivado at Sat May 21 23:52:18 2022...
