12:22:48 **** Build of project MB40CH_wUART_bsp_0 ****
make -k all 
Running Make include in ps7_cortexa9_0/libsrc/AXI_ADC_v1_0/src
make -C ps7_cortexa9_0/libsrc/AXI_ADC_v1_0/src -s include  "SHELL=/bin/sh" "COMPILER=arm-none-eabi-gcc" "ARCHIVER=arm-none-eabi-ar" "COMPILER_FLAGS=  -O2 -c" "EXTRA_COMPILER_FLAGS=-mcpu=cortex-a9 -mfpu=vfpv3 -mfloat-abi=hard -nostartfiles -g -Wall -Wextra"
Running Make include in ps7_cortexa9_0/libsrc/axidma_v9_7/src
make -C ps7_cortexa9_0/libsrc/axidma_v9_7/src -s include  "SHELL=/bin/sh" "COMPILER=arm-none-eabi-gcc" "ARCHIVER=arm-none-eabi-ar" "COMPILER_FLAGS=  -O2 -c" "EXTRA_COMPILER_FLAGS=-mcpu=cortex-a9 -mfpu=vfpv3 -mfloat-abi=hard -nostartfiles -g -Wall -Wextra"
Running Make include in ps7_cortexa9_0/libsrc/clk_mon_v1_0/src
make -C ps7_cortexa9_0/libsrc/clk_mon_v1_0/src -s include  "SHELL=/bin/sh" "COMPILER=arm-none-eabi-gcc" "ARCHIVER=arm-none-eabi-ar" "COMPILER_FLAGS=  -O2 -c" "EXTRA_COMPILER_FLAGS=-mcpu=cortex-a9 -mfpu=vfpv3 -mfloat-abi=hard -nostartfiles -g -Wall -Wextra"
Running Make include in ps7_cortexa9_0/libsrc/coresightps_dcc_v1_4/src
make -C ps7_cortexa9_0/libsrc/coresightps_dcc_v1_4/src -s include  "SHELL=/bin/sh" "COMPILER=arm-none-eabi-gcc" "ARCHIVER=arm-none-eabi-ar" "COMPILER_FLAGS=  -O2 -c" "EXTRA_COMPILER_FLAGS=-mcpu=cortex-a9 -mfpu=vfpv3 -mfloat-abi=hard -nostartfiles -g -Wall -Wextra"
Running Make include in ps7_cortexa9_0/libsrc/CPLD_ctrl_v1_0/src
make -C ps7_cortexa9_0/libsrc/CPLD_ctrl_v1_0/src -s include  "SHELL=/bin/sh" "COMPILER=arm-none-eabi-gcc" "ARCHIVER=arm-none-eabi-ar" "COMPILER_FLAGS=  -O2 -c" "EXTRA_COMPILER_FLAGS=-mcpu=cortex-a9 -mfpu=vfpv3 -mfloat-abi=hard -nostartfiles -g -Wall -Wextra"
Running Make include in ps7_cortexa9_0/libsrc/cpu_cortexa9_v2_6/src
make -C ps7_cortexa9_0/libsrc/cpu_cortexa9_v2_6/src -s include  "SHELL=/bin/sh" "COMPILER=arm-none-eabi-gcc" "ARCHIVER=arm-none-eabi-ar" "COMPILER_FLAGS=  -O2 -c" "EXTRA_COMPILER_FLAGS=-mcpu=cortex-a9 -mfpu=vfpv3 -mfloat-abi=hard -nostartfiles -g -Wall -Wextra"
Running Make include in ps7_cortexa9_0/libsrc/dac_i2c_v1_0/src
make -C ps7_cortexa9_0/libsrc/dac_i2c_v1_0/src -s include  "SHELL=/bin/sh" "COMPILER=arm-none-eabi-gcc" "ARCHIVER=arm-none-eabi-ar" "COMPILER_FLAGS=  -O2 -c" "EXTRA_COMPILER_FLAGS=-mcpu=cortex-a9 -mfpu=vfpv3 -mfloat-abi=hard -nostartfiles -g -Wall -Wextra"
Running Make include in ps7_cortexa9_0/libsrc/ddrps_v1_0/src
make -C ps7_cortexa9_0/libsrc/ddrps_v1_0/src -s include  "SHELL=/bin/sh" "COMPILER=arm-none-eabi-gcc" "ARCHIVER=arm-none-eabi-ar" "COMPILER_FLAGS=  -O2 -c" "EXTRA_COMPILER_FLAGS=-mcpu=cortex-a9 -mfpu=vfpv3 -mfloat-abi=hard -nostartfiles -g -Wall -Wextra"
Running Make include in ps7_cortexa9_0/libsrc/devcfg_v3_5/src
make -C ps7_cortexa9_0/libsrc/devcfg_v3_5/src -s include  "SHELL=/bin/sh" "COMPILER=arm-none-eabi-gcc" "ARCHIVER=arm-none-eabi-ar" "COMPILER_FLAGS=  -O2 -c" "EXTRA_COMPILER_FLAGS=-mcpu=cortex-a9 -mfpu=vfpv3 -mfloat-abi=hard -nostartfiles -g -Wall -Wextra"
Running Make include in ps7_cortexa9_0/libsrc/dmaps_v2_3/src
make -C ps7_cortexa9_0/libsrc/dmaps_v2_3/src -s include  "SHELL=/bin/sh" "COMPILER=arm-none-eabi-gcc" "ARCHIVER=arm-none-eabi-ar" "COMPILER_FLAGS=  -O2 -c" "EXTRA_COMPILER_FLAGS=-mcpu=cortex-a9 -mfpu=vfpv3 -mfloat-abi=hard -nostartfiles -g -Wall -Wextra"
Running Make include in ps7_cortexa9_0/libsrc/DRS4_firmware_v2_0/src
make -C ps7_cortexa9_0/libsrc/DRS4_firmware_v2_0/src -s include  "SHELL=/bin/sh" "COMPILER=arm-none-eabi-gcc" "ARCHIVER=arm-none-eabi-ar" "COMPILER_FLAGS=  -O2 -c" "EXTRA_COMPILER_FLAGS=-mcpu=cortex-a9 -mfpu=vfpv3 -mfloat-abi=hard -nostartfiles -g -Wall -Wextra"
Running Make include in ps7_cortexa9_0/libsrc/emacps_v3_7/src
make -C ps7_cortexa9_0/libsrc/emacps_v3_7/src -s include  "SHELL=/bin/sh" "COMPILER=arm-none-eabi-gcc" "ARCHIVER=arm-none-eabi-ar" "COMPILER_FLAGS=  -O2 -c" "EXTRA_COMPILER_FLAGS=-mcpu=cortex-a9 -mfpu=vfpv3 -mfloat-abi=hard -nostartfiles -g -Wall -Wextra"
Running Make include in ps7_cortexa9_0/libsrc/gpiops_v3_3/src
make -C ps7_cortexa9_0/libsrc/gpiops_v3_3/src -s include  "SHELL=/bin/sh" "COMPILER=arm-none-eabi-gcc" "ARCHIVER=arm-none-eabi-ar" "COMPILER_FLAGS=  -O2 -c" "EXTRA_COMPILER_FLAGS=-mcpu=cortex-a9 -mfpu=vfpv3 -mfloat-abi=hard -nostartfiles -g -Wall -Wextra"
Running Make include in ps7_cortexa9_0/libsrc/gpio_v4_3/src
make -C ps7_cortexa9_0/libsrc/gpio_v4_3/src -s include  "SHELL=/bin/sh" "COMPILER=arm-none-eabi-gcc" "ARCHIVER=arm-none-eabi-ar" "COMPILER_FLAGS=  -O2 -c" "EXTRA_COMPILER_FLAGS=-mcpu=cortex-a9 -mfpu=vfpv3 -mfloat-abi=hard -nostartfiles -g -Wall -Wextra"
Running Make include in ps7_cortexa9_0/libsrc/lwip202_v1_1/src
make -C ps7_cortexa9_0/libsrc/lwip202_v1_1/src -s include  "SHELL=/bin/sh" "COMPILER=arm-none-eabi-gcc" "ARCHIVER=arm-none-eabi-ar" "COMPILER_FLAGS=  -O2 -c" "EXTRA_COMPILER_FLAGS=-mcpu=cortex-a9 -mfpu=vfpv3 -mfloat-abi=hard -nostartfiles -g -Wall -Wextra"
Running Make include in ps7_cortexa9_0/libsrc/qspips_v3_4/src
make -C ps7_cortexa9_0/libsrc/qspips_v3_4/src -s include  "SHELL=/bin/sh" "COMPILER=arm-none-eabi-gcc" "ARCHIVER=arm-none-eabi-ar" "COMPILER_FLAGS=  -O2 -c" "EXTRA_COMPILER_FLAGS=-mcpu=cortex-a9 -mfpu=vfpv3 -mfloat-abi=hard -nostartfiles -g -Wall -Wextra"
Running Make include in ps7_cortexa9_0/libsrc/scugic_v3_9/src
make -C ps7_cortexa9_0/libsrc/scugic_v3_9/src -s include  "SHELL=/bin/sh" "COMPILER=arm-none-eabi-gcc" "ARCHIVER=arm-none-eabi-ar" "COMPILER_FLAGS=  -O2 -c" "EXTRA_COMPILER_FLAGS=-mcpu=cortex-a9 -mfpu=vfpv3 -mfloat-abi=hard -nostartfiles -g -Wall -Wextra"
Running Make include in ps7_cortexa9_0/libsrc/scutimer_v2_1/src
make -C ps7_cortexa9_0/libsrc/scutimer_v2_1/src -s include  "SHELL=/bin/sh" "COMPILER=arm-none-eabi-gcc" "ARCHIVER=arm-none-eabi-ar" "COMPILER_FLAGS=  -O2 -c" "EXTRA_COMPILER_FLAGS=-mcpu=cortex-a9 -mfpu=vfpv3 -mfloat-abi=hard -nostartfiles -g -Wall -Wextra"
Running Make include in ps7_cortexa9_0/libsrc/scuwdt_v2_1/src
make -C ps7_cortexa9_0/libsrc/scuwdt_v2_1/src -s include  "SHELL=/bin/sh" "COMPILER=arm-none-eabi-gcc" "ARCHIVER=arm-none-eabi-ar" "COMPILER_FLAGS=  -O2 -c" "EXTRA_COMPILER_FLAGS=-mcpu=cortex-a9 -mfpu=vfpv3 -mfloat-abi=hard -nostartfiles -g -Wall -Wextra"
Running Make include in ps7_cortexa9_0/libsrc/standalone_v6_7/src
make -C ps7_cortexa9_0/libsrc/standalone_v6_7/src -s include  "SHELL=/bin/sh" "COMPILER=arm-none-eabi-gcc" "ARCHIVER=arm-none-eabi-ar" "COMPILER_FLAGS=  -O2 -c" "EXTRA_COMPILER_FLAGS=-mcpu=cortex-a9 -mfpu=vfpv3 -mfloat-abi=hard -nostartfiles -g -Wall -Wextra"
Running Make include in ps7_cortexa9_0/libsrc/uartps_v3_6/src
make -C ps7_cortexa9_0/libsrc/uartps_v3_6/src -s include  "SHELL=/bin/sh" "COMPILER=arm-none-eabi-gcc" "ARCHIVER=arm-none-eabi-ar" "COMPILER_FLAGS=  -O2 -c" "EXTRA_COMPILER_FLAGS=-mcpu=cortex-a9 -mfpu=vfpv3 -mfloat-abi=hard -nostartfiles -g -Wall -Wextra"
Running Make include in ps7_cortexa9_0/libsrc/wdtps_v3_0/src
make -C ps7_cortexa9_0/libsrc/wdtps_v3_0/src -s include  "SHELL=/bin/sh" "COMPILER=arm-none-eabi-gcc" "ARCHIVER=arm-none-eabi-ar" "COMPILER_FLAGS=  -O2 -c" "EXTRA_COMPILER_FLAGS=-mcpu=cortex-a9 -mfpu=vfpv3 -mfloat-abi=hard -nostartfiles -g -Wall -Wextra"
Running Make include in ps7_cortexa9_0/libsrc/xadcps_v2_2/src
make -C ps7_cortexa9_0/libsrc/xadcps_v2_2/src -s include  "SHELL=/bin/sh" "COMPILER=arm-none-eabi-gcc" "ARCHIVER=arm-none-eabi-ar" "COMPILER_FLAGS=  -O2 -c" "EXTRA_COMPILER_FLAGS=-mcpu=cortex-a9 -mfpu=vfpv3 -mfloat-abi=hard -nostartfiles -g -Wall -Wextra"
Running Make libs in ps7_cortexa9_0/libsrc/AXI_ADC_v1_0/src
make -C ps7_cortexa9_0/libsrc/AXI_ADC_v1_0/src -s libs  "SHELL=/bin/sh" "COMPILER=arm-none-eabi-gcc" "ARCHIVER=arm-none-eabi-ar" "COMPILER_FLAGS=  -O2 -c" "EXTRA_COMPILER_FLAGS=-mcpu=cortex-a9 -mfpu=vfpv3 -mfloat-abi=hard -nostartfiles -g -Wall -Wextra"
Compiling AXI_ADC...
AXI_ADC_selftest.c: In function 'AXI_ADC_Reg_SelfTest':
AXI_ADC_selftest.c:52:56: warning: comparison between signed and unsigned integer expressions [-Wsign-compare]
    if ( AXI_ADC_mReadReg (baseaddr, read_loop_index*4) != (read_loop_index+1)*READ_WRITE_MUL_FACTOR){
                                                        ^~
AXI_ADC_selftest.c:36:6: warning: unused variable 'Index' [-Wunused-variable]
  int Index;
      ^~~~~
Running Make libs in ps7_cortexa9_0/libsrc/axidma_v9_7/src
make -C ps7_cortexa9_0/libsrc/axidma_v9_7/src -s libs  "SHELL=/bin/sh" "COMPILER=arm-none-eabi-gcc" "ARCHIVER=arm-none-eabi-ar" "COMPILER_FLAGS=  -O2 -c" "EXTRA_COMPILER_FLAGS=-mcpu=cortex-a9 -mfpu=vfpv3 -mfloat-abi=hard -nostartfiles -g -Wall -Wextra"
Compiling axidma
Running Make libs in ps7_cortexa9_0/libsrc/clk_mon_v1_0/src
make -C ps7_cortexa9_0/libsrc/clk_mon_v1_0/src -s libs  "SHELL=/bin/sh" "COMPILER=arm-none-eabi-gcc" "ARCHIVER=arm-none-eabi-ar" "COMPILER_FLAGS=  -O2 -c" "EXTRA_COMPILER_FLAGS=-mcpu=cortex-a9 -mfpu=vfpv3 -mfloat-abi=hard -nostartfiles -g -Wall -Wextra"
Compiling clk_mon...
clk_mon_selftest.c: In function 'CLK_MON_Reg_SelfTest':
clk_mon_selftest.c:52:56: warning: comparison between signed and unsigned integer expressions [-Wsign-compare]
    if ( CLK_MON_mReadReg (baseaddr, read_loop_index*4) != (read_loop_index+1)*READ_WRITE_MUL_FACTOR){
                                                        ^~
clk_mon_selftest.c:36:6: warning: unused variable 'Index' [-Wunused-variable]
  int Index;
      ^~~~~
Running Make libs in ps7_cortexa9_0/libsrc/coresightps_dcc_v1_4/src
make -C ps7_cortexa9_0/libsrc/coresightps_dcc_v1_4/src -s libs  "SHELL=/bin/sh" "COMPILER=arm-none-eabi-gcc" "ARCHIVER=arm-none-eabi-ar" "COMPILER_FLAGS=  -O2 -c" "EXTRA_COMPILER_FLAGS=-mcpu=cortex-a9 -mfpu=vfpv3 -mfloat-abi=hard -nostartfiles -g -Wall -Wextra"
Compiling coresightps_dcc
Running Make libs in ps7_cortexa9_0/libsrc/CPLD_ctrl_v1_0/src
make -C ps7_cortexa9_0/libsrc/CPLD_ctrl_v1_0/src -s libs  "SHELL=/bin/sh" "COMPILER=arm-none-eabi-gcc" "ARCHIVER=arm-none-eabi-ar" "COMPILER_FLAGS=  -O2 -c" "EXTRA_COMPILER_FLAGS=-mcpu=cortex-a9 -mfpu=vfpv3 -mfloat-abi=hard -nostartfiles -g -Wall -Wextra"
Compiling CPLD_ctrl...
CPLD_ctrl_selftest.c: In function 'CPLD_CTRL_Reg_SelfTest':
CPLD_ctrl_selftest.c:52:58: warning: comparison between signed and unsigned integer expressions [-Wsign-compare]
    if ( CPLD_CTRL_mReadReg (baseaddr, read_loop_index*4) != (read_loop_index+1)*READ_WRITE_MUL_FACTOR){
                                                          ^~
CPLD_ctrl_selftest.c:36:6: warning: unused variable 'Index' [-Wunused-variable]
  int Index;
      ^~~~~
Running Make libs in ps7_cortexa9_0/libsrc/cpu_cortexa9_v2_6/src
make -C ps7_cortexa9_0/libsrc/cpu_cortexa9_v2_6/src -s libs  "SHELL=/bin/sh" "COMPILER=arm-none-eabi-gcc" "ARCHIVER=arm-none-eabi-ar" "COMPILER_FLAGS=  -O2 -c" "EXTRA_COMPILER_FLAGS=-mcpu=cortex-a9 -mfpu=vfpv3 -mfloat-abi=hard -nostartfiles -g -Wall -Wextra"
Compiling cpu_cortexa9
Running Make libs in ps7_cortexa9_0/libsrc/dac_i2c_v1_0/src
make -C ps7_cortexa9_0/libsrc/dac_i2c_v1_0/src -s libs  "SHELL=/bin/sh" "COMPILER=arm-none-eabi-gcc" "ARCHIVER=arm-none-eabi-ar" "COMPILER_FLAGS=  -O2 -c" "EXTRA_COMPILER_FLAGS=-mcpu=cortex-a9 -mfpu=vfpv3 -mfloat-abi=hard -nostartfiles -g -Wall -Wextra"
Compiling dac_i2c...
dac_i2c_selftest.c: In function 'DAC_I2C_Reg_SelfTest':
dac_i2c_selftest.c:52:56: warning: comparison between signed and unsigned integer expressions [-Wsign-compare]
    if ( DAC_I2C_mReadReg (baseaddr, read_loop_index*4) != (read_loop_index+1)*READ_WRITE_MUL_FACTOR){
                                                        ^~
dac_i2c_selftest.c:36:6: warning: unused variable 'Index' [-Wunused-variable]
  int Index;
      ^~~~~
Running Make libs in ps7_cortexa9_0/libsrc/ddrps_v1_0/src
make -C ps7_cortexa9_0/libsrc/ddrps_v1_0/src -s libs  "SHELL=/bin/sh" "COMPILER=arm-none-eabi-gcc" "ARCHIVER=arm-none-eabi-ar" "COMPILER_FLAGS=  -O2 -c" "EXTRA_COMPILER_FLAGS=-mcpu=cortex-a9 -mfpu=vfpv3 -mfloat-abi=hard -nostartfiles -g -Wall -Wextra"
Compiling ddrps
Running Make libs in ps7_cortexa9_0/libsrc/devcfg_v3_5/src
make -C ps7_cortexa9_0/libsrc/devcfg_v3_5/src -s libs  "SHELL=/bin/sh" "COMPILER=arm-none-eabi-gcc" "ARCHIVER=arm-none-eabi-ar" "COMPILER_FLAGS=  -O2 -c" "EXTRA_COMPILER_FLAGS=-mcpu=cortex-a9 -mfpu=vfpv3 -mfloat-abi=hard -nostartfiles -g -Wall -Wextra"
Compiling devcfg
Running Make libs in ps7_cortexa9_0/libsrc/dmaps_v2_3/src
make -C ps7_cortexa9_0/libsrc/dmaps_v2_3/src -s libs  "SHELL=/bin/sh" "COMPILER=arm-none-eabi-gcc" "ARCHIVER=arm-none-eabi-ar" "COMPILER_FLAGS=  -O2 -c" "EXTRA_COMPILER_FLAGS=-mcpu=cortex-a9 -mfpu=vfpv3 -mfloat-abi=hard -nostartfiles -g -Wall -Wextra"
Compiling dmaps
Running Make libs in ps7_cortexa9_0/libsrc/DRS4_firmware_v2_0/src
make -C ps7_cortexa9_0/libsrc/DRS4_firmware_v2_0/src -s libs  "SHELL=/bin/sh" "COMPILER=arm-none-eabi-gcc" "ARCHIVER=arm-none-eabi-ar" "COMPILER_FLAGS=  -O2 -c" "EXTRA_COMPILER_FLAGS=-mcpu=cortex-a9 -mfpu=vfpv3 -mfloat-abi=hard -nostartfiles -g -Wall -Wextra"
Compiling DRS4_firmware...
DRS4_firmware_selftest.c: In function 'DRS4_FIRMWARE_Reg_SelfTest':
DRS4_firmware_selftest.c:52:62: warning: comparison between signed and unsigned integer expressions [-Wsign-compare]
    if ( DRS4_FIRMWARE_mReadReg (baseaddr, read_loop_index*4) != (read_loop_index+1)*READ_WRITE_MUL_FACTOR){
                                                              ^~
DRS4_firmware_selftest.c:36:6: warning: unused variable 'Index' [-Wunused-variable]
  int Index;
      ^~~~~
Running Make libs in ps7_cortexa9_0/libsrc/emacps_v3_7/src
make -C ps7_cortexa9_0/libsrc/emacps_v3_7/src -s libs  "SHELL=/bin/sh" "COMPILER=arm-none-eabi-gcc" "ARCHIVER=arm-none-eabi-ar" "COMPILER_FLAGS=  -O2 -c" "EXTRA_COMPILER_FLAGS=-mcpu=cortex-a9 -mfpu=vfpv3 -mfloat-abi=hard -nostartfiles -g -Wall -Wextra"
Compiling emacps
Running Make libs in ps7_cortexa9_0/libsrc/gpiops_v3_3/src
make -C ps7_cortexa9_0/libsrc/gpiops_v3_3/src -s libs  "SHELL=/bin/sh" "COMPILER=arm-none-eabi-gcc" "ARCHIVER=arm-none-eabi-ar" "COMPILER_FLAGS=  -O2 -c" "EXTRA_COMPILER_FLAGS=-mcpu=cortex-a9 -mfpu=vfpv3 -mfloat-abi=hard -nostartfiles -g -Wall -Wextra"
Compiling gpiops
Running Make libs in ps7_cortexa9_0/libsrc/gpio_v4_3/src
make -C ps7_cortexa9_0/libsrc/gpio_v4_3/src -s libs  "SHELL=/bin/sh" "COMPILER=arm-none-eabi-gcc" "ARCHIVER=arm-none-eabi-ar" "COMPILER_FLAGS=  -O2 -c" "EXTRA_COMPILER_FLAGS=-mcpu=cortex-a9 -mfpu=vfpv3 -mfloat-abi=hard -nostartfiles -g -Wall -Wextra"
Compiling gpio
Running Make libs in ps7_cortexa9_0/libsrc/lwip202_v1_1/src
make -C ps7_cortexa9_0/libsrc/lwip202_v1_1/src -s libs  "SHELL=/bin/sh" "COMPILER=arm-none-eabi-gcc" "ARCHIVER=arm-none-eabi-ar" "COMPILER_FLAGS=  -O2 -c" "EXTRA_COMPILER_FLAGS=-mcpu=cortex-a9 -mfpu=vfpv3 -mfloat-abi=hard -nostartfiles -g -Wall -Wextra"
Compiling lwip src and adapter files
Running Make libs in ps7_cortexa9_0/libsrc/qspips_v3_4/src
make -C ps7_cortexa9_0/libsrc/qspips_v3_4/src -s libs  "SHELL=/bin/sh" "COMPILER=arm-none-eabi-gcc" "ARCHIVER=arm-none-eabi-ar" "COMPILER_FLAGS=  -O2 -c" "EXTRA_COMPILER_FLAGS=-mcpu=cortex-a9 -mfpu=vfpv3 -mfloat-abi=hard -nostartfiles -g -Wall -Wextra"
Compiling qspips
Running Make libs in ps7_cortexa9_0/libsrc/scugic_v3_9/src
make -C ps7_cortexa9_0/libsrc/scugic_v3_9/src -s libs  "SHELL=/bin/sh" "COMPILER=arm-none-eabi-gcc" "ARCHIVER=arm-none-eabi-ar" "COMPILER_FLAGS=  -O2 -c" "EXTRA_COMPILER_FLAGS=-mcpu=cortex-a9 -mfpu=vfpv3 -mfloat-abi=hard -nostartfiles -g -Wall -Wextra"
Compiling scugic
Running Make libs in ps7_cortexa9_0/libsrc/scutimer_v2_1/src
make -C ps7_cortexa9_0/libsrc/scutimer_v2_1/src -s libs  "SHELL=/bin/sh" "COMPILER=arm-none-eabi-gcc" "ARCHIVER=arm-none-eabi-ar" "COMPILER_FLAGS=  -O2 -c" "EXTRA_COMPILER_FLAGS=-mcpu=cortex-a9 -mfpu=vfpv3 -mfloat-abi=hard -nostartfiles -g -Wall -Wextra"
Compiling scutimer
Running Make libs in ps7_cortexa9_0/libsrc/scuwdt_v2_1/src
make -C ps7_cortexa9_0/libsrc/scuwdt_v2_1/src -s libs  "SHELL=/bin/sh" "COMPILER=arm-none-eabi-gcc" "ARCHIVER=arm-none-eabi-ar" "COMPILER_FLAGS=  -O2 -c" "EXTRA_COMPILER_FLAGS=-mcpu=cortex-a9 -mfpu=vfpv3 -mfloat-abi=hard -nostartfiles -g -Wall -Wextra"
Compiling scuwdt
Running Make libs in ps7_cortexa9_0/libsrc/standalone_v6_7/src
make -C ps7_cortexa9_0/libsrc/standalone_v6_7/src -s libs  "SHELL=/bin/sh" "COMPILER=arm-none-eabi-gcc" "ARCHIVER=arm-none-eabi-ar" "COMPILER_FLAGS=  -O2 -c" "EXTRA_COMPILER_FLAGS=-mcpu=cortex-a9 -mfpu=vfpv3 -mfloat-abi=hard -nostartfiles -g -Wall -Wextra"
Compiling standalone
Running Make libs in ps7_cortexa9_0/libsrc/uartps_v3_6/src
make -C ps7_cortexa9_0/libsrc/uartps_v3_6/src -s libs  "SHELL=/bin/sh" "COMPILER=arm-none-eabi-gcc" "ARCHIVER=arm-none-eabi-ar" "COMPILER_FLAGS=  -O2 -c" "EXTRA_COMPILER_FLAGS=-mcpu=cortex-a9 -mfpu=vfpv3 -mfloat-abi=hard -nostartfiles -g -Wall -Wextra"
Compiling uartps
Running Make libs in ps7_cortexa9_0/libsrc/wdtps_v3_0/src
make -C ps7_cortexa9_0/libsrc/wdtps_v3_0/src -s libs  "SHELL=/bin/sh" "COMPILER=arm-none-eabi-gcc" "ARCHIVER=arm-none-eabi-ar" "COMPILER_FLAGS=  -O2 -c" "EXTRA_COMPILER_FLAGS=-mcpu=cortex-a9 -mfpu=vfpv3 -mfloat-abi=hard -nostartfiles -g -Wall -Wextra"
Compiling wdtps
Running Make libs in ps7_cortexa9_0/libsrc/xadcps_v2_2/src
make -C ps7_cortexa9_0/libsrc/xadcps_v2_2/src -s libs  "SHELL=/bin/sh" "COMPILER=arm-none-eabi-gcc" "ARCHIVER=arm-none-eabi-ar" "COMPILER_FLAGS=  -O2 -c" "EXTRA_COMPILER_FLAGS=-mcpu=cortex-a9 -mfpu=vfpv3 -mfloat-abi=hard -nostartfiles -g -Wall -Wextra"
Compiling xadcps
Finished building libraries

12:22:56 Build Finished (took 7s.300ms)

