13:32:57 **** Incremental Build of configuration Debug for project MB40ch_wTCP_server_broken ****
make pre-build main-build 
a9-linaro-pre-build-step
 
Building target: MB40ch_wTCP_server_broken.elf
Invoking: ARM v7 gcc linker
arm-none-eabi-gcc -mcpu=cortex-a9 -mfpu=vfpv3 -mfloat-abi=hard -Wl,-build-id=none -specs=Xilinx.spec -Wl,-T -Wl,../src/lscript.ld -L../../MB40ch_wTCP_server_bsp/ps7_cortexa9_0/lib -o "MB40ch_wTCP_server_broken.elf" ./src/ADC_driver.o ./src/CPLD_driver.o ./src/DRS4_driver.o ./src/echo.o ./src/gpio_handler.o ./src/i2c_access.o ./src/iic_phyreset.o ./src/main.o ./src/platform.o ./src/platform_mb.o ./src/platform_ppc.o ./src/platform_zynq.o ./src/platform_zynqmp.o ./src/sfp.o ./src/si5324.o ./src/tcp_com.o ./src/xaxidma_controller.o   -Wl,--start-group,-lxil,-lgcc,-lc,--end-group
./src/main.o: In function `main':
/home/ifraba/Desktop/Laboral/SAPHIR/Pruebas_tecnicas/CMB_project/CMB_project_Gitlab_Orlando/charge-monitoring-system/zynq/CMB40_v1/CMB40_v1.sdk/MB40ch_wTCP_server_broken/Debug/../src/main.c:119: undefined reference to `lwip_init'
/home/ifraba/Desktop/Laboral/SAPHIR/Pruebas_tecnicas/CMB_project/CMB_project_Gitlab_Orlando/charge-monitoring-system/zynq/CMB40_v1/CMB40_v1.sdk/MB40ch_wTCP_server_broken/Debug/../src/main.c:123: undefined reference to `xemac_add'
/home/ifraba/Desktop/Laboral/SAPHIR/Pruebas_tecnicas/CMB_project/CMB_project_Gitlab_Orlando/charge-monitoring-system/zynq/CMB40_v1/CMB40_v1.sdk/MB40ch_wTCP_server_broken/Debug/../src/main.c:130: undefined reference to `netif_set_default'
/home/ifraba/Desktop/Laboral/SAPHIR/Pruebas_tecnicas/CMB_project/CMB_project_Gitlab_Orlando/charge-monitoring-system/zynq/CMB40_v1/CMB40_v1.sdk/MB40ch_wTCP_server_broken/Debug/../src/main.c:137: undefined reference to `netif_set_up'
/home/ifraba/Desktop/Laboral/SAPHIR/Pruebas_tecnicas/CMB_project/CMB_project_Gitlab_Orlando/charge-monitoring-system/zynq/CMB40_v1/CMB40_v1.sdk/MB40ch_wTCP_server_broken/Debug/../src/main.c:143: undefined reference to `dhcp_start'
/home/ifraba/Desktop/Laboral/SAPHIR/Pruebas_tecnicas/CMB_project/CMB_project_Gitlab_Orlando/charge-monitoring-system/zynq/CMB40_v1/CMB40_v1.sdk/MB40ch_wTCP_server_broken/Debug/../src/main.c:147: undefined reference to `xemacif_input'
./src/main.o: In function `loop_routine':
/home/ifraba/Desktop/Laboral/SAPHIR/Pruebas_tecnicas/CMB_project/CMB_project_Gitlab_Orlando/charge-monitoring-system/zynq/CMB40_v1/CMB40_v1.sdk/MB40ch_wTCP_server_broken/Debug/../src/main.c:347: undefined reference to `tcp_fasttmr'
/home/ifraba/Desktop/Laboral/SAPHIR/Pruebas_tecnicas/CMB_project/CMB_project_Gitlab_Orlando/charge-monitoring-system/zynq/CMB40_v1/CMB40_v1.sdk/MB40ch_wTCP_server_broken/Debug/../src/main.c:352: undefined reference to `tcp_slowtmr'
/home/ifraba/Desktop/Laboral/SAPHIR/Pruebas_tecnicas/CMB_project/CMB_project_Gitlab_Orlando/charge-monitoring-system/zynq/CMB40_v1/CMB40_v1.sdk/MB40ch_wTCP_server_broken/Debug/../src/main.c:380: undefined reference to `xemacif_input'
./src/main.o: In function `recv_callback':
/home/ifraba/Desktop/Laboral/SAPHIR/Pruebas_tecnicas/CMB_project/CMB_project_Gitlab_Orlando/charge-monitoring-system/zynq/CMB40_v1/CMB40_v1.sdk/MB40ch_wTCP_server_broken/Debug/../src/main.c:515: undefined reference to `tcp_close'
/home/ifraba/Desktop/Laboral/SAPHIR/Pruebas_tecnicas/CMB_project/CMB_project_Gitlab_Orlando/charge-monitoring-system/zynq/CMB40_v1/CMB40_v1.sdk/MB40ch_wTCP_server_broken/Debug/../src/main.c:516: undefined reference to `tcp_recv'
/home/ifraba/Desktop/Laboral/SAPHIR/Pruebas_tecnicas/CMB_project/CMB_project_Gitlab_Orlando/charge-monitoring-system/zynq/CMB40_v1/CMB40_v1.sdk/MB40ch_wTCP_server_broken/Debug/../src/main.c:522: undefined reference to `tcp_recved'
/home/ifraba/Desktop/Laboral/SAPHIR/Pruebas_tecnicas/CMB_project/CMB_project_Gitlab_Orlando/charge-monitoring-system/zynq/CMB40_v1/CMB40_v1.sdk/MB40ch_wTCP_server_broken/Debug/../src/main.c:691: undefined reference to `pbuf_free'
./src/platform_zynq.o: In function `timer_callback':
/home/ifraba/Desktop/Laboral/SAPHIR/Pruebas_tecnicas/CMB_project/CMB_project_Gitlab_Orlando/charge-monitoring-system/zynq/CMB40_v1/CMB40_v1.sdk/MB40ch_wTCP_server_broken/Debug/../src/platform_zynq.c:119: undefined reference to `dhcp_fine_tmr'
/home/ifraba/Desktop/Laboral/SAPHIR/Pruebas_tecnicas/CMB_project/CMB_project_Gitlab_Orlando/charge-monitoring-system/zynq/CMB40_v1/CMB40_v1.sdk/MB40ch_wTCP_server_broken/Debug/../src/platform_zynq.c:121: undefined reference to `dhcp_coarse_tmr'
/home/ifraba/Desktop/Laboral/SAPHIR/Pruebas_tecnicas/CMB_project/CMB_project_Gitlab_Orlando/charge-monitoring-system/zynq/CMB40_v1/CMB40_v1.sdk/MB40ch_wTCP_server_broken/Debug/../src/platform_zynq.c:137: undefined reference to `xemacpsif_resetrx_on_no_rxdata'
/home/ifraba/Desktop/Laboral/SAPHIR/Pruebas_tecnicas/CMB_project/CMB_project_Gitlab_Orlando/charge-monitoring-system/zynq/CMB40_v1/CMB40_v1.sdk/MB40ch_wTCP_server_broken/Debug/../src/platform_zynq.c:143: undefined reference to `eth_link_detect'
./src/tcp_com.o: In function `transfer_data_bkup':
/home/ifraba/Desktop/Laboral/SAPHIR/Pruebas_tecnicas/CMB_project/CMB_project_Gitlab_Orlando/charge-monitoring-system/zynq/CMB40_v1/CMB40_v1.sdk/MB40ch_wTCP_server_broken/Debug/../src/tcp_com.c:107: undefined reference to `pbuf_alloc'
/home/ifraba/Desktop/Laboral/SAPHIR/Pruebas_tecnicas/CMB_project/CMB_project_Gitlab_Orlando/charge-monitoring-system/zynq/CMB40_v1/CMB40_v1.sdk/MB40ch_wTCP_server_broken/Debug/../src/tcp_com.c:111: undefined reference to `tcp_close'
/home/ifraba/Desktop/Laboral/SAPHIR/Pruebas_tecnicas/CMB_project/CMB_project_Gitlab_Orlando/charge-monitoring-system/zynq/CMB40_v1/CMB40_v1.sdk/MB40ch_wTCP_server_broken/Debug/../src/tcp_com.c:112: undefined reference to `tcp_recv'
/home/ifraba/Desktop/Laboral/SAPHIR/Pruebas_tecnicas/CMB_project/CMB_project_Gitlab_Orlando/charge-monitoring-system/zynq/CMB40_v1/CMB40_v1.sdk/MB40ch_wTCP_server_broken/Debug/../src/tcp_com.c:121: undefined reference to `tcp_write'
/home/ifraba/Desktop/Laboral/SAPHIR/Pruebas_tecnicas/CMB_project/CMB_project_Gitlab_Orlando/charge-monitoring-system/zynq/CMB40_v1/CMB40_v1.sdk/MB40ch_wTCP_server_broken/Debug/../src/tcp_com.c:126: undefined reference to `pbuf_free'
./src/tcp_com.o: In function `transfer_data':
/home/ifraba/Desktop/Laboral/SAPHIR/Pruebas_tecnicas/CMB_project/CMB_project_Gitlab_Orlando/charge-monitoring-system/zynq/CMB40_v1/CMB40_v1.sdk/MB40ch_wTCP_server_broken/Debug/../src/tcp_com.c:143: undefined reference to `tcp_write'
/home/ifraba/Desktop/Laboral/SAPHIR/Pruebas_tecnicas/CMB_project/CMB_project_Gitlab_Orlando/charge-monitoring-system/zynq/CMB40_v1/CMB40_v1.sdk/MB40ch_wTCP_server_broken/Debug/../src/tcp_com.c:145: undefined reference to `tcp_output'
/home/ifraba/Desktop/Laboral/SAPHIR/Pruebas_tecnicas/CMB_project/CMB_project_Gitlab_Orlando/charge-monitoring-system/zynq/CMB40_v1/CMB40_v1.sdk/MB40ch_wTCP_server_broken/Debug/../src/tcp_com.c:167: undefined reference to `tcp_write'
/home/ifraba/Desktop/Laboral/SAPHIR/Pruebas_tecnicas/CMB_project/CMB_project_Gitlab_Orlando/charge-monitoring-system/zynq/CMB40_v1/CMB40_v1.sdk/MB40ch_wTCP_server_broken/Debug/../src/tcp_com.c:169: undefined reference to `tcp_output'
./src/tcp_com.o: In function `tcp_server_close':
/home/ifraba/Desktop/Laboral/SAPHIR/Pruebas_tecnicas/CMB_project/CMB_project_Gitlab_Orlando/charge-monitoring-system/zynq/CMB40_v1/CMB40_v1.sdk/MB40ch_wTCP_server_broken/Debug/../src/tcp_com.c:188: undefined reference to `tcp_recv'
/home/ifraba/Desktop/Laboral/SAPHIR/Pruebas_tecnicas/CMB_project/CMB_project_Gitlab_Orlando/charge-monitoring-system/zynq/CMB40_v1/CMB40_v1.sdk/MB40ch_wTCP_server_broken/Debug/../src/tcp_com.c:189: undefined reference to `tcp_err'
/home/ifraba/Desktop/Laboral/SAPHIR/Pruebas_tecnicas/CMB_project/CMB_project_Gitlab_Orlando/charge-monitoring-system/zynq/CMB40_v1/CMB40_v1.sdk/MB40ch_wTCP_server_broken/Debug/../src/tcp_com.c:190: undefined reference to `tcp_close'
/home/ifraba/Desktop/Laboral/SAPHIR/Pruebas_tecnicas/CMB_project/CMB_project_Gitlab_Orlando/charge-monitoring-system/zynq/CMB40_v1/CMB40_v1.sdk/MB40ch_wTCP_server_broken/Debug/../src/tcp_com.c:193: undefined reference to `tcp_abort'
./src/tcp_com.o: In function `accept_callback':
/home/ifraba/Desktop/Laboral/SAPHIR/Pruebas_tecnicas/CMB_project/CMB_project_Gitlab_Orlando/charge-monitoring-system/zynq/CMB40_v1/CMB40_v1.sdk/MB40ch_wTCP_server_broken/Debug/../src/tcp_com.c:218: undefined reference to `tcp_arg'
/home/ifraba/Desktop/Laboral/SAPHIR/Pruebas_tecnicas/CMB_project/CMB_project_Gitlab_Orlando/charge-monitoring-system/zynq/CMB40_v1/CMB40_v1.sdk/MB40ch_wTCP_server_broken/Debug/../src/tcp_com.c:228: undefined reference to `tcp_recv'
/home/ifraba/Desktop/Laboral/SAPHIR/Pruebas_tecnicas/CMB_project/CMB_project_Gitlab_Orlando/charge-monitoring-system/zynq/CMB40_v1/CMB40_v1.sdk/MB40ch_wTCP_server_broken/Debug/../src/tcp_com.c:229: undefined reference to `tcp_sent'
/home/ifraba/Desktop/Laboral/SAPHIR/Pruebas_tecnicas/CMB_project/CMB_project_Gitlab_Orlando/charge-monitoring-system/zynq/CMB40_v1/CMB40_v1.sdk/MB40ch_wTCP_server_broken/Debug/../src/tcp_com.c:230: undefined reference to `tcp_err'
./src/tcp_com.o: In function `start_application':
/home/ifraba/Desktop/Laboral/SAPHIR/Pruebas_tecnicas/CMB_project/CMB_project_Gitlab_Orlando/charge-monitoring-system/zynq/CMB40_v1/CMB40_v1.sdk/MB40ch_wTCP_server_broken/Debug/../src/tcp_com.c:246: undefined reference to `tcp_new'
/home/ifraba/Desktop/Laboral/SAPHIR/Pruebas_tecnicas/CMB_project/CMB_project_Gitlab_Orlando/charge-monitoring-system/zynq/CMB40_v1/CMB40_v1.sdk/MB40ch_wTCP_server_broken/Debug/../src/tcp_com.c:258: undefined reference to `ip_addr_any'
/home/ifraba/Desktop/Laboral/SAPHIR/Pruebas_tecnicas/CMB_project/CMB_project_Gitlab_Orlando/charge-monitoring-system/zynq/CMB40_v1/CMB40_v1.sdk/MB40ch_wTCP_server_broken/Debug/../src/tcp_com.c:258: undefined reference to `ip_addr_any'
/home/ifraba/Desktop/Laboral/SAPHIR/Pruebas_tecnicas/CMB_project/CMB_project_Gitlab_Orlando/charge-monitoring-system/zynq/CMB40_v1/CMB40_v1.sdk/MB40ch_wTCP_server_broken/Debug/../src/tcp_com.c:258: undefined reference to `tcp_bind'
/home/ifraba/Desktop/Laboral/SAPHIR/Pruebas_tecnicas/CMB_project/CMB_project_Gitlab_Orlando/charge-monitoring-system/zynq/CMB40_v1/CMB40_v1.sdk/MB40ch_wTCP_server_broken/Debug/../src/tcp_com.c:265: undefined reference to `tcp_arg'
/home/ifraba/Desktop/Laboral/SAPHIR/Pruebas_tecnicas/CMB_project/CMB_project_Gitlab_Orlando/charge-monitoring-system/zynq/CMB40_v1/CMB40_v1.sdk/MB40ch_wTCP_server_broken/Debug/../src/tcp_com.c:267: undefined reference to `tcp_listen_with_backlog'
/home/ifraba/Desktop/Laboral/SAPHIR/Pruebas_tecnicas/CMB_project/CMB_project_Gitlab_Orlando/charge-monitoring-system/zynq/CMB40_v1/CMB40_v1.sdk/MB40ch_wTCP_server_broken/Debug/../src/tcp_com.c:276: undefined reference to `tcp_accept'
collect2: error: ld returned 1 exit status
make: *** [makefile:41: MB40ch_wTCP_server_broken.elf] Error 1

13:32:58 Build Finished (took 324ms)

