#-----------------------------------------------------------
# Webtalk v2018.2 (64-bit)
# SW Build 2258646 on Thu Jun 14 20:02:38 MDT 2018
# 
# Start of session at: Tue Nov  5 17:54:29 2024
# Process ID: 42992
# Current directory: /home/ifraba/Desktop/Laboral/SAPHIR/Pruebas_tecnicas/CMB_project/CMB_project_Gitlab_Orlando/charge-monitoring-system/zynq/CMB40_v1/CMB40_v1.sdk/webtalk
# Command line: wbtcv -mode batch -source sdk_webtalk.tcl
# Log file: /home/ifraba/Desktop/Laboral/SAPHIR/Pruebas_tecnicas/CMB_project/CMB_project_Gitlab_Orlando/charge-monitoring-system/zynq/CMB40_v1/CMB40_v1.sdk/webtalk/webtalk.log
# Journal file: /home/ifraba/Desktop/Laboral/SAPHIR/Pruebas_tecnicas/CMB_project/CMB_project_Gitlab_Orlando/charge-monitoring-system/zynq/CMB40_v1/CMB40_v1.sdk/webtalk/webtalk.jou
#-----------------------------------------------------------
source sdk_webtalk.tcl
# webtalk_init -webtalk_dir /home/ifraba/Desktop/Laboral/SAPHIR/Pruebas_tecnicas/CMB_project/CMB_project_Gitlab_Orlando/charge-monitoring-system/zynq/CMB40_v1/CMB40_v1.sdk/webtalk
# webtalk_register_client -client project
# webtalk_add_data -client project -key date_generated -value "2024-11-05 17:54:28" -context "software_version_and_target_device"
# webtalk_add_data -client project -key product_version -value "SDK v2018.2" -context "software_version_and_target_device"
# webtalk_add_data -client project -key build_version -value "2018.2" -context "software_version_and_target_device"
# webtalk_add_data -client project -key os_platform -value "amd64" -context "software_version_and_target_device"
# webtalk_add_data -client project -key registration_id -value "" -context "software_version_and_target_device"
# webtalk_add_data -client project -key tool_flow -value "SDK" -context "software_version_and_target_device"
# webtalk_add_data -client project -key beta -value "false" -context "software_version_and_target_device"
# webtalk_add_data -client project -key route_design -value "NA" -context "software_version_and_target_device"
# webtalk_add_data -client project -key target_family -value "NA" -context "software_version_and_target_device"
# webtalk_add_data -client project -key target_device -value "NA" -context "software_version_and_target_device"
# webtalk_add_data -client project -key target_package -value "NA" -context "software_version_and_target_device"
# webtalk_add_data -client project -key target_speed -value "NA" -context "software_version_and_target_device"
# webtalk_add_data -client project -key random_id -value "97205b3nmit839qnv10se0klpr" -context "software_version_and_target_device"
# webtalk_add_data -client project -key project_id -value "2018.2_23" -context "software_version_and_target_device"
# webtalk_add_data -client project -key project_iteration -value "23" -context "software_version_and_target_device"
# webtalk_add_data -client project -key os_name -value "Ubuntu" -context "user_environment"
# webtalk_add_data -client project -key os_release -value "Ubuntu 22.04.5 LTS" -context "user_environment"
# webtalk_add_data -client project -key cpu_name -value "12th Gen Intel(R) Core(TM) i7-1255U" -context "user_environment"
# webtalk_add_data -client project -key cpu_speed -value "504.000 MHz" -context "user_environment"
# webtalk_add_data -client project -key total_processors -value "1" -context "user_environment"
# webtalk_add_data -client project -key system_ram -value "16,423 GB" -context "user_environment"
# webtalk_register_client -client sdk
# webtalk_add_data -client sdk -key uid -value "1730838854000" -context "sdk\\\\hardware/1730838854000"
# webtalk_add_data -client sdk -key isZynq -value "true" -context "sdk\\\\hardware/1730838854000"
# webtalk_add_data -client sdk -key isZynqMP -value "false" -context "sdk\\\\hardware/1730838854000"
# webtalk_add_data -client sdk -key Processors -value "2" -context "sdk\\\\hardware/1730838854000"
# webtalk_add_data -client sdk -key VivadoVersion -value "2018.2" -context "sdk\\\\hardware/1730838854000"
# webtalk_add_data -client sdk -key Arch -value "zynq" -context "sdk\\\\hardware/1730838854000"
# webtalk_add_data -client sdk -key Device -value "7z015" -context "sdk\\\\hardware/1730838854000"
# webtalk_add_data -client sdk -key IsHandoff -value "true" -context "sdk\\\\hardware/1730838854000"
# webtalk_add_data -client sdk -key os -value "NA" -context "sdk\\\\hardware/1730838854000"
# webtalk_add_data -client sdk -key apptemplate -value "NA" -context "sdk\\\\hardware/1730838854000"
# webtalk_add_data -client sdk -key RecordType -value "HWCreation" -context "sdk\\\\hardware/1730838854000"
# webtalk_add_data -client sdk -key uid -value "1730839364000" -context "sdk\\\\bsp/1730839364000"
# webtalk_add_data -client sdk -key hwid -value "1730838854000" -context "sdk\\\\bsp/1730839364000"
# webtalk_add_data -client sdk -key os -value "standalone" -context "sdk\\\\bsp/1730839364000"
# webtalk_add_data -client sdk -key apptemplate -value "null" -context "sdk\\\\bsp/1730839364000"
# webtalk_add_data -client sdk -key RecordType -value "BSPCreation" -context "sdk\\\\bsp/1730839364000"
# webtalk_add_data -client sdk -key uid -value "NA" -context "sdk\\\\bsp/1730840068341"
# webtalk_add_data -client sdk -key RecordType -value "ToolUsage" -context "sdk\\\\bsp/1730840068341"
# webtalk_add_data -client sdk -key BootgenCount -value "0" -context "sdk\\\\bsp/1730840068341"
# webtalk_add_data -client sdk -key DebugCount -value "0" -context "sdk\\\\bsp/1730840068341"
# webtalk_add_data -client sdk -key PerfCount -value "0" -context "sdk\\\\bsp/1730840068341"
# webtalk_add_data -client sdk -key FlashCount -value "0" -context "sdk\\\\bsp/1730840068341"
# webtalk_add_data -client sdk -key CrossTriggCount -value "0" -context "sdk\\\\bsp/1730840068341"
# webtalk_add_data -client sdk -key QemuDebugCount -value "0" -context "sdk\\\\bsp/1730840068341"
# webtalk_transmit -clientid 1098948178 -regid "" -xml /home/ifraba/Desktop/Laboral/SAPHIR/Pruebas_tecnicas/CMB_project/CMB_project_Gitlab_Orlando/charge-monitoring-system/zynq/CMB40_v1/CMB40_v1.sdk/webtalk/usage_statistics_ext_sdk.xml -html /home/ifraba/Desktop/Laboral/SAPHIR/Pruebas_tecnicas/CMB_project/CMB_project_Gitlab_Orlando/charge-monitoring-system/zynq/CMB40_v1/CMB40_v1.sdk/webtalk/usage_statistics_ext_sdk.html -wdm /home/ifraba/Desktop/Laboral/SAPHIR/Pruebas_tecnicas/CMB_project/CMB_project_Gitlab_Orlando/charge-monitoring-system/zynq/CMB40_v1/CMB40_v1.sdk/webtalk/sdk_webtalk.wdm -intro "<H3>SDK Usage Report</H3><BR>"
# webtalk_terminate
INFO: [Common 17-206] Exiting Webtalk at Tue Nov  5 17:54:30 2024...
