
*** Running vivado
    with args -log zsys_util_vector_logic_2_0.vds -m64 -product Vivado -mode batch -messageDb vivado.pb -notrace -source zsys_util_vector_logic_2_0.tcl


****** Vivado v2018.2 (64-bit)
  **** SW Build 2258646 on Thu Jun 14 20:02:38 MDT 2018
  **** IP Build 2256618 on Thu Jun 14 22:10:49 MDT 2018
    ** Copyright 1986-2018 Xilinx, Inc. All Rights Reserved.

source zsys_util_vector_logic_2_0.tcl -notrace
Command: synth_design -top zsys_util_vector_logic_2_0 -part xc7z015clg485-2 -mode out_of_context
Starting synth_design
Attempting to get a license for feature 'Synthesis' and/or device 'xc7z015'
INFO: [Common 17-349] Got license for feature 'Synthesis' and/or device 'xc7z015'
INFO: Launching helper process for spawning children vivado processes
INFO: Helper process launched with PID 740822 
---------------------------------------------------------------------------------
Starting RTL Elaboration : Time (s): cpu = 00:00:01 ; elapsed = 00:00:02 . Memory (MB): peak = 1299.957 ; gain = 88.883 ; free physical = 1142 ; free virtual = 4861
---------------------------------------------------------------------------------
INFO: [Synth 8-6157] synthesizing module 'zsys_util_vector_logic_2_0' [/home/ifraba/Desktop/Laboral/SAPHIR/Pruebas_tecnicas/CMB_project/CMB_project_Gitlab_Orlando/charge-monitoring-system/zynq/CMB40_v1/CMB40_v1.srcs/sources_1/bd/zsys/ip/zsys_util_vector_logic_2_0/synth/zsys_util_vector_logic_2_0.v:57]
INFO: [Synth 8-6157] synthesizing module 'util_vector_logic_v2_0_1_util_vector_logic' [/home/ifraba/Desktop/Laboral/SAPHIR/Pruebas_tecnicas/CMB_project/CMB_project_Gitlab_Orlando/charge-monitoring-system/zynq/CMB40_v1/CMB40_v1.srcs/sources_1/bd/zsys/ipshared/2137/hdl/util_vector_logic_v2_0_vl_rfs.v:45]
	Parameter C_OPERATION bound to: and - type: string 
	Parameter C_SIZE bound to: 12 - type: integer 
INFO: [Synth 8-6155] done synthesizing module 'util_vector_logic_v2_0_1_util_vector_logic' (1#1) [/home/ifraba/Desktop/Laboral/SAPHIR/Pruebas_tecnicas/CMB_project/CMB_project_Gitlab_Orlando/charge-monitoring-system/zynq/CMB40_v1/CMB40_v1.srcs/sources_1/bd/zsys/ipshared/2137/hdl/util_vector_logic_v2_0_vl_rfs.v:45]
INFO: [Synth 8-6155] done synthesizing module 'zsys_util_vector_logic_2_0' (2#1) [/home/ifraba/Desktop/Laboral/SAPHIR/Pruebas_tecnicas/CMB_project/CMB_project_Gitlab_Orlando/charge-monitoring-system/zynq/CMB40_v1/CMB40_v1.srcs/sources_1/bd/zsys/ip/zsys_util_vector_logic_2_0/synth/zsys_util_vector_logic_2_0.v:57]
---------------------------------------------------------------------------------
Finished RTL Elaboration : Time (s): cpu = 00:00:02 ; elapsed = 00:00:02 . Memory (MB): peak = 1344.582 ; gain = 133.508 ; free physical = 1153 ; free virtual = 4873
---------------------------------------------------------------------------------

Report Check Netlist: 
+------+------------------+-------+---------+-------+------------------+
|      |Item              |Errors |Warnings |Status |Description       |
+------+------------------+-------+---------+-------+------------------+
|1     |multi_driven_nets |      0|        0|Passed |Multi driven nets |
+------+------------------+-------+---------+-------+------------------+
---------------------------------------------------------------------------------
Start Handling Custom Attributes
---------------------------------------------------------------------------------
---------------------------------------------------------------------------------
Finished Handling Custom Attributes : Time (s): cpu = 00:00:02 ; elapsed = 00:00:02 . Memory (MB): peak = 1344.582 ; gain = 133.508 ; free physical = 1155 ; free virtual = 4874
---------------------------------------------------------------------------------
---------------------------------------------------------------------------------
Finished RTL Optimization Phase 1 : Time (s): cpu = 00:00:02 ; elapsed = 00:00:02 . Memory (MB): peak = 1344.582 ; gain = 133.508 ; free physical = 1155 ; free virtual = 4874
---------------------------------------------------------------------------------
INFO: [Device 21-403] Loading part xc7z015clg485-2
INFO: [Project 1-570] Preparing netlist for logic optimization

Processing XDC Constraints
Initializing timing engine
Completed Processing XDC Constraints

INFO: [Project 1-111] Unisim Transformation Summary:
No Unisim elements were transformed.

WARNING: [Constraints 18-5210] No constraint will be written out.
Constraint Validation Runtime : Time (s): cpu = 00:00:00.06 ; elapsed = 00:00:00.08 . Memory (MB): peak = 1625.324 ; gain = 2.000 ; free physical = 968 ; free virtual = 4698
---------------------------------------------------------------------------------
Finished Constraint Validation : Time (s): cpu = 00:00:09 ; elapsed = 00:00:17 . Memory (MB): peak = 1625.324 ; gain = 414.250 ; free physical = 1009 ; free virtual = 4736
---------------------------------------------------------------------------------
---------------------------------------------------------------------------------
Start Loading Part and Timing Information
---------------------------------------------------------------------------------
Loading part: xc7z015clg485-2
---------------------------------------------------------------------------------
Finished Loading Part and Timing Information : Time (s): cpu = 00:00:09 ; elapsed = 00:00:17 . Memory (MB): peak = 1625.324 ; gain = 414.250 ; free physical = 1009 ; free virtual = 4736
---------------------------------------------------------------------------------
---------------------------------------------------------------------------------
Start Applying 'set_property' XDC Constraints
---------------------------------------------------------------------------------
---------------------------------------------------------------------------------
Finished applying 'set_property' XDC Constraints : Time (s): cpu = 00:00:09 ; elapsed = 00:00:17 . Memory (MB): peak = 1625.324 ; gain = 414.250 ; free physical = 1009 ; free virtual = 4736
---------------------------------------------------------------------------------
---------------------------------------------------------------------------------
Finished RTL Optimization Phase 2 : Time (s): cpu = 00:00:09 ; elapsed = 00:00:17 . Memory (MB): peak = 1625.324 ; gain = 414.250 ; free physical = 1009 ; free virtual = 4729
---------------------------------------------------------------------------------

Report RTL Partitions: 
+-+--------------+------------+----------+
| |RTL Partition |Replication |Instances |
+-+--------------+------------+----------+
+-+--------------+------------+----------+
---------------------------------------------------------------------------------
Start RTL Component Statistics 
---------------------------------------------------------------------------------
Detailed RTL Component Info : 
---------------------------------------------------------------------------------
Finished RTL Component Statistics 
---------------------------------------------------------------------------------
---------------------------------------------------------------------------------
Start RTL Hierarchical Component Statistics 
---------------------------------------------------------------------------------
Hierarchical RTL Component report 
---------------------------------------------------------------------------------
Finished RTL Hierarchical Component Statistics
---------------------------------------------------------------------------------
---------------------------------------------------------------------------------
Start Part Resource Summary
---------------------------------------------------------------------------------
Part Resources:
DSPs: 160 (col length:60)
BRAMs: 190 (col length: RAMB18 60 RAMB36 30)
---------------------------------------------------------------------------------
Finished Part Resource Summary
---------------------------------------------------------------------------------
---------------------------------------------------------------------------------
Start Cross Boundary and Area Optimization
---------------------------------------------------------------------------------
Warning: Parallel synthesis criteria is not met 
---------------------------------------------------------------------------------
Finished Cross Boundary and Area Optimization : Time (s): cpu = 00:00:09 ; elapsed = 00:00:17 . Memory (MB): peak = 1625.324 ; gain = 414.250 ; free physical = 1010 ; free virtual = 4731
---------------------------------------------------------------------------------

Report RTL Partitions: 
+-+--------------+------------+----------+
| |RTL Partition |Replication |Instances |
+-+--------------+------------+----------+
+-+--------------+------------+----------+
---------------------------------------------------------------------------------
Start Applying XDC Timing Constraints
---------------------------------------------------------------------------------
---------------------------------------------------------------------------------
Finished Applying XDC Timing Constraints : Time (s): cpu = 00:00:13 ; elapsed = 00:00:22 . Memory (MB): peak = 1648.316 ; gain = 437.242 ; free physical = 939 ; free virtual = 4661
---------------------------------------------------------------------------------
---------------------------------------------------------------------------------
Start Timing Optimization
---------------------------------------------------------------------------------
---------------------------------------------------------------------------------
Finished Timing Optimization : Time (s): cpu = 00:00:13 ; elapsed = 00:00:22 . Memory (MB): peak = 1648.316 ; gain = 437.242 ; free physical = 939 ; free virtual = 4661
---------------------------------------------------------------------------------

Report RTL Partitions: 
+-+--------------+------------+----------+
| |RTL Partition |Replication |Instances |
+-+--------------+------------+----------+
+-+--------------+------------+----------+
---------------------------------------------------------------------------------
Start Technology Mapping
---------------------------------------------------------------------------------
---------------------------------------------------------------------------------
Finished Technology Mapping : Time (s): cpu = 00:00:13 ; elapsed = 00:00:22 . Memory (MB): peak = 1649.316 ; gain = 438.242 ; free physical = 939 ; free virtual = 4661
---------------------------------------------------------------------------------

Report RTL Partitions: 
+-+--------------+------------+----------+
| |RTL Partition |Replication |Instances |
+-+--------------+------------+----------+
+-+--------------+------------+----------+
---------------------------------------------------------------------------------
Start IO Insertion
---------------------------------------------------------------------------------
---------------------------------------------------------------------------------
Start Flattening Before IO Insertion
---------------------------------------------------------------------------------
---------------------------------------------------------------------------------
Finished Flattening Before IO Insertion
---------------------------------------------------------------------------------
---------------------------------------------------------------------------------
Start Final Netlist Cleanup
---------------------------------------------------------------------------------
---------------------------------------------------------------------------------
Finished Final Netlist Cleanup
---------------------------------------------------------------------------------
---------------------------------------------------------------------------------
Finished IO Insertion : Time (s): cpu = 00:00:14 ; elapsed = 00:00:23 . Memory (MB): peak = 1649.316 ; gain = 438.242 ; free physical = 942 ; free virtual = 4664
---------------------------------------------------------------------------------

Report Check Netlist: 
+------+------------------+-------+---------+-------+------------------+
|      |Item              |Errors |Warnings |Status |Description       |
+------+------------------+-------+---------+-------+------------------+
|1     |multi_driven_nets |      0|        0|Passed |Multi driven nets |
+------+------------------+-------+---------+-------+------------------+
---------------------------------------------------------------------------------
Start Renaming Generated Instances
---------------------------------------------------------------------------------
---------------------------------------------------------------------------------
Finished Renaming Generated Instances : Time (s): cpu = 00:00:14 ; elapsed = 00:00:23 . Memory (MB): peak = 1649.316 ; gain = 438.242 ; free physical = 942 ; free virtual = 4664
---------------------------------------------------------------------------------

Report RTL Partitions: 
+-+--------------+------------+----------+
| |RTL Partition |Replication |Instances |
+-+--------------+------------+----------+
+-+--------------+------------+----------+
---------------------------------------------------------------------------------
Start Rebuilding User Hierarchy
---------------------------------------------------------------------------------
---------------------------------------------------------------------------------
Finished Rebuilding User Hierarchy : Time (s): cpu = 00:00:14 ; elapsed = 00:00:23 . Memory (MB): peak = 1649.316 ; gain = 438.242 ; free physical = 942 ; free virtual = 4664
---------------------------------------------------------------------------------
---------------------------------------------------------------------------------
Start Renaming Generated Ports
---------------------------------------------------------------------------------
---------------------------------------------------------------------------------
Finished Renaming Generated Ports : Time (s): cpu = 00:00:14 ; elapsed = 00:00:23 . Memory (MB): peak = 1649.316 ; gain = 438.242 ; free physical = 942 ; free virtual = 4664
---------------------------------------------------------------------------------
---------------------------------------------------------------------------------
Start Handling Custom Attributes
---------------------------------------------------------------------------------
---------------------------------------------------------------------------------
Finished Handling Custom Attributes : Time (s): cpu = 00:00:14 ; elapsed = 00:00:23 . Memory (MB): peak = 1649.316 ; gain = 438.242 ; free physical = 942 ; free virtual = 4664
---------------------------------------------------------------------------------
---------------------------------------------------------------------------------
Start Renaming Generated Nets
---------------------------------------------------------------------------------
---------------------------------------------------------------------------------
Finished Renaming Generated Nets : Time (s): cpu = 00:00:14 ; elapsed = 00:00:23 . Memory (MB): peak = 1649.316 ; gain = 438.242 ; free physical = 942 ; free virtual = 4664
---------------------------------------------------------------------------------
---------------------------------------------------------------------------------
Start Writing Synthesis Report
---------------------------------------------------------------------------------

Report BlackBoxes: 
+-+--------------+----------+
| |BlackBox name |Instances |
+-+--------------+----------+
+-+--------------+----------+

Report Cell Usage: 
+------+-----+------+
|      |Cell |Count |
+------+-----+------+
|1     |LUT2 |    12|
+------+-----+------+

Report Instance Areas: 
+------+---------+-------------------------------------------+------+
|      |Instance |Module                                     |Cells |
+------+---------+-------------------------------------------+------+
|1     |top      |                                           |    12|
|2     |  inst   |util_vector_logic_v2_0_1_util_vector_logic |    12|
+------+---------+-------------------------------------------+------+
---------------------------------------------------------------------------------
Finished Writing Synthesis Report : Time (s): cpu = 00:00:14 ; elapsed = 00:00:23 . Memory (MB): peak = 1649.316 ; gain = 438.242 ; free physical = 942 ; free virtual = 4664
---------------------------------------------------------------------------------
Synthesis finished with 0 errors, 0 critical warnings and 0 warnings.
Synthesis Optimization Runtime : Time (s): cpu = 00:00:08 ; elapsed = 00:00:10 . Memory (MB): peak = 1649.316 ; gain = 157.500 ; free physical = 974 ; free virtual = 4696
Synthesis Optimization Complete : Time (s): cpu = 00:00:14 ; elapsed = 00:00:23 . Memory (MB): peak = 1649.324 ; gain = 438.242 ; free physical = 974 ; free virtual = 4696
INFO: [Project 1-571] Translating synthesized netlist
INFO: [Project 1-570] Preparing netlist for logic optimization
INFO: [Opt 31-138] Pushed 0 inverter(s) to 0 load pin(s).
INFO: [Project 1-111] Unisim Transformation Summary:
No Unisim elements were transformed.

INFO: [Common 17-83] Releasing license: Synthesis
13 Infos, 1 Warnings, 0 Critical Warnings and 0 Errors encountered.
synth_design completed successfully
synth_design: Time (s): cpu = 00:00:15 ; elapsed = 00:00:23 . Memory (MB): peak = 1664.316 ; gain = 464.812 ; free physical = 882 ; free virtual = 4603
WARNING: [Constraints 18-5210] No constraint will be written out.
INFO: [Common 17-1381] The checkpoint '/home/ifraba/Desktop/Laboral/SAPHIR/Pruebas_tecnicas/CMB_project/CMB_project_Gitlab_Orlando/charge-monitoring-system/zynq/CMB40_v1/CMB40_v1.runs/zsys_util_vector_logic_2_0_synth_1/zsys_util_vector_logic_2_0.dcp' has been generated.
INFO: [Coretcl 2-1482] Added synthesis output to IP cache for IP /home/ifraba/Desktop/Laboral/SAPHIR/Pruebas_tecnicas/CMB_project/CMB_project_Gitlab_Orlando/charge-monitoring-system/zynq/CMB40_v1/CMB40_v1.srcs/sources_1/bd/zsys/ip/zsys_util_vector_logic_2_0/zsys_util_vector_logic_2_0.xci
WARNING: [Constraints 18-5210] No constraint will be written out.
INFO: [Common 17-1381] The checkpoint '/home/ifraba/Desktop/Laboral/SAPHIR/Pruebas_tecnicas/CMB_project/CMB_project_Gitlab_Orlando/charge-monitoring-system/zynq/CMB40_v1/CMB40_v1.runs/zsys_util_vector_logic_2_0_synth_1/zsys_util_vector_logic_2_0.dcp' has been generated.
INFO: [runtcl-4] Executing : report_utilization -file zsys_util_vector_logic_2_0_utilization_synth.rpt -pb zsys_util_vector_logic_2_0_utilization_synth.pb
report_utilization: Time (s): cpu = 00:00:00.05 ; elapsed = 00:00:00.08 . Memory (MB): peak = 1668.316 ; gain = 0.000 ; free physical = 856 ; free virtual = 4580
INFO: [Common 17-206] Exiting Vivado at Thu Nov 21 16:48:33 2024...
