Copyright 1986-2018 Xilinx, Inc. All Rights Reserved.
------------------------------------------------------------------------------------------------------------------------------
| Tool Version : Vivado v.2018.2 (lin64) Build 2258646 Thu Jun 14 20:02:38 MDT 2018
| Date         : Fri Dec 13 18:56:33 2024
| Host         : ifraba-HP-Pavilion-Laptop-15-eg2xxx running 64-bit Ubuntu 22.04.5 LTS
| Command      : report_drc -file zsys_wrapper_drc_routed.rpt -pb zsys_wrapper_drc_routed.pb -rpx zsys_wrapper_drc_routed.rpx
| Design       : zsys_wrapper
| Device       : xc7z015clg485-2
| Speed File   : -2
| Design State : Routed
------------------------------------------------------------------------------------------------------------------------------

Report DRC

Table of Contents
-----------------
1. REPORT SUMMARY
2. REPORT DETAILS

1. REPORT SUMMARY
-----------------
            Netlist: netlist
          Floorplan: design_1
      Design limits: <entire design considered>
           Ruledeck: default
             Max violations: <unlimited>
             Violations found: 49
+-------------+------------------+-------------------------------------------------------------+------------+
| Rule        | Severity         | Description                                                 | Violations |
+-------------+------------------+-------------------------------------------------------------+------------+
| RTSTAT-2    | Critical Warning | Partially routed nets                                       | 1          |
| BUFC-1      | Warning          | Input Buffer Connections                                    | 1          |
| CHECK-3     | Warning          | Report rule limit reached                                   | 1          |
| PDRC-153    | Warning          | Gated clock check                                           | 3          |
| PLHOLDVIO-2 | Warning          | Non-Optimal connections which could lead to hold violations | 2          |
| REQP-1580   | Warning          | Phase alignment                                             | 18         |
| REQP-1839   | Warning          | RAMB36 async control check                                  | 20         |
| RTSTAT-10   | Warning          | No routable loads                                           | 1          |
| REQP-181    | Advisory         | writefirst                                                  | 2          |
+-------------+------------------+-------------------------------------------------------------+------------+

2. REPORT DETAILS
-----------------
RTSTAT-2#1 Critical Warning
Partially routed nets  
1 net(s) are partially routed. The problem bus(es) and/or net(s) are zsys_i/ADC/ADC_readout_buff_0/U0/o_ADclk.
Related violations: <none>

BUFC-1#1 Warning
Input Buffer Connections  
Input buffer I2C_0_scl_iobuf/IBUF (in I2C_0_scl_iobuf macro) has no loads. It is recommended to have an input buffer drive an internal load.
Related violations: <none>

CHECK-3#1 Warning
Report rule limit reached  
REQP-1839 rule limit reached: 20 violations have been found.
Related violations: <none>

PDRC-153#1 Warning
Gated clock check  
Net zsys_i/ADC/ROController_0/U0/o_wr_fifo_en is a gated clock net sourced by a combinational pin zsys_i/ADC/ROController_0/U0/o_wr_fifo_en_INST_0/O, cell zsys_i/ADC/ROController_0/U0/o_wr_fifo_en_INST_0. This is not good design practice and will likely impact performance. For SLICE registers, for example, use the CE pin to control the loading of data.
Related violations: <none>

PDRC-153#2 Warning
Gated clock check  
Net zsys_i/DRS4_firmware_1/U0/DRS4_firmware_v2_0_S00_AXI_inst/DRS4_firmware_comp/dwrite_o0_inferred__0/dwrite_o_reg_P_i_1_n_0 is a gated clock net sourced by a combinational pin zsys_i/DRS4_firmware_1/U0/DRS4_firmware_v2_0_S00_AXI_inst/DRS4_firmware_comp/dwrite_o0_inferred__0/dwrite_o_reg_P_i_1/O, cell zsys_i/DRS4_firmware_1/U0/DRS4_firmware_v2_0_S00_AXI_inst/DRS4_firmware_comp/dwrite_o0_inferred__0/dwrite_o_reg_P_i_1. This is not good design practice and will likely impact performance. For SLICE registers, for example, use the CE pin to control the loading of data.
Related violations: <none>

PDRC-153#3 Warning
Gated clock check  
Net zsys_i/trigger_logic_0/U0/samp_out_i_1_n_0 is a gated clock net sourced by a combinational pin zsys_i/trigger_logic_0/U0/samp_out_i_1/O, cell zsys_i/trigger_logic_0/U0/samp_out_i_1. This is not good design practice and will likely impact performance. For SLICE registers, for example, use the CE pin to control the loading of data.
Related violations: <none>

PLHOLDVIO-2#1 Warning
Non-Optimal connections which could lead to hold violations  
A LUT zsys_i/ADC/ROController_0/U0/o_wr_fifo_en_INST_0 is driving clock pin of 12 cells. This could lead to large hold time violations. First few involved cells are:
    zsys_i/c_counter_binary_0/U0/i_synth/i_baseblox.i_baseblox_counter/the_addsub/no_pipelining.the_addsub/i_lut6.i_lut6_addsub/i_q.i_simple.qreg/i_no_async_controls.output_reg[10] {FDRE}
    zsys_i/c_counter_binary_0/U0/i_synth/i_baseblox.i_baseblox_counter/the_addsub/no_pipelining.the_addsub/i_lut6.i_lut6_addsub/i_q.i_simple.qreg/i_no_async_controls.output_reg[11] {FDRE}
    zsys_i/c_counter_binary_0/U0/i_synth/i_baseblox.i_baseblox_counter/the_addsub/no_pipelining.the_addsub/i_lut6.i_lut6_addsub/i_q.i_simple.qreg/i_no_async_controls.output_reg[12] {FDRE}
    zsys_i/c_counter_binary_0/U0/i_synth/i_baseblox.i_baseblox_counter/the_addsub/no_pipelining.the_addsub/i_lut6.i_lut6_addsub/i_q.i_simple.qreg/i_no_async_controls.output_reg[1] {FDRE}
    zsys_i/c_counter_binary_0/U0/i_synth/i_baseblox.i_baseblox_counter/the_addsub/no_pipelining.the_addsub/i_lut6.i_lut6_addsub/i_q.i_simple.qreg/i_no_async_controls.output_reg[2] {FDRE}
    zsys_i/c_counter_binary_0/U0/i_synth/i_baseblox.i_baseblox_counter/the_addsub/no_pipelining.the_addsub/i_lut6.i_lut6_addsub/i_q.i_simple.qreg/i_no_async_controls.output_reg[3] {FDRE}
    zsys_i/c_counter_binary_0/U0/i_synth/i_baseblox.i_baseblox_counter/the_addsub/no_pipelining.the_addsub/i_lut6.i_lut6_addsub/i_q.i_simple.qreg/i_no_async_controls.output_reg[4] {FDRE}
    zsys_i/c_counter_binary_0/U0/i_synth/i_baseblox.i_baseblox_counter/the_addsub/no_pipelining.the_addsub/i_lut6.i_lut6_addsub/i_q.i_simple.qreg/i_no_async_controls.output_reg[5] {FDRE}
    zsys_i/c_counter_binary_0/U0/i_synth/i_baseblox.i_baseblox_counter/the_addsub/no_pipelining.the_addsub/i_lut6.i_lut6_addsub/i_q.i_simple.qreg/i_no_async_controls.output_reg[6] {FDRE}

Related violations: <none>

PLHOLDVIO-2#2 Warning
Non-Optimal connections which could lead to hold violations  
A LUT zsys_i/trigger_logic_0/U0/samp_out_i_1 is driving clock pin of 1 cells. This could lead to large hold time violations. First few involved cells are:
    zsys_i/trigger_logic_0/U0/samp_out_reg {FDCE}

Related violations: <none>

REQP-1580#1 Warning
Phase alignment  
Unsupported clocking topology used for ISERDESE2 zsys_i/ADC/AXI_ADC_1/U0/AXI_ADC_v3_0_S00_AXI_inst/Inst_ADC_readout_12bit/iserdes0_even. This can result in corrupted data. The zsys_i/ADC/AXI_ADC_1/U0/AXI_ADC_v3_0_S00_AXI_inst/Inst_ADC_readout_12bit/iserdes0_even/CLK / zsys_i/ADC/AXI_ADC_1/U0/AXI_ADC_v3_0_S00_AXI_inst/Inst_ADC_readout_12bit/iserdes0_even/CLKDIV pins should be driven by the same source through the same buffer type or by a BUFIO / BUFR combination in order to have a proper phase relationship. Please refer to the Select I/O User Guide for supported clocking topologies of the chosen INTERFACE_TYPE mode.
Related violations: <none>

REQP-1580#2 Warning
Phase alignment  
Unsupported clocking topology used for ISERDESE2 zsys_i/ADC/AXI_ADC_1/U0/AXI_ADC_v3_0_S00_AXI_inst/Inst_ADC_readout_12bit/iserdes0_odd. This can result in corrupted data. The zsys_i/ADC/AXI_ADC_1/U0/AXI_ADC_v3_0_S00_AXI_inst/Inst_ADC_readout_12bit/iserdes0_odd/CLK / zsys_i/ADC/AXI_ADC_1/U0/AXI_ADC_v3_0_S00_AXI_inst/Inst_ADC_readout_12bit/iserdes0_odd/CLKDIV pins should be driven by the same source through the same buffer type or by a BUFIO / BUFR combination in order to have a proper phase relationship. Please refer to the Select I/O User Guide for supported clocking topologies of the chosen INTERFACE_TYPE mode.
Related violations: <none>

REQP-1580#3 Warning
Phase alignment  
Unsupported clocking topology used for ISERDESE2 zsys_i/ADC/AXI_ADC_1/U0/AXI_ADC_v3_0_S00_AXI_inst/Inst_ADC_readout_12bit/iserdes1_n. This can result in corrupted data. The zsys_i/ADC/AXI_ADC_1/U0/AXI_ADC_v3_0_S00_AXI_inst/Inst_ADC_readout_12bit/iserdes1_n/CLK / zsys_i/ADC/AXI_ADC_1/U0/AXI_ADC_v3_0_S00_AXI_inst/Inst_ADC_readout_12bit/iserdes1_n/CLKDIV pins should be driven by the same source through the same buffer type or by a BUFIO / BUFR combination in order to have a proper phase relationship. Please refer to the Select I/O User Guide for supported clocking topologies of the chosen INTERFACE_TYPE mode.
Related violations: <none>

REQP-1580#4 Warning
Phase alignment  
Unsupported clocking topology used for ISERDESE2 zsys_i/ADC/AXI_ADC_1/U0/AXI_ADC_v3_0_S00_AXI_inst/Inst_ADC_readout_12bit/iserdes1_p. This can result in corrupted data. The zsys_i/ADC/AXI_ADC_1/U0/AXI_ADC_v3_0_S00_AXI_inst/Inst_ADC_readout_12bit/iserdes1_p/CLK / zsys_i/ADC/AXI_ADC_1/U0/AXI_ADC_v3_0_S00_AXI_inst/Inst_ADC_readout_12bit/iserdes1_p/CLKDIV pins should be driven by the same source through the same buffer type or by a BUFIO / BUFR combination in order to have a proper phase relationship. Please refer to the Select I/O User Guide for supported clocking topologies of the chosen INTERFACE_TYPE mode.
Related violations: <none>

REQP-1580#5 Warning
Phase alignment  
Unsupported clocking topology used for ISERDESE2 zsys_i/ADC/AXI_ADC_1/U0/AXI_ADC_v3_0_S00_AXI_inst/Inst_ADC_readout_12bit/iserdes2_n. This can result in corrupted data. The zsys_i/ADC/AXI_ADC_1/U0/AXI_ADC_v3_0_S00_AXI_inst/Inst_ADC_readout_12bit/iserdes2_n/CLK / zsys_i/ADC/AXI_ADC_1/U0/AXI_ADC_v3_0_S00_AXI_inst/Inst_ADC_readout_12bit/iserdes2_n/CLKDIV pins should be driven by the same source through the same buffer type or by a BUFIO / BUFR combination in order to have a proper phase relationship. Please refer to the Select I/O User Guide for supported clocking topologies of the chosen INTERFACE_TYPE mode.
Related violations: <none>

REQP-1580#6 Warning
Phase alignment  
Unsupported clocking topology used for ISERDESE2 zsys_i/ADC/AXI_ADC_1/U0/AXI_ADC_v3_0_S00_AXI_inst/Inst_ADC_readout_12bit/iserdes2_p. This can result in corrupted data. The zsys_i/ADC/AXI_ADC_1/U0/AXI_ADC_v3_0_S00_AXI_inst/Inst_ADC_readout_12bit/iserdes2_p/CLK / zsys_i/ADC/AXI_ADC_1/U0/AXI_ADC_v3_0_S00_AXI_inst/Inst_ADC_readout_12bit/iserdes2_p/CLKDIV pins should be driven by the same source through the same buffer type or by a BUFIO / BUFR combination in order to have a proper phase relationship. Please refer to the Select I/O User Guide for supported clocking topologies of the chosen INTERFACE_TYPE mode.
Related violations: <none>

REQP-1580#7 Warning
Phase alignment  
Unsupported clocking topology used for ISERDESE2 zsys_i/ADC/AXI_ADC_1/U0/AXI_ADC_v3_0_S00_AXI_inst/Inst_ADC_readout_12bit/iserdes3_n. This can result in corrupted data. The zsys_i/ADC/AXI_ADC_1/U0/AXI_ADC_v3_0_S00_AXI_inst/Inst_ADC_readout_12bit/iserdes3_n/CLK / zsys_i/ADC/AXI_ADC_1/U0/AXI_ADC_v3_0_S00_AXI_inst/Inst_ADC_readout_12bit/iserdes3_n/CLKDIV pins should be driven by the same source through the same buffer type or by a BUFIO / BUFR combination in order to have a proper phase relationship. Please refer to the Select I/O User Guide for supported clocking topologies of the chosen INTERFACE_TYPE mode.
Related violations: <none>

REQP-1580#8 Warning
Phase alignment  
Unsupported clocking topology used for ISERDESE2 zsys_i/ADC/AXI_ADC_1/U0/AXI_ADC_v3_0_S00_AXI_inst/Inst_ADC_readout_12bit/iserdes3_p. This can result in corrupted data. The zsys_i/ADC/AXI_ADC_1/U0/AXI_ADC_v3_0_S00_AXI_inst/Inst_ADC_readout_12bit/iserdes3_p/CLK / zsys_i/ADC/AXI_ADC_1/U0/AXI_ADC_v3_0_S00_AXI_inst/Inst_ADC_readout_12bit/iserdes3_p/CLKDIV pins should be driven by the same source through the same buffer type or by a BUFIO / BUFR combination in order to have a proper phase relationship. Please refer to the Select I/O User Guide for supported clocking topologies of the chosen INTERFACE_TYPE mode.
Related violations: <none>

REQP-1580#9 Warning
Phase alignment  
Unsupported clocking topology used for ISERDESE2 zsys_i/ADC/AXI_ADC_1/U0/AXI_ADC_v3_0_S00_AXI_inst/Inst_ADC_readout_12bit/iserdes4_n. This can result in corrupted data. The zsys_i/ADC/AXI_ADC_1/U0/AXI_ADC_v3_0_S00_AXI_inst/Inst_ADC_readout_12bit/iserdes4_n/CLK / zsys_i/ADC/AXI_ADC_1/U0/AXI_ADC_v3_0_S00_AXI_inst/Inst_ADC_readout_12bit/iserdes4_n/CLKDIV pins should be driven by the same source through the same buffer type or by a BUFIO / BUFR combination in order to have a proper phase relationship. Please refer to the Select I/O User Guide for supported clocking topologies of the chosen INTERFACE_TYPE mode.
Related violations: <none>

REQP-1580#10 Warning
Phase alignment  
Unsupported clocking topology used for ISERDESE2 zsys_i/ADC/AXI_ADC_1/U0/AXI_ADC_v3_0_S00_AXI_inst/Inst_ADC_readout_12bit/iserdes4_p. This can result in corrupted data. The zsys_i/ADC/AXI_ADC_1/U0/AXI_ADC_v3_0_S00_AXI_inst/Inst_ADC_readout_12bit/iserdes4_p/CLK / zsys_i/ADC/AXI_ADC_1/U0/AXI_ADC_v3_0_S00_AXI_inst/Inst_ADC_readout_12bit/iserdes4_p/CLKDIV pins should be driven by the same source through the same buffer type or by a BUFIO / BUFR combination in order to have a proper phase relationship. Please refer to the Select I/O User Guide for supported clocking topologies of the chosen INTERFACE_TYPE mode.
Related violations: <none>

REQP-1580#11 Warning
Phase alignment  
Unsupported clocking topology used for ISERDESE2 zsys_i/ADC/AXI_ADC_1/U0/AXI_ADC_v3_0_S00_AXI_inst/Inst_ADC_readout_12bit/iserdes5_n. This can result in corrupted data. The zsys_i/ADC/AXI_ADC_1/U0/AXI_ADC_v3_0_S00_AXI_inst/Inst_ADC_readout_12bit/iserdes5_n/CLK / zsys_i/ADC/AXI_ADC_1/U0/AXI_ADC_v3_0_S00_AXI_inst/Inst_ADC_readout_12bit/iserdes5_n/CLKDIV pins should be driven by the same source through the same buffer type or by a BUFIO / BUFR combination in order to have a proper phase relationship. Please refer to the Select I/O User Guide for supported clocking topologies of the chosen INTERFACE_TYPE mode.
Related violations: <none>

REQP-1580#12 Warning
Phase alignment  
Unsupported clocking topology used for ISERDESE2 zsys_i/ADC/AXI_ADC_1/U0/AXI_ADC_v3_0_S00_AXI_inst/Inst_ADC_readout_12bit/iserdes5_p. This can result in corrupted data. The zsys_i/ADC/AXI_ADC_1/U0/AXI_ADC_v3_0_S00_AXI_inst/Inst_ADC_readout_12bit/iserdes5_p/CLK / zsys_i/ADC/AXI_ADC_1/U0/AXI_ADC_v3_0_S00_AXI_inst/Inst_ADC_readout_12bit/iserdes5_p/CLKDIV pins should be driven by the same source through the same buffer type or by a BUFIO / BUFR combination in order to have a proper phase relationship. Please refer to the Select I/O User Guide for supported clocking topologies of the chosen INTERFACE_TYPE mode.
Related violations: <none>

REQP-1580#13 Warning
Phase alignment  
Unsupported clocking topology used for ISERDESE2 zsys_i/ADC/AXI_ADC_1/U0/AXI_ADC_v3_0_S00_AXI_inst/Inst_ADC_readout_12bit/iserdes6_n. This can result in corrupted data. The zsys_i/ADC/AXI_ADC_1/U0/AXI_ADC_v3_0_S00_AXI_inst/Inst_ADC_readout_12bit/iserdes6_n/CLK / zsys_i/ADC/AXI_ADC_1/U0/AXI_ADC_v3_0_S00_AXI_inst/Inst_ADC_readout_12bit/iserdes6_n/CLKDIV pins should be driven by the same source through the same buffer type or by a BUFIO / BUFR combination in order to have a proper phase relationship. Please refer to the Select I/O User Guide for supported clocking topologies of the chosen INTERFACE_TYPE mode.
Related violations: <none>

REQP-1580#14 Warning
Phase alignment  
Unsupported clocking topology used for ISERDESE2 zsys_i/ADC/AXI_ADC_1/U0/AXI_ADC_v3_0_S00_AXI_inst/Inst_ADC_readout_12bit/iserdes6_p. This can result in corrupted data. The zsys_i/ADC/AXI_ADC_1/U0/AXI_ADC_v3_0_S00_AXI_inst/Inst_ADC_readout_12bit/iserdes6_p/CLK / zsys_i/ADC/AXI_ADC_1/U0/AXI_ADC_v3_0_S00_AXI_inst/Inst_ADC_readout_12bit/iserdes6_p/CLKDIV pins should be driven by the same source through the same buffer type or by a BUFIO / BUFR combination in order to have a proper phase relationship. Please refer to the Select I/O User Guide for supported clocking topologies of the chosen INTERFACE_TYPE mode.
Related violations: <none>

REQP-1580#15 Warning
Phase alignment  
Unsupported clocking topology used for ISERDESE2 zsys_i/ADC/AXI_ADC_1/U0/AXI_ADC_v3_0_S00_AXI_inst/Inst_ADC_readout_12bit/iserdes7_n. This can result in corrupted data. The zsys_i/ADC/AXI_ADC_1/U0/AXI_ADC_v3_0_S00_AXI_inst/Inst_ADC_readout_12bit/iserdes7_n/CLK / zsys_i/ADC/AXI_ADC_1/U0/AXI_ADC_v3_0_S00_AXI_inst/Inst_ADC_readout_12bit/iserdes7_n/CLKDIV pins should be driven by the same source through the same buffer type or by a BUFIO / BUFR combination in order to have a proper phase relationship. Please refer to the Select I/O User Guide for supported clocking topologies of the chosen INTERFACE_TYPE mode.
Related violations: <none>

REQP-1580#16 Warning
Phase alignment  
Unsupported clocking topology used for ISERDESE2 zsys_i/ADC/AXI_ADC_1/U0/AXI_ADC_v3_0_S00_AXI_inst/Inst_ADC_readout_12bit/iserdes7_p. This can result in corrupted data. The zsys_i/ADC/AXI_ADC_1/U0/AXI_ADC_v3_0_S00_AXI_inst/Inst_ADC_readout_12bit/iserdes7_p/CLK / zsys_i/ADC/AXI_ADC_1/U0/AXI_ADC_v3_0_S00_AXI_inst/Inst_ADC_readout_12bit/iserdes7_p/CLKDIV pins should be driven by the same source through the same buffer type or by a BUFIO / BUFR combination in order to have a proper phase relationship. Please refer to the Select I/O User Guide for supported clocking topologies of the chosen INTERFACE_TYPE mode.
Related violations: <none>

REQP-1580#17 Warning
Phase alignment  
Unsupported clocking topology used for ISERDESE2 zsys_i/ADC/AXI_ADC_1/U0/AXI_ADC_v3_0_S00_AXI_inst/Inst_ADC_readout_12bit/iserdes_frame_n_even. This can result in corrupted data. The zsys_i/ADC/AXI_ADC_1/U0/AXI_ADC_v3_0_S00_AXI_inst/Inst_ADC_readout_12bit/iserdes_frame_n_even/CLK / zsys_i/ADC/AXI_ADC_1/U0/AXI_ADC_v3_0_S00_AXI_inst/Inst_ADC_readout_12bit/iserdes_frame_n_even/CLKDIV pins should be driven by the same source through the same buffer type or by a BUFIO / BUFR combination in order to have a proper phase relationship. Please refer to the Select I/O User Guide for supported clocking topologies of the chosen INTERFACE_TYPE mode.
Related violations: <none>

REQP-1580#18 Warning
Phase alignment  
Unsupported clocking topology used for ISERDESE2 zsys_i/ADC/AXI_ADC_1/U0/AXI_ADC_v3_0_S00_AXI_inst/Inst_ADC_readout_12bit/iserdes_frame_p_odd. This can result in corrupted data. The zsys_i/ADC/AXI_ADC_1/U0/AXI_ADC_v3_0_S00_AXI_inst/Inst_ADC_readout_12bit/iserdes_frame_p_odd/CLK / zsys_i/ADC/AXI_ADC_1/U0/AXI_ADC_v3_0_S00_AXI_inst/Inst_ADC_readout_12bit/iserdes_frame_p_odd/CLKDIV pins should be driven by the same source through the same buffer type or by a BUFIO / BUFR combination in order to have a proper phase relationship. Please refer to the Select I/O User Guide for supported clocking topologies of the chosen INTERFACE_TYPE mode.
Related violations: <none>

REQP-1839#1 Warning
RAMB36 async control check  
The RAMB36E1 zsys_i/ADC/fifo_generator_0/U0/inst_fifo_gen/gconvfifo.rf/grf.rf/gntv_or_sync_fifo.mem/gbm.gbmg.gbmga.ngecc.bmg/inst_blk_mem_gen/gnbram.gnativebmg.native_blk_mem_gen/valid.cstr/ramloop[0].ram.r/prim_noinit.ram/DEVICE_7SERIES.NO_BMM_INFO.SDP.SIMPLE_PRIM36.ram has an input control pin zsys_i/ADC/fifo_generator_0/U0/inst_fifo_gen/gconvfifo.rf/grf.rf/gntv_or_sync_fifo.mem/gbm.gbmg.gbmga.ngecc.bmg/inst_blk_mem_gen/gnbram.gnativebmg.native_blk_mem_gen/valid.cstr/ramloop[0].ram.r/prim_noinit.ram/DEVICE_7SERIES.NO_BMM_INFO.SDP.SIMPLE_PRIM36.ram/ADDRARDADDR[10] (net: zsys_i/ADC/fifo_generator_0/U0/inst_fifo_gen/gconvfifo.rf/grf.rf/gntv_or_sync_fifo.mem/gbm.gbmg.gbmga.ngecc.bmg/inst_blk_mem_gen/gnbram.gnativebmg.native_blk_mem_gen/valid.cstr/ramloop[0].ram.r/prim_noinit.ram/Q[7]) which is driven by a register (zsys_i/ADC/fifo_generator_0/U0/inst_fifo_gen/gconvfifo.rf/grf.rf/gntv_or_sync_fifo.gl0.wr/wpntr/gic0.gc0.count_d2_reg[7]) that has an active asychronous set or reset. This may cause corruption of the memory contents and/or read values when the set/reset is asserted and is not analyzed by the default static timing analysis. It is suggested to eliminate the use of a set/reset to registers driving this RAMB pin or else use a synchronous reset in which the assertion of the reset is timed by default.
Related violations: <none>

REQP-1839#2 Warning
RAMB36 async control check  
The RAMB36E1 zsys_i/ADC/fifo_generator_0/U0/inst_fifo_gen/gconvfifo.rf/grf.rf/gntv_or_sync_fifo.mem/gbm.gbmg.gbmga.ngecc.bmg/inst_blk_mem_gen/gnbram.gnativebmg.native_blk_mem_gen/valid.cstr/ramloop[0].ram.r/prim_noinit.ram/DEVICE_7SERIES.NO_BMM_INFO.SDP.SIMPLE_PRIM36.ram has an input control pin zsys_i/ADC/fifo_generator_0/U0/inst_fifo_gen/gconvfifo.rf/grf.rf/gntv_or_sync_fifo.mem/gbm.gbmg.gbmga.ngecc.bmg/inst_blk_mem_gen/gnbram.gnativebmg.native_blk_mem_gen/valid.cstr/ramloop[0].ram.r/prim_noinit.ram/DEVICE_7SERIES.NO_BMM_INFO.SDP.SIMPLE_PRIM36.ram/ADDRARDADDR[11] (net: zsys_i/ADC/fifo_generator_0/U0/inst_fifo_gen/gconvfifo.rf/grf.rf/gntv_or_sync_fifo.mem/gbm.gbmg.gbmga.ngecc.bmg/inst_blk_mem_gen/gnbram.gnativebmg.native_blk_mem_gen/valid.cstr/ramloop[0].ram.r/prim_noinit.ram/Q[8]) which is driven by a register (zsys_i/ADC/fifo_generator_0/U0/inst_fifo_gen/gconvfifo.rf/grf.rf/gntv_or_sync_fifo.gl0.wr/wpntr/gic0.gc0.count_d2_reg[8]) that has an active asychronous set or reset. This may cause corruption of the memory contents and/or read values when the set/reset is asserted and is not analyzed by the default static timing analysis. It is suggested to eliminate the use of a set/reset to registers driving this RAMB pin or else use a synchronous reset in which the assertion of the reset is timed by default.
Related violations: <none>

REQP-1839#3 Warning
RAMB36 async control check  
The RAMB36E1 zsys_i/ADC/fifo_generator_0/U0/inst_fifo_gen/gconvfifo.rf/grf.rf/gntv_or_sync_fifo.mem/gbm.gbmg.gbmga.ngecc.bmg/inst_blk_mem_gen/gnbram.gnativebmg.native_blk_mem_gen/valid.cstr/ramloop[0].ram.r/prim_noinit.ram/DEVICE_7SERIES.NO_BMM_INFO.SDP.SIMPLE_PRIM36.ram has an input control pin zsys_i/ADC/fifo_generator_0/U0/inst_fifo_gen/gconvfifo.rf/grf.rf/gntv_or_sync_fifo.mem/gbm.gbmg.gbmga.ngecc.bmg/inst_blk_mem_gen/gnbram.gnativebmg.native_blk_mem_gen/valid.cstr/ramloop[0].ram.r/prim_noinit.ram/DEVICE_7SERIES.NO_BMM_INFO.SDP.SIMPLE_PRIM36.ram/ADDRARDADDR[12] (net: zsys_i/ADC/fifo_generator_0/U0/inst_fifo_gen/gconvfifo.rf/grf.rf/gntv_or_sync_fifo.mem/gbm.gbmg.gbmga.ngecc.bmg/inst_blk_mem_gen/gnbram.gnativebmg.native_blk_mem_gen/valid.cstr/ramloop[0].ram.r/prim_noinit.ram/Q[9]) which is driven by a register (zsys_i/ADC/fifo_generator_0/U0/inst_fifo_gen/gconvfifo.rf/grf.rf/gntv_or_sync_fifo.gl0.wr/wpntr/gic0.gc0.count_d2_reg[9]) that has an active asychronous set or reset. This may cause corruption of the memory contents and/or read values when the set/reset is asserted and is not analyzed by the default static timing analysis. It is suggested to eliminate the use of a set/reset to registers driving this RAMB pin or else use a synchronous reset in which the assertion of the reset is timed by default.
Related violations: <none>

REQP-1839#4 Warning
RAMB36 async control check  
The RAMB36E1 zsys_i/ADC/fifo_generator_0/U0/inst_fifo_gen/gconvfifo.rf/grf.rf/gntv_or_sync_fifo.mem/gbm.gbmg.gbmga.ngecc.bmg/inst_blk_mem_gen/gnbram.gnativebmg.native_blk_mem_gen/valid.cstr/ramloop[0].ram.r/prim_noinit.ram/DEVICE_7SERIES.NO_BMM_INFO.SDP.SIMPLE_PRIM36.ram has an input control pin zsys_i/ADC/fifo_generator_0/U0/inst_fifo_gen/gconvfifo.rf/grf.rf/gntv_or_sync_fifo.mem/gbm.gbmg.gbmga.ngecc.bmg/inst_blk_mem_gen/gnbram.gnativebmg.native_blk_mem_gen/valid.cstr/ramloop[0].ram.r/prim_noinit.ram/DEVICE_7SERIES.NO_BMM_INFO.SDP.SIMPLE_PRIM36.ram/ADDRARDADDR[13] (net: zsys_i/ADC/fifo_generator_0/U0/inst_fifo_gen/gconvfifo.rf/grf.rf/gntv_or_sync_fifo.mem/gbm.gbmg.gbmga.ngecc.bmg/inst_blk_mem_gen/gnbram.gnativebmg.native_blk_mem_gen/valid.cstr/ramloop[0].ram.r/prim_noinit.ram/Q[10]) which is driven by a register (zsys_i/ADC/fifo_generator_0/U0/inst_fifo_gen/gconvfifo.rf/grf.rf/gntv_or_sync_fifo.gl0.wr/wpntr/gic0.gc0.count_d2_reg[10]) that has an active asychronous set or reset. This may cause corruption of the memory contents and/or read values when the set/reset is asserted and is not analyzed by the default static timing analysis. It is suggested to eliminate the use of a set/reset to registers driving this RAMB pin or else use a synchronous reset in which the assertion of the reset is timed by default.
Related violations: <none>

REQP-1839#5 Warning
RAMB36 async control check  
The RAMB36E1 zsys_i/ADC/fifo_generator_0/U0/inst_fifo_gen/gconvfifo.rf/grf.rf/gntv_or_sync_fifo.mem/gbm.gbmg.gbmga.ngecc.bmg/inst_blk_mem_gen/gnbram.gnativebmg.native_blk_mem_gen/valid.cstr/ramloop[0].ram.r/prim_noinit.ram/DEVICE_7SERIES.NO_BMM_INFO.SDP.SIMPLE_PRIM36.ram has an input control pin zsys_i/ADC/fifo_generator_0/U0/inst_fifo_gen/gconvfifo.rf/grf.rf/gntv_or_sync_fifo.mem/gbm.gbmg.gbmga.ngecc.bmg/inst_blk_mem_gen/gnbram.gnativebmg.native_blk_mem_gen/valid.cstr/ramloop[0].ram.r/prim_noinit.ram/DEVICE_7SERIES.NO_BMM_INFO.SDP.SIMPLE_PRIM36.ram/ADDRARDADDR[14] (net: zsys_i/ADC/fifo_generator_0/U0/inst_fifo_gen/gconvfifo.rf/grf.rf/gntv_or_sync_fifo.mem/gbm.gbmg.gbmga.ngecc.bmg/inst_blk_mem_gen/gnbram.gnativebmg.native_blk_mem_gen/valid.cstr/ramloop[0].ram.r/prim_noinit.ram/Q[11]) which is driven by a register (zsys_i/ADC/fifo_generator_0/U0/inst_fifo_gen/gconvfifo.rf/grf.rf/gntv_or_sync_fifo.gl0.wr/wpntr/gic0.gc0.count_d2_reg[11]) that has an active asychronous set or reset. This may cause corruption of the memory contents and/or read values when the set/reset is asserted and is not analyzed by the default static timing analysis. It is suggested to eliminate the use of a set/reset to registers driving this RAMB pin or else use a synchronous reset in which the assertion of the reset is timed by default.
Related violations: <none>

REQP-1839#6 Warning
RAMB36 async control check  
The RAMB36E1 zsys_i/ADC/fifo_generator_0/U0/inst_fifo_gen/gconvfifo.rf/grf.rf/gntv_or_sync_fifo.mem/gbm.gbmg.gbmga.ngecc.bmg/inst_blk_mem_gen/gnbram.gnativebmg.native_blk_mem_gen/valid.cstr/ramloop[0].ram.r/prim_noinit.ram/DEVICE_7SERIES.NO_BMM_INFO.SDP.SIMPLE_PRIM36.ram has an input control pin zsys_i/ADC/fifo_generator_0/U0/inst_fifo_gen/gconvfifo.rf/grf.rf/gntv_or_sync_fifo.mem/gbm.gbmg.gbmga.ngecc.bmg/inst_blk_mem_gen/gnbram.gnativebmg.native_blk_mem_gen/valid.cstr/ramloop[0].ram.r/prim_noinit.ram/DEVICE_7SERIES.NO_BMM_INFO.SDP.SIMPLE_PRIM36.ram/ADDRARDADDR[3] (net: zsys_i/ADC/fifo_generator_0/U0/inst_fifo_gen/gconvfifo.rf/grf.rf/gntv_or_sync_fifo.mem/gbm.gbmg.gbmga.ngecc.bmg/inst_blk_mem_gen/gnbram.gnativebmg.native_blk_mem_gen/valid.cstr/ramloop[0].ram.r/prim_noinit.ram/Q[0]) which is driven by a register (zsys_i/ADC/fifo_generator_0/U0/inst_fifo_gen/gconvfifo.rf/grf.rf/gntv_or_sync_fifo.gl0.wr/wpntr/gic0.gc0.count_d2_reg[0]) that has an active asychronous set or reset. This may cause corruption of the memory contents and/or read values when the set/reset is asserted and is not analyzed by the default static timing analysis. It is suggested to eliminate the use of a set/reset to registers driving this RAMB pin or else use a synchronous reset in which the assertion of the reset is timed by default.
Related violations: <none>

REQP-1839#7 Warning
RAMB36 async control check  
The RAMB36E1 zsys_i/ADC/fifo_generator_0/U0/inst_fifo_gen/gconvfifo.rf/grf.rf/gntv_or_sync_fifo.mem/gbm.gbmg.gbmga.ngecc.bmg/inst_blk_mem_gen/gnbram.gnativebmg.native_blk_mem_gen/valid.cstr/ramloop[0].ram.r/prim_noinit.ram/DEVICE_7SERIES.NO_BMM_INFO.SDP.SIMPLE_PRIM36.ram has an input control pin zsys_i/ADC/fifo_generator_0/U0/inst_fifo_gen/gconvfifo.rf/grf.rf/gntv_or_sync_fifo.mem/gbm.gbmg.gbmga.ngecc.bmg/inst_blk_mem_gen/gnbram.gnativebmg.native_blk_mem_gen/valid.cstr/ramloop[0].ram.r/prim_noinit.ram/DEVICE_7SERIES.NO_BMM_INFO.SDP.SIMPLE_PRIM36.ram/ADDRARDADDR[4] (net: zsys_i/ADC/fifo_generator_0/U0/inst_fifo_gen/gconvfifo.rf/grf.rf/gntv_or_sync_fifo.mem/gbm.gbmg.gbmga.ngecc.bmg/inst_blk_mem_gen/gnbram.gnativebmg.native_blk_mem_gen/valid.cstr/ramloop[0].ram.r/prim_noinit.ram/Q[1]) which is driven by a register (zsys_i/ADC/fifo_generator_0/U0/inst_fifo_gen/gconvfifo.rf/grf.rf/gntv_or_sync_fifo.gl0.wr/wpntr/gic0.gc0.count_d2_reg[1]) that has an active asychronous set or reset. This may cause corruption of the memory contents and/or read values when the set/reset is asserted and is not analyzed by the default static timing analysis. It is suggested to eliminate the use of a set/reset to registers driving this RAMB pin or else use a synchronous reset in which the assertion of the reset is timed by default.
Related violations: <none>

REQP-1839#8 Warning
RAMB36 async control check  
The RAMB36E1 zsys_i/ADC/fifo_generator_0/U0/inst_fifo_gen/gconvfifo.rf/grf.rf/gntv_or_sync_fifo.mem/gbm.gbmg.gbmga.ngecc.bmg/inst_blk_mem_gen/gnbram.gnativebmg.native_blk_mem_gen/valid.cstr/ramloop[0].ram.r/prim_noinit.ram/DEVICE_7SERIES.NO_BMM_INFO.SDP.SIMPLE_PRIM36.ram has an input control pin zsys_i/ADC/fifo_generator_0/U0/inst_fifo_gen/gconvfifo.rf/grf.rf/gntv_or_sync_fifo.mem/gbm.gbmg.gbmga.ngecc.bmg/inst_blk_mem_gen/gnbram.gnativebmg.native_blk_mem_gen/valid.cstr/ramloop[0].ram.r/prim_noinit.ram/DEVICE_7SERIES.NO_BMM_INFO.SDP.SIMPLE_PRIM36.ram/ADDRARDADDR[5] (net: zsys_i/ADC/fifo_generator_0/U0/inst_fifo_gen/gconvfifo.rf/grf.rf/gntv_or_sync_fifo.mem/gbm.gbmg.gbmga.ngecc.bmg/inst_blk_mem_gen/gnbram.gnativebmg.native_blk_mem_gen/valid.cstr/ramloop[0].ram.r/prim_noinit.ram/Q[2]) which is driven by a register (zsys_i/ADC/fifo_generator_0/U0/inst_fifo_gen/gconvfifo.rf/grf.rf/gntv_or_sync_fifo.gl0.wr/wpntr/gic0.gc0.count_d2_reg[2]) that has an active asychronous set or reset. This may cause corruption of the memory contents and/or read values when the set/reset is asserted and is not analyzed by the default static timing analysis. It is suggested to eliminate the use of a set/reset to registers driving this RAMB pin or else use a synchronous reset in which the assertion of the reset is timed by default.
Related violations: <none>

REQP-1839#9 Warning
RAMB36 async control check  
The RAMB36E1 zsys_i/ADC/fifo_generator_0/U0/inst_fifo_gen/gconvfifo.rf/grf.rf/gntv_or_sync_fifo.mem/gbm.gbmg.gbmga.ngecc.bmg/inst_blk_mem_gen/gnbram.gnativebmg.native_blk_mem_gen/valid.cstr/ramloop[0].ram.r/prim_noinit.ram/DEVICE_7SERIES.NO_BMM_INFO.SDP.SIMPLE_PRIM36.ram has an input control pin zsys_i/ADC/fifo_generator_0/U0/inst_fifo_gen/gconvfifo.rf/grf.rf/gntv_or_sync_fifo.mem/gbm.gbmg.gbmga.ngecc.bmg/inst_blk_mem_gen/gnbram.gnativebmg.native_blk_mem_gen/valid.cstr/ramloop[0].ram.r/prim_noinit.ram/DEVICE_7SERIES.NO_BMM_INFO.SDP.SIMPLE_PRIM36.ram/ADDRARDADDR[6] (net: zsys_i/ADC/fifo_generator_0/U0/inst_fifo_gen/gconvfifo.rf/grf.rf/gntv_or_sync_fifo.mem/gbm.gbmg.gbmga.ngecc.bmg/inst_blk_mem_gen/gnbram.gnativebmg.native_blk_mem_gen/valid.cstr/ramloop[0].ram.r/prim_noinit.ram/Q[3]) which is driven by a register (zsys_i/ADC/fifo_generator_0/U0/inst_fifo_gen/gconvfifo.rf/grf.rf/gntv_or_sync_fifo.gl0.wr/wpntr/gic0.gc0.count_d2_reg[3]) that has an active asychronous set or reset. This may cause corruption of the memory contents and/or read values when the set/reset is asserted and is not analyzed by the default static timing analysis. It is suggested to eliminate the use of a set/reset to registers driving this RAMB pin or else use a synchronous reset in which the assertion of the reset is timed by default.
Related violations: <none>

REQP-1839#10 Warning
RAMB36 async control check  
The RAMB36E1 zsys_i/ADC/fifo_generator_0/U0/inst_fifo_gen/gconvfifo.rf/grf.rf/gntv_or_sync_fifo.mem/gbm.gbmg.gbmga.ngecc.bmg/inst_blk_mem_gen/gnbram.gnativebmg.native_blk_mem_gen/valid.cstr/ramloop[0].ram.r/prim_noinit.ram/DEVICE_7SERIES.NO_BMM_INFO.SDP.SIMPLE_PRIM36.ram has an input control pin zsys_i/ADC/fifo_generator_0/U0/inst_fifo_gen/gconvfifo.rf/grf.rf/gntv_or_sync_fifo.mem/gbm.gbmg.gbmga.ngecc.bmg/inst_blk_mem_gen/gnbram.gnativebmg.native_blk_mem_gen/valid.cstr/ramloop[0].ram.r/prim_noinit.ram/DEVICE_7SERIES.NO_BMM_INFO.SDP.SIMPLE_PRIM36.ram/ADDRARDADDR[7] (net: zsys_i/ADC/fifo_generator_0/U0/inst_fifo_gen/gconvfifo.rf/grf.rf/gntv_or_sync_fifo.mem/gbm.gbmg.gbmga.ngecc.bmg/inst_blk_mem_gen/gnbram.gnativebmg.native_blk_mem_gen/valid.cstr/ramloop[0].ram.r/prim_noinit.ram/Q[4]) which is driven by a register (zsys_i/ADC/fifo_generator_0/U0/inst_fifo_gen/gconvfifo.rf/grf.rf/gntv_or_sync_fifo.gl0.wr/wpntr/gic0.gc0.count_d2_reg[4]) that has an active asychronous set or reset. This may cause corruption of the memory contents and/or read values when the set/reset is asserted and is not analyzed by the default static timing analysis. It is suggested to eliminate the use of a set/reset to registers driving this RAMB pin or else use a synchronous reset in which the assertion of the reset is timed by default.
Related violations: <none>

REQP-1839#11 Warning
RAMB36 async control check  
The RAMB36E1 zsys_i/ADC/fifo_generator_0/U0/inst_fifo_gen/gconvfifo.rf/grf.rf/gntv_or_sync_fifo.mem/gbm.gbmg.gbmga.ngecc.bmg/inst_blk_mem_gen/gnbram.gnativebmg.native_blk_mem_gen/valid.cstr/ramloop[0].ram.r/prim_noinit.ram/DEVICE_7SERIES.NO_BMM_INFO.SDP.SIMPLE_PRIM36.ram has an input control pin zsys_i/ADC/fifo_generator_0/U0/inst_fifo_gen/gconvfifo.rf/grf.rf/gntv_or_sync_fifo.mem/gbm.gbmg.gbmga.ngecc.bmg/inst_blk_mem_gen/gnbram.gnativebmg.native_blk_mem_gen/valid.cstr/ramloop[0].ram.r/prim_noinit.ram/DEVICE_7SERIES.NO_BMM_INFO.SDP.SIMPLE_PRIM36.ram/ADDRARDADDR[8] (net: zsys_i/ADC/fifo_generator_0/U0/inst_fifo_gen/gconvfifo.rf/grf.rf/gntv_or_sync_fifo.mem/gbm.gbmg.gbmga.ngecc.bmg/inst_blk_mem_gen/gnbram.gnativebmg.native_blk_mem_gen/valid.cstr/ramloop[0].ram.r/prim_noinit.ram/Q[5]) which is driven by a register (zsys_i/ADC/fifo_generator_0/U0/inst_fifo_gen/gconvfifo.rf/grf.rf/gntv_or_sync_fifo.gl0.wr/wpntr/gic0.gc0.count_d2_reg[5]) that has an active asychronous set or reset. This may cause corruption of the memory contents and/or read values when the set/reset is asserted and is not analyzed by the default static timing analysis. It is suggested to eliminate the use of a set/reset to registers driving this RAMB pin or else use a synchronous reset in which the assertion of the reset is timed by default.
Related violations: <none>

REQP-1839#12 Warning
RAMB36 async control check  
The RAMB36E1 zsys_i/ADC/fifo_generator_0/U0/inst_fifo_gen/gconvfifo.rf/grf.rf/gntv_or_sync_fifo.mem/gbm.gbmg.gbmga.ngecc.bmg/inst_blk_mem_gen/gnbram.gnativebmg.native_blk_mem_gen/valid.cstr/ramloop[0].ram.r/prim_noinit.ram/DEVICE_7SERIES.NO_BMM_INFO.SDP.SIMPLE_PRIM36.ram has an input control pin zsys_i/ADC/fifo_generator_0/U0/inst_fifo_gen/gconvfifo.rf/grf.rf/gntv_or_sync_fifo.mem/gbm.gbmg.gbmga.ngecc.bmg/inst_blk_mem_gen/gnbram.gnativebmg.native_blk_mem_gen/valid.cstr/ramloop[0].ram.r/prim_noinit.ram/DEVICE_7SERIES.NO_BMM_INFO.SDP.SIMPLE_PRIM36.ram/ADDRARDADDR[9] (net: zsys_i/ADC/fifo_generator_0/U0/inst_fifo_gen/gconvfifo.rf/grf.rf/gntv_or_sync_fifo.mem/gbm.gbmg.gbmga.ngecc.bmg/inst_blk_mem_gen/gnbram.gnativebmg.native_blk_mem_gen/valid.cstr/ramloop[0].ram.r/prim_noinit.ram/Q[6]) which is driven by a register (zsys_i/ADC/fifo_generator_0/U0/inst_fifo_gen/gconvfifo.rf/grf.rf/gntv_or_sync_fifo.gl0.wr/wpntr/gic0.gc0.count_d2_reg[6]) that has an active asychronous set or reset. This may cause corruption of the memory contents and/or read values when the set/reset is asserted and is not analyzed by the default static timing analysis. It is suggested to eliminate the use of a set/reset to registers driving this RAMB pin or else use a synchronous reset in which the assertion of the reset is timed by default.
Related violations: <none>

REQP-1839#13 Warning
RAMB36 async control check  
The RAMB36E1 zsys_i/ADC/fifo_generator_0/U0/inst_fifo_gen/gconvfifo.rf/grf.rf/gntv_or_sync_fifo.mem/gbm.gbmg.gbmga.ngecc.bmg/inst_blk_mem_gen/gnbram.gnativebmg.native_blk_mem_gen/valid.cstr/ramloop[0].ram.r/prim_noinit.ram/DEVICE_7SERIES.NO_BMM_INFO.SDP.SIMPLE_PRIM36.ram has an input control pin zsys_i/ADC/fifo_generator_0/U0/inst_fifo_gen/gconvfifo.rf/grf.rf/gntv_or_sync_fifo.mem/gbm.gbmg.gbmga.ngecc.bmg/inst_blk_mem_gen/gnbram.gnativebmg.native_blk_mem_gen/valid.cstr/ramloop[0].ram.r/prim_noinit.ram/DEVICE_7SERIES.NO_BMM_INFO.SDP.SIMPLE_PRIM36.ram/ADDRBWRADDR[10] (net: zsys_i/ADC/fifo_generator_0/U0/inst_fifo_gen/gconvfifo.rf/grf.rf/gntv_or_sync_fifo.mem/gbm.gbmg.gbmga.ngecc.bmg/inst_blk_mem_gen/gnbram.gnativebmg.native_blk_mem_gen/valid.cstr/ramloop[0].ram.r/prim_noinit.ram/gc0.count_d1_reg[11][7]) which is driven by a register (zsys_i/ADC/fifo_generator_0/U0/inst_fifo_gen/gconvfifo.rf/grf.rf/gntv_or_sync_fifo.gl0.rd/rpntr/gc0.count_d1_reg[7]) that has an active asychronous set or reset. This may cause corruption of the memory contents and/or read values when the set/reset is asserted and is not analyzed by the default static timing analysis. It is suggested to eliminate the use of a set/reset to registers driving this RAMB pin or else use a synchronous reset in which the assertion of the reset is timed by default.
Related violations: <none>

REQP-1839#14 Warning
RAMB36 async control check  
The RAMB36E1 zsys_i/ADC/fifo_generator_0/U0/inst_fifo_gen/gconvfifo.rf/grf.rf/gntv_or_sync_fifo.mem/gbm.gbmg.gbmga.ngecc.bmg/inst_blk_mem_gen/gnbram.gnativebmg.native_blk_mem_gen/valid.cstr/ramloop[0].ram.r/prim_noinit.ram/DEVICE_7SERIES.NO_BMM_INFO.SDP.SIMPLE_PRIM36.ram has an input control pin zsys_i/ADC/fifo_generator_0/U0/inst_fifo_gen/gconvfifo.rf/grf.rf/gntv_or_sync_fifo.mem/gbm.gbmg.gbmga.ngecc.bmg/inst_blk_mem_gen/gnbram.gnativebmg.native_blk_mem_gen/valid.cstr/ramloop[0].ram.r/prim_noinit.ram/DEVICE_7SERIES.NO_BMM_INFO.SDP.SIMPLE_PRIM36.ram/ADDRBWRADDR[11] (net: zsys_i/ADC/fifo_generator_0/U0/inst_fifo_gen/gconvfifo.rf/grf.rf/gntv_or_sync_fifo.mem/gbm.gbmg.gbmga.ngecc.bmg/inst_blk_mem_gen/gnbram.gnativebmg.native_blk_mem_gen/valid.cstr/ramloop[0].ram.r/prim_noinit.ram/gc0.count_d1_reg[11][8]) which is driven by a register (zsys_i/ADC/fifo_generator_0/U0/inst_fifo_gen/gconvfifo.rf/grf.rf/gntv_or_sync_fifo.gl0.rd/rpntr/gc0.count_d1_reg[8]) that has an active asychronous set or reset. This may cause corruption of the memory contents and/or read values when the set/reset is asserted and is not analyzed by the default static timing analysis. It is suggested to eliminate the use of a set/reset to registers driving this RAMB pin or else use a synchronous reset in which the assertion of the reset is timed by default.
Related violations: <none>

REQP-1839#15 Warning
RAMB36 async control check  
The RAMB36E1 zsys_i/ADC/fifo_generator_0/U0/inst_fifo_gen/gconvfifo.rf/grf.rf/gntv_or_sync_fifo.mem/gbm.gbmg.gbmga.ngecc.bmg/inst_blk_mem_gen/gnbram.gnativebmg.native_blk_mem_gen/valid.cstr/ramloop[0].ram.r/prim_noinit.ram/DEVICE_7SERIES.NO_BMM_INFO.SDP.SIMPLE_PRIM36.ram has an input control pin zsys_i/ADC/fifo_generator_0/U0/inst_fifo_gen/gconvfifo.rf/grf.rf/gntv_or_sync_fifo.mem/gbm.gbmg.gbmga.ngecc.bmg/inst_blk_mem_gen/gnbram.gnativebmg.native_blk_mem_gen/valid.cstr/ramloop[0].ram.r/prim_noinit.ram/DEVICE_7SERIES.NO_BMM_INFO.SDP.SIMPLE_PRIM36.ram/ADDRBWRADDR[12] (net: zsys_i/ADC/fifo_generator_0/U0/inst_fifo_gen/gconvfifo.rf/grf.rf/gntv_or_sync_fifo.mem/gbm.gbmg.gbmga.ngecc.bmg/inst_blk_mem_gen/gnbram.gnativebmg.native_blk_mem_gen/valid.cstr/ramloop[0].ram.r/prim_noinit.ram/gc0.count_d1_reg[11][9]) which is driven by a register (zsys_i/ADC/fifo_generator_0/U0/inst_fifo_gen/gconvfifo.rf/grf.rf/gntv_or_sync_fifo.gl0.rd/rpntr/gc0.count_d1_reg[9]) that has an active asychronous set or reset. This may cause corruption of the memory contents and/or read values when the set/reset is asserted and is not analyzed by the default static timing analysis. It is suggested to eliminate the use of a set/reset to registers driving this RAMB pin or else use a synchronous reset in which the assertion of the reset is timed by default.
Related violations: <none>

REQP-1839#16 Warning
RAMB36 async control check  
The RAMB36E1 zsys_i/ADC/fifo_generator_0/U0/inst_fifo_gen/gconvfifo.rf/grf.rf/gntv_or_sync_fifo.mem/gbm.gbmg.gbmga.ngecc.bmg/inst_blk_mem_gen/gnbram.gnativebmg.native_blk_mem_gen/valid.cstr/ramloop[0].ram.r/prim_noinit.ram/DEVICE_7SERIES.NO_BMM_INFO.SDP.SIMPLE_PRIM36.ram has an input control pin zsys_i/ADC/fifo_generator_0/U0/inst_fifo_gen/gconvfifo.rf/grf.rf/gntv_or_sync_fifo.mem/gbm.gbmg.gbmga.ngecc.bmg/inst_blk_mem_gen/gnbram.gnativebmg.native_blk_mem_gen/valid.cstr/ramloop[0].ram.r/prim_noinit.ram/DEVICE_7SERIES.NO_BMM_INFO.SDP.SIMPLE_PRIM36.ram/ADDRBWRADDR[13] (net: zsys_i/ADC/fifo_generator_0/U0/inst_fifo_gen/gconvfifo.rf/grf.rf/gntv_or_sync_fifo.mem/gbm.gbmg.gbmga.ngecc.bmg/inst_blk_mem_gen/gnbram.gnativebmg.native_blk_mem_gen/valid.cstr/ramloop[0].ram.r/prim_noinit.ram/gc0.count_d1_reg[11][10]) which is driven by a register (zsys_i/ADC/fifo_generator_0/U0/inst_fifo_gen/gconvfifo.rf/grf.rf/gntv_or_sync_fifo.gl0.rd/rpntr/gc0.count_d1_reg[10]) that has an active asychronous set or reset. This may cause corruption of the memory contents and/or read values when the set/reset is asserted and is not analyzed by the default static timing analysis. It is suggested to eliminate the use of a set/reset to registers driving this RAMB pin or else use a synchronous reset in which the assertion of the reset is timed by default.
Related violations: <none>

REQP-1839#17 Warning
RAMB36 async control check  
The RAMB36E1 zsys_i/ADC/fifo_generator_0/U0/inst_fifo_gen/gconvfifo.rf/grf.rf/gntv_or_sync_fifo.mem/gbm.gbmg.gbmga.ngecc.bmg/inst_blk_mem_gen/gnbram.gnativebmg.native_blk_mem_gen/valid.cstr/ramloop[0].ram.r/prim_noinit.ram/DEVICE_7SERIES.NO_BMM_INFO.SDP.SIMPLE_PRIM36.ram has an input control pin zsys_i/ADC/fifo_generator_0/U0/inst_fifo_gen/gconvfifo.rf/grf.rf/gntv_or_sync_fifo.mem/gbm.gbmg.gbmga.ngecc.bmg/inst_blk_mem_gen/gnbram.gnativebmg.native_blk_mem_gen/valid.cstr/ramloop[0].ram.r/prim_noinit.ram/DEVICE_7SERIES.NO_BMM_INFO.SDP.SIMPLE_PRIM36.ram/ADDRBWRADDR[14] (net: zsys_i/ADC/fifo_generator_0/U0/inst_fifo_gen/gconvfifo.rf/grf.rf/gntv_or_sync_fifo.mem/gbm.gbmg.gbmga.ngecc.bmg/inst_blk_mem_gen/gnbram.gnativebmg.native_blk_mem_gen/valid.cstr/ramloop[0].ram.r/prim_noinit.ram/gc0.count_d1_reg[11][11]) which is driven by a register (zsys_i/ADC/fifo_generator_0/U0/inst_fifo_gen/gconvfifo.rf/grf.rf/gntv_or_sync_fifo.gl0.rd/rpntr/gc0.count_d1_reg[11]) that has an active asychronous set or reset. This may cause corruption of the memory contents and/or read values when the set/reset is asserted and is not analyzed by the default static timing analysis. It is suggested to eliminate the use of a set/reset to registers driving this RAMB pin or else use a synchronous reset in which the assertion of the reset is timed by default.
Related violations: <none>

REQP-1839#18 Warning
RAMB36 async control check  
The RAMB36E1 zsys_i/ADC/fifo_generator_0/U0/inst_fifo_gen/gconvfifo.rf/grf.rf/gntv_or_sync_fifo.mem/gbm.gbmg.gbmga.ngecc.bmg/inst_blk_mem_gen/gnbram.gnativebmg.native_blk_mem_gen/valid.cstr/ramloop[0].ram.r/prim_noinit.ram/DEVICE_7SERIES.NO_BMM_INFO.SDP.SIMPLE_PRIM36.ram has an input control pin zsys_i/ADC/fifo_generator_0/U0/inst_fifo_gen/gconvfifo.rf/grf.rf/gntv_or_sync_fifo.mem/gbm.gbmg.gbmga.ngecc.bmg/inst_blk_mem_gen/gnbram.gnativebmg.native_blk_mem_gen/valid.cstr/ramloop[0].ram.r/prim_noinit.ram/DEVICE_7SERIES.NO_BMM_INFO.SDP.SIMPLE_PRIM36.ram/ADDRBWRADDR[7] (net: zsys_i/ADC/fifo_generator_0/U0/inst_fifo_gen/gconvfifo.rf/grf.rf/gntv_or_sync_fifo.mem/gbm.gbmg.gbmga.ngecc.bmg/inst_blk_mem_gen/gnbram.gnativebmg.native_blk_mem_gen/valid.cstr/ramloop[0].ram.r/prim_noinit.ram/gc0.count_d1_reg[11][4]) which is driven by a register (zsys_i/ADC/fifo_generator_0/U0/inst_fifo_gen/gconvfifo.rf/grf.rf/gntv_or_sync_fifo.gl0.rd/rpntr/gc0.count_d1_reg[4]) that has an active asychronous set or reset. This may cause corruption of the memory contents and/or read values when the set/reset is asserted and is not analyzed by the default static timing analysis. It is suggested to eliminate the use of a set/reset to registers driving this RAMB pin or else use a synchronous reset in which the assertion of the reset is timed by default.
Related violations: <none>

REQP-1839#19 Warning
RAMB36 async control check  
The RAMB36E1 zsys_i/ADC/fifo_generator_0/U0/inst_fifo_gen/gconvfifo.rf/grf.rf/gntv_or_sync_fifo.mem/gbm.gbmg.gbmga.ngecc.bmg/inst_blk_mem_gen/gnbram.gnativebmg.native_blk_mem_gen/valid.cstr/ramloop[0].ram.r/prim_noinit.ram/DEVICE_7SERIES.NO_BMM_INFO.SDP.SIMPLE_PRIM36.ram has an input control pin zsys_i/ADC/fifo_generator_0/U0/inst_fifo_gen/gconvfifo.rf/grf.rf/gntv_or_sync_fifo.mem/gbm.gbmg.gbmga.ngecc.bmg/inst_blk_mem_gen/gnbram.gnativebmg.native_blk_mem_gen/valid.cstr/ramloop[0].ram.r/prim_noinit.ram/DEVICE_7SERIES.NO_BMM_INFO.SDP.SIMPLE_PRIM36.ram/ADDRBWRADDR[8] (net: zsys_i/ADC/fifo_generator_0/U0/inst_fifo_gen/gconvfifo.rf/grf.rf/gntv_or_sync_fifo.mem/gbm.gbmg.gbmga.ngecc.bmg/inst_blk_mem_gen/gnbram.gnativebmg.native_blk_mem_gen/valid.cstr/ramloop[0].ram.r/prim_noinit.ram/gc0.count_d1_reg[11][5]) which is driven by a register (zsys_i/ADC/fifo_generator_0/U0/inst_fifo_gen/gconvfifo.rf/grf.rf/gntv_or_sync_fifo.gl0.rd/rpntr/gc0.count_d1_reg[5]) that has an active asychronous set or reset. This may cause corruption of the memory contents and/or read values when the set/reset is asserted and is not analyzed by the default static timing analysis. It is suggested to eliminate the use of a set/reset to registers driving this RAMB pin or else use a synchronous reset in which the assertion of the reset is timed by default.
Related violations: <none>

REQP-1839#20 Warning
RAMB36 async control check  
The RAMB36E1 zsys_i/ADC/fifo_generator_0/U0/inst_fifo_gen/gconvfifo.rf/grf.rf/gntv_or_sync_fifo.mem/gbm.gbmg.gbmga.ngecc.bmg/inst_blk_mem_gen/gnbram.gnativebmg.native_blk_mem_gen/valid.cstr/ramloop[0].ram.r/prim_noinit.ram/DEVICE_7SERIES.NO_BMM_INFO.SDP.SIMPLE_PRIM36.ram has an input control pin zsys_i/ADC/fifo_generator_0/U0/inst_fifo_gen/gconvfifo.rf/grf.rf/gntv_or_sync_fifo.mem/gbm.gbmg.gbmga.ngecc.bmg/inst_blk_mem_gen/gnbram.gnativebmg.native_blk_mem_gen/valid.cstr/ramloop[0].ram.r/prim_noinit.ram/DEVICE_7SERIES.NO_BMM_INFO.SDP.SIMPLE_PRIM36.ram/ADDRBWRADDR[9] (net: zsys_i/ADC/fifo_generator_0/U0/inst_fifo_gen/gconvfifo.rf/grf.rf/gntv_or_sync_fifo.mem/gbm.gbmg.gbmga.ngecc.bmg/inst_blk_mem_gen/gnbram.gnativebmg.native_blk_mem_gen/valid.cstr/ramloop[0].ram.r/prim_noinit.ram/gc0.count_d1_reg[11][6]) which is driven by a register (zsys_i/ADC/fifo_generator_0/U0/inst_fifo_gen/gconvfifo.rf/grf.rf/gntv_or_sync_fifo.gl0.rd/rpntr/gc0.count_d1_reg[6]) that has an active asychronous set or reset. This may cause corruption of the memory contents and/or read values when the set/reset is asserted and is not analyzed by the default static timing analysis. It is suggested to eliminate the use of a set/reset to registers driving this RAMB pin or else use a synchronous reset in which the assertion of the reset is timed by default.
Related violations: <none>

RTSTAT-10#1 Warning
No routable loads  
34 net(s) have no routable loads. The problem bus(es) and/or net(s) are dbg_hub/inst/BSCANID.u_xsdbm_id/CORE_XSDB.UUT_MASTER/U_ICON_INTERFACE/U_CMD6_RD/U_RD_FIFO/SUBCORE_FIFO.xsdbm_v3_0_0_rdfifo_inst/inst_fifo_gen/gconvfifo.rf/grf.rf/gntv_or_sync_fifo.gl0.rd/gr1.gr1_int.rfwft/aempty_fwft_i, dbg_hub/inst/BSCANID.u_xsdbm_id/CORE_XSDB.UUT_MASTER/U_ICON_INTERFACE/U_CMD7_CTL/ctl_reg[2:0], dbg_hub/inst/BSCANID.u_xsdbm_id/CORE_XSDB.UUT_MASTER/U_ICON_INTERFACE/U_CMD7_CTL/ctl_reg_en_2[1], dbg_hub/inst/BSCANID.u_xsdbm_id/CORE_XSDB.UUT_MASTER/U_ICON_INTERFACE/U_CMD1/ctl_reg_en_2[1], dbg_hub/inst/BSCANID.u_xsdbm_id/SWITCH_N_EXT_BSCAN.bscan_switch/m_bscan_capture[0], dbg_hub/inst/BSCANID.u_xsdbm_id/SWITCH_N_EXT_BSCAN.bscan_switch/m_bscan_drck[0], dbg_hub/inst/BSCANID.u_xsdbm_id/SWITCH_N_EXT_BSCAN.bscan_switch/m_bscan_runtest[0], zsys_i/ADC/AXI_ADC_1/U0/AXI_ADC_v3_0_S00_AXI_inst/Inst_ADC_readout_12bit/o_data_out_ch0[6], zsys_i/ADC/AXI_ADC_1/U0/AXI_ADC_v3_0_S00_AXI_inst/Inst_ADC_readout_12bit/o_data_out_ch0[7], zsys_i/ADC/AXI_ADC_1/U0/AXI_ADC_v3_0_S00_AXI_inst/Inst_ADC_readout_12bit/o_data_out_ch0[14], zsys_i/ADC/AXI_ADC_1/U0/AXI_ADC_v3_0_S00_AXI_inst/Inst_ADC_readout_12bit/o_data_out_ch0[15], dbg_hub/inst/BSCANID.u_xsdbm_id/CORE_XSDB.UUT_MASTER/U_ICON_INTERFACE/U_CMD6_WR/U_WR_FIFO/SUBCORE_FIFO.xsdbm_v3_0_0_wrfifo_inst/inst_fifo_gen/gconvfifo.rf/grf.rf/gntv_or_sync_fifo.gl0.wr/gwhf.whf/overflow, dbg_hub/inst/BSCANID.u_xsdbm_id/CORE_XSDB.UUT_MASTER/U_ICON_INTERFACE/U_CMD6_RD/U_RD_FIFO/SUBCORE_FIFO.xsdbm_v3_0_0_rdfifo_inst/inst_fifo_gen/gconvfifo.rf/grf.rf/gntv_or_sync_fifo.gl0.wr/gwhf.whf/overflow, zsys_i/fifo8b_2_axis_0/U0/fifo8b_2_axis_v1_0_M00_AXIS_inst/read_Fifo/U0/inst_fifo_gen/gconvfifo.rf/grf.rf/gntv_or_sync_fifo.gl0.wr/gwss.wsts/ram_afull_fb, zsys_i/fifo8b_2_axis_0/U0/fifo8b_2_axis_v1_0_M00_AXIS_inst/read_Fifo/U0/inst_fifo_gen/gconvfifo.rf/grf.rf/gntv_or_sync_fifo.gl0.wr/gwss.wsts/ram_afull_i (the first 15 of 32 listed).
Related violations: <none>

REQP-181#1 Advisory
writefirst  
Synchronous clocking is detected for BRAM (zsys_i/axi_dma_0/U0/I_PRMRY_DATAMOVER/GEN_MM2S_FULL.I_MM2S_FULL_WRAPPER/GEN_INCLUDE_MM2S_SF.I_RD_SF/I_DATA_FIFO/BLK_MEM.I_SYNC_FIFOGEN_FIFO/xpm_fifo_instance.xpm_fifo_sync_inst/xpm_fifo_base_inst/gen_sdpram.xpm_memory_base_inst/gen_wr_a.gen_word_narrow.mem_reg) in SDP mode with WRITE_FIRST write-mode. This is the preferred mode for best power characteristics, however it may exhibit address collisions if the same address appears on both read and write ports resulting in unknown or corrupted read data. It is suggested to confirm via simulation that an address collision never occurs and if so it is suggested to try and avoid this situation. If address collisions cannot be avoided, the write-mode may be set to READ_FIRST which guarantees that the read data is the prior contents of the memory at the cost of additional power in the design. See the FPGA Memory Resources User Guide for additional information.
Related violations: <none>

REQP-181#2 Advisory
writefirst  
Synchronous clocking is detected for BRAM (zsys_i/axi_dma_0/U0/I_PRMRY_DATAMOVER/GEN_S2MM_FULL.I_S2MM_FULL_WRAPPER/GEN_ENABLE_INDET_BTT_SF.I_INDET_BTT/I_DATA_FIFO/BLK_MEM.I_SYNC_FIFOGEN_FIFO/xpm_fifo_instance.xpm_fifo_sync_inst/xpm_fifo_base_inst/gen_sdpram.xpm_memory_base_inst/gen_wr_a.gen_word_narrow.mem_reg) in SDP mode with WRITE_FIRST write-mode. This is the preferred mode for best power characteristics, however it may exhibit address collisions if the same address appears on both read and write ports resulting in unknown or corrupted read data. It is suggested to confirm via simulation that an address collision never occurs and if so it is suggested to try and avoid this situation. If address collisions cannot be avoided, the write-mode may be set to READ_FIRST which guarantees that the read data is the prior contents of the memory at the cost of additional power in the design. See the FPGA Memory Resources User Guide for additional information.
Related violations: <none>


