15:51:22 INFO  : Registering command handlers for SDK TCF services
15:51:23 INFO  : Launching XSCT server: xsct.bat -interactive C:\Users\fbien.DESKTOP-6FMEAR7\Desktop\ATLAS_FPGA\Learning\zynq0409\zynq0409.sdk\temp_xsdb_launch_script.tcl
15:51:26 INFO  : XSCT server has started successfully.
15:51:27 INFO  : Successfully done setting XSCT server connection channel  
15:51:27 INFO  : Successfully done setting SDK workspace  
15:51:27 INFO  : Processing command line option -hwspec C:/Users/fbien.DESKTOP-6FMEAR7/Desktop/ATLAS_FPGA/Learning/zynq0409/zynq0409.sdk/design_1_wrapper.hdf.
15:55:29 INFO  : 'targets -set -filter {jtag_cable_name =~ "JTAG-ONB4 251633006FB3A" && level==0} -index 1' command is executed.
15:55:29 INFO  : 'fpga -state' command is executed.
15:55:29 INFO  : Connected to target on host '127.0.0.1' and port '3121'.
15:55:29 INFO  : Jtag cable 'JTAG-ONB4 251633006FB3A' is selected.
15:55:29 INFO  : 'jtag frequency' command is executed.
15:55:29 INFO  : Sourcing of 'C:/Users/fbien.DESKTOP-6FMEAR7/Desktop/ATLAS_FPGA/Learning/zynq0409/zynq0409.sdk/design_1_wrapper_hw_platform_0/ps7_init.tcl' is done.
15:55:29 INFO  : Context for 'APU' is selected.
15:55:29 INFO  : Hardware design information is loaded from 'C:/Users/fbien.DESKTOP-6FMEAR7/Desktop/ATLAS_FPGA/Learning/zynq0409/zynq0409.sdk/design_1_wrapper_hw_platform_0/system.hdf'.
15:55:29 INFO  : 'configparams force-mem-access 1' command is executed.
15:55:29 INFO  : Context for 'APU' is selected.
15:55:29 INFO  : 'stop' command is executed.
15:55:30 INFO  : 'ps7_init' command is executed.
15:55:30 INFO  : 'ps7_post_config' command is executed.
15:55:30 INFO  : Context for processor 'ps7_cortexa9_0' is selected.
15:55:30 INFO  : Processor reset is completed for 'ps7_cortexa9_0'.
15:55:30 INFO  : Context for processor 'ps7_cortexa9_0' is selected.
15:55:30 INFO  : The application 'C:/Users/fbien.DESKTOP-6FMEAR7/Desktop/ATLAS_FPGA/Learning/zynq0409/zynq0409.sdk/echo_tcp_c/Debug/echo_tcp_c.elf' is downloaded to processor 'ps7_cortexa9_0'.
15:55:30 INFO  : 'configparams force-mem-access 0' command is executed.
15:55:30 INFO  : ----------------XSDB Script----------------
connect -url tcp:127.0.0.1:3121
source C:/Users/fbien.DESKTOP-6FMEAR7/Desktop/ATLAS_FPGA/Learning/zynq0409/zynq0409.sdk/design_1_wrapper_hw_platform_0/ps7_init.tcl
targets -set -nocase -filter {name =~"APU*" && jtag_cable_name =~ "JTAG-ONB4 251633006FB3A"} -index 0
loadhw -hw C:/Users/fbien.DESKTOP-6FMEAR7/Desktop/ATLAS_FPGA/Learning/zynq0409/zynq0409.sdk/design_1_wrapper_hw_platform_0/system.hdf -mem-ranges [list {0x40000000 0xbfffffff}]
configparams force-mem-access 1
targets -set -nocase -filter {name =~"APU*" && jtag_cable_name =~ "JTAG-ONB4 251633006FB3A"} -index 0
stop
ps7_init
ps7_post_config
targets -set -nocase -filter {name =~ "ARM*#0" && jtag_cable_name =~ "JTAG-ONB4 251633006FB3A"} -index 0
rst -processor
targets -set -nocase -filter {name =~ "ARM*#0" && jtag_cable_name =~ "JTAG-ONB4 251633006FB3A"} -index 0
dow C:/Users/fbien.DESKTOP-6FMEAR7/Desktop/ATLAS_FPGA/Learning/zynq0409/zynq0409.sdk/echo_tcp_c/Debug/echo_tcp_c.elf
configparams force-mem-access 0
----------------End of Script----------------

15:55:31 INFO  : Memory regions updated for context APU
15:55:31 INFO  : Context for processor 'ps7_cortexa9_0' is selected.
15:55:31 INFO  : 'con' command is executed.
15:55:31 INFO  : ----------------XSDB Script (After Launch)----------------
targets -set -nocase -filter {name =~ "ARM*#0" && jtag_cable_name =~ "JTAG-ONB4 251633006FB3A"} -index 0
con
----------------End of Script----------------

15:55:31 INFO  : Launch script is exported to file 'C:\Users\fbien.DESKTOP-6FMEAR7\Desktop\ATLAS_FPGA\Learning\zynq0409\zynq0409.sdk\.sdk\launch_scripts\xilinx_c-c++_application_(system_debugger)\system_debugger_using_debug_echo_tcp_c.elf_on_local.tcl'
15:56:17 INFO  : Disconnected from the channel tcfchan#1.
15:56:18 INFO  : 'targets -set -filter {jtag_cable_name =~ "JTAG-ONB4 251633006FB3A" && level==0} -index 1' command is executed.
15:56:18 INFO  : 'fpga -state' command is executed.
15:56:18 INFO  : Connected to target on host '127.0.0.1' and port '3121'.
15:56:19 INFO  : Jtag cable 'JTAG-ONB4 251633006FB3A' is selected.
15:56:19 INFO  : 'jtag frequency' command is executed.
15:56:19 INFO  : Sourcing of 'C:/Users/fbien.DESKTOP-6FMEAR7/Desktop/ATLAS_FPGA/Learning/zynq0409/zynq0409.sdk/design_1_wrapper_hw_platform_0/ps7_init.tcl' is done.
15:56:19 INFO  : Context for 'APU' is selected.
15:56:21 INFO  : Hardware design information is loaded from 'C:/Users/fbien.DESKTOP-6FMEAR7/Desktop/ATLAS_FPGA/Learning/zynq0409/zynq0409.sdk/design_1_wrapper_hw_platform_0/system.hdf'.
15:56:21 INFO  : 'configparams force-mem-access 1' command is executed.
15:56:21 INFO  : Context for 'APU' is selected.
15:56:21 INFO  : 'stop' command is executed.
15:56:21 INFO  : 'ps7_init' command is executed.
15:56:21 INFO  : 'ps7_post_config' command is executed.
15:56:21 INFO  : Context for processor 'ps7_cortexa9_0' is selected.
15:56:21 INFO  : Processor reset is completed for 'ps7_cortexa9_0'.
15:56:22 INFO  : Context for processor 'ps7_cortexa9_0' is selected.
15:56:22 INFO  : The application 'C:/Users/fbien.DESKTOP-6FMEAR7/Desktop/ATLAS_FPGA/Learning/zynq0409/zynq0409.sdk/echo_tcp_c/Debug/echo_tcp_c.elf' is downloaded to processor 'ps7_cortexa9_0'.
15:56:22 INFO  : 'configparams force-mem-access 0' command is executed.
15:56:22 INFO  : ----------------XSDB Script----------------
connect -url tcp:127.0.0.1:3121
source C:/Users/fbien.DESKTOP-6FMEAR7/Desktop/ATLAS_FPGA/Learning/zynq0409/zynq0409.sdk/design_1_wrapper_hw_platform_0/ps7_init.tcl
targets -set -nocase -filter {name =~"APU*" && jtag_cable_name =~ "JTAG-ONB4 251633006FB3A"} -index 0
loadhw -hw C:/Users/fbien.DESKTOP-6FMEAR7/Desktop/ATLAS_FPGA/Learning/zynq0409/zynq0409.sdk/design_1_wrapper_hw_platform_0/system.hdf -mem-ranges [list {0x40000000 0xbfffffff}]
configparams force-mem-access 1
targets -set -nocase -filter {name =~"APU*" && jtag_cable_name =~ "JTAG-ONB4 251633006FB3A"} -index 0
stop
ps7_init
ps7_post_config
targets -set -nocase -filter {name =~ "ARM*#0" && jtag_cable_name =~ "JTAG-ONB4 251633006FB3A"} -index 0
rst -processor
targets -set -nocase -filter {name =~ "ARM*#0" && jtag_cable_name =~ "JTAG-ONB4 251633006FB3A"} -index 0
dow C:/Users/fbien.DESKTOP-6FMEAR7/Desktop/ATLAS_FPGA/Learning/zynq0409/zynq0409.sdk/echo_tcp_c/Debug/echo_tcp_c.elf
configparams force-mem-access 0
----------------End of Script----------------

15:56:22 INFO  : Memory regions updated for context APU
15:56:22 INFO  : Context for processor 'ps7_cortexa9_0' is selected.
15:56:22 INFO  : 'con' command is executed.
15:56:22 INFO  : ----------------XSDB Script (After Launch)----------------
targets -set -nocase -filter {name =~ "ARM*#0" && jtag_cable_name =~ "JTAG-ONB4 251633006FB3A"} -index 0
con
----------------End of Script----------------

15:56:22 INFO  : Launch script is exported to file 'C:\Users\fbien.DESKTOP-6FMEAR7\Desktop\ATLAS_FPGA\Learning\zynq0409\zynq0409.sdk\.sdk\launch_scripts\xilinx_c-c++_application_(system_debugger)\system_debugger_using_debug_echo_tcp_c.elf_on_local.tcl'
16:09:03 INFO  : Disconnected from the channel tcfchan#2.
16:09:04 INFO  : 'targets -set -filter {jtag_cable_name =~ "JTAG-ONB4 251633006FB3A" && level==0} -index 1' command is executed.
16:09:04 INFO  : 'fpga -state' command is executed.
16:09:04 INFO  : Connected to target on host '127.0.0.1' and port '3121'.
16:09:04 INFO  : Jtag cable 'JTAG-ONB4 251633006FB3A' is selected.
16:09:04 INFO  : 'jtag frequency' command is executed.
16:09:04 INFO  : Sourcing of 'C:/Users/fbien.DESKTOP-6FMEAR7/Desktop/ATLAS_FPGA/Learning/zynq0409/zynq0409.sdk/design_1_wrapper_hw_platform_0/ps7_init.tcl' is done.
16:09:05 INFO  : Context for 'APU' is selected.
16:09:07 INFO  : Hardware design information is loaded from 'C:/Users/fbien.DESKTOP-6FMEAR7/Desktop/ATLAS_FPGA/Learning/zynq0409/zynq0409.sdk/design_1_wrapper_hw_platform_0/system.hdf'.
16:09:07 INFO  : 'configparams force-mem-access 1' command is executed.
16:09:07 INFO  : Context for 'APU' is selected.
16:09:07 INFO  : 'stop' command is executed.
16:09:08 INFO  : 'ps7_init' command is executed.
16:09:08 INFO  : 'ps7_post_config' command is executed.
16:09:08 INFO  : Context for processor 'ps7_cortexa9_0' is selected.
16:09:08 INFO  : Processor reset is completed for 'ps7_cortexa9_0'.
16:09:08 INFO  : Context for processor 'ps7_cortexa9_0' is selected.
16:09:09 INFO  : The application 'C:/Users/fbien.DESKTOP-6FMEAR7/Desktop/ATLAS_FPGA/Learning/zynq0409/zynq0409.sdk/echo_tcp_c/Debug/echo_tcp_c.elf' is downloaded to processor 'ps7_cortexa9_0'.
16:09:09 INFO  : 'configparams force-mem-access 0' command is executed.
16:09:09 INFO  : ----------------XSDB Script----------------
connect -url tcp:127.0.0.1:3121
source C:/Users/fbien.DESKTOP-6FMEAR7/Desktop/ATLAS_FPGA/Learning/zynq0409/zynq0409.sdk/design_1_wrapper_hw_platform_0/ps7_init.tcl
targets -set -nocase -filter {name =~"APU*" && jtag_cable_name =~ "JTAG-ONB4 251633006FB3A"} -index 0
loadhw -hw C:/Users/fbien.DESKTOP-6FMEAR7/Desktop/ATLAS_FPGA/Learning/zynq0409/zynq0409.sdk/design_1_wrapper_hw_platform_0/system.hdf -mem-ranges [list {0x40000000 0xbfffffff}]
configparams force-mem-access 1
targets -set -nocase -filter {name =~"APU*" && jtag_cable_name =~ "JTAG-ONB4 251633006FB3A"} -index 0
stop
ps7_init
ps7_post_config
targets -set -nocase -filter {name =~ "ARM*#0" && jtag_cable_name =~ "JTAG-ONB4 251633006FB3A"} -index 0
rst -processor
targets -set -nocase -filter {name =~ "ARM*#0" && jtag_cable_name =~ "JTAG-ONB4 251633006FB3A"} -index 0
dow C:/Users/fbien.DESKTOP-6FMEAR7/Desktop/ATLAS_FPGA/Learning/zynq0409/zynq0409.sdk/echo_tcp_c/Debug/echo_tcp_c.elf
configparams force-mem-access 0
----------------End of Script----------------

16:09:09 INFO  : Memory regions updated for context APU
16:09:09 INFO  : Context for processor 'ps7_cortexa9_0' is selected.
16:09:09 INFO  : 'con' command is executed.
16:09:09 INFO  : ----------------XSDB Script (After Launch)----------------
targets -set -nocase -filter {name =~ "ARM*#0" && jtag_cable_name =~ "JTAG-ONB4 251633006FB3A"} -index 0
con
----------------End of Script----------------

16:09:09 INFO  : Launch script is exported to file 'C:\Users\fbien.DESKTOP-6FMEAR7\Desktop\ATLAS_FPGA\Learning\zynq0409\zynq0409.sdk\.sdk\launch_scripts\xilinx_c-c++_application_(system_debugger)\system_debugger_using_debug_echo_tcp_c.elf_on_local.tcl'
17:22:32 INFO  : Disconnected from the channel tcfchan#3.
