22:46:02 **** Build of configuration Debug for project 1mezz_uart_hw2 ****
make pre-build main-build 
a9-linaro-pre-build-step
' '
'Building file: ../src/ADC_driver.c'
'Invoking: ARM v7 gcc compiler'
arm-none-eabi-gcc -Wall -O0 -g3 -c -fmessage-length=0 -MT"src/ADC_driver.o" -mcpu=cortex-a9 -mfpu=vfpv3 -mfloat-abi=hard -I../../1mezz_uart_hw2_bsp/ps7_cortexa9_0/include -MMD -MP -MF"src/ADC_driver.d" -MT"src/ADC_driver.o" -o "src/ADC_driver.o" "../src/ADC_driver.c"
'Finished building: ../src/ADC_driver.c'
' '
'Building file: ../src/DRS4_driver.c'
'Invoking: ARM v7 gcc compiler'
arm-none-eabi-gcc -Wall -O0 -g3 -c -fmessage-length=0 -MT"src/DRS4_driver.o" -mcpu=cortex-a9 -mfpu=vfpv3 -mfloat-abi=hard -I../../1mezz_uart_hw2_bsp/ps7_cortexa9_0/include -MMD -MP -MF"src/DRS4_driver.d" -MT"src/DRS4_driver.o" -o "src/DRS4_driver.o" "../src/DRS4_driver.c"
In file included from ../src/DRS4_driver.c:8:0:
../src/DRS4_driver.h:15:2: warning: #warning CHECK FOR the right DRS4 base address the one xparameters is wrong [-Wcpp]
 #warning CHECK FOR the right DRS4 base address the one xparameters is wrong
  ^~~~~~~
'Finished building: ../src/DRS4_driver.c'
' '
'Building file: ../src/gpio_handler.c'
'Invoking: ARM v7 gcc compiler'
arm-none-eabi-gcc -Wall -O0 -g3 -c -fmessage-length=0 -MT"src/gpio_handler.o" -mcpu=cortex-a9 -mfpu=vfpv3 -mfloat-abi=hard -I../../1mezz_uart_hw2_bsp/ps7_cortexa9_0/include -MMD -MP -MF"src/gpio_handler.d" -MT"src/gpio_handler.o" -o "src/gpio_handler.o" "../src/gpio_handler.c"
'Finished building: ../src/gpio_handler.c'
' '
'Building file: ../src/i2c_access.c'
'Invoking: ARM v7 gcc compiler'
arm-none-eabi-gcc -Wall -O0 -g3 -c -fmessage-length=0 -MT"src/i2c_access.o" -mcpu=cortex-a9 -mfpu=vfpv3 -mfloat-abi=hard -I../../1mezz_uart_hw2_bsp/ps7_cortexa9_0/include -MMD -MP -MF"src/i2c_access.d" -MT"src/i2c_access.o" -o "src/i2c_access.o" "../src/i2c_access.c"
'Finished building: ../src/i2c_access.c'
' '
'Building file: ../src/main.c'
'Invoking: ARM v7 gcc compiler'
arm-none-eabi-gcc -Wall -O0 -g3 -c -fmessage-length=0 -MT"src/main.o" -mcpu=cortex-a9 -mfpu=vfpv3 -mfloat-abi=hard -I../../1mezz_uart_hw2_bsp/ps7_cortexa9_0/include -MMD -MP -MF"src/main.d" -MT"src/main.o" -o "src/main.o" "../src/main.c"
In file included from ../src/main.h:26:0,
                 from ../src/main.c:36:
../src/DRS4_driver.h:15:2: warning: #warning CHECK FOR the right DRS4 base address the one xparameters is wrong [-Wcpp]
 #warning CHECK FOR the right DRS4 base address the one xparameters is wrong
  ^~~~~~~
../src/main.c: In function 'main':
../src/main.c:70:16: warning: unused variable 'mac_ethernet_address' [-Wunused-variable]
  unsigned char mac_ethernet_address[] =
                ^~~~~~~~~~~~~~~~~~~~
../src/main.c: In function 'setup_system':
../src/main.c:137:2: warning: implicit declaration of function 'init_DACs'; did you mean 'setup_DACs'? [-Wimplicit-function-declaration]
  init_DACs();
  ^~~~~~~~~
  setup_DACs
../src/main.c:121:18: warning: unused variable 'Config' [-Wunused-variable]
  XUartPs_Config *Config;
                  ^~~~~~
../src/main.c: At top level:
../src/main.c:151:6: warning: conflicting types for 'init_DACs'
 void init_DACs()
      ^~~~~~~~~
../src/main.c:137:2: note: previous implicit declaration of 'init_DACs' was here
  init_DACs();
  ^~~~~~~~~
../src/main.c: In function 'setup_DACs':
../src/main.c:169:6: warning: unused variable 'state' [-Wunused-variable]
  u32 state;
      ^~~~~
../src/main.c: In function 'main':
../src/main.c:77:2: warning: 'Status' is used uninitialized in this function [-Wuninitialized]
  xil_printf("\n\n-----Status setup interrupts: %d-----\n\n ",Status);
  ^~~~~~~~~~~~~~~~~~~~~~~~~~~~~~~~~~~~~~~~~~~~~~~~~~~~~~~~~~~~~~~~~~~
'Finished building: ../src/main.c'
' '
'Building target: 1mezz_uart_hw2.elf'
'Invoking: ARM v7 gcc linker'
arm-none-eabi-gcc -mcpu=cortex-a9 -mfpu=vfpv3 -mfloat-abi=hard -Wl,-build-id=none -specs=Xilinx.spec -Wl,-T -Wl,../src/lscript.ld -L../../1mezz_uart_hw2_bsp/ps7_cortexa9_0/lib -o "1mezz_uart_hw2.elf"  ./src/ADC_driver.o ./src/DRS4_driver.o ./src/gpio_handler.o ./src/i2c_access.o ./src/main.o ./src/platform.o ./src/platform_mb.o ./src/platform_ppc.o   -Wl,--start-group,-lxil,-lgcc,-lc,--end-group
'Finished building target: 1mezz_uart_hw2.elf'
' '
'Invoking: ARM v7 Print Size'
arm-none-eabi-size 1mezz_uart_hw2.elf  |tee "1mezz_uart_hw2.elf.size"
   text	   data	    bss	    dec	    hex	filename
  28048	   1288	  28872	  58208	   e360	1mezz_uart_hw2.elf
'Finished building: 1mezz_uart_hw2.elf.size'
' '

22:46:03 Build Finished (took 1s.508ms)

